RUN	performance.BasicScript	basicscript	1614648905668	 	3.3.1
USER	Friendly and CLosed Scenario	8	START	1614648907251	1614648907251
USER	Friendly and CLosed Scenario	11	START	1614648907265	1614648907265
USER	Friendly and CLosed Scenario	13	START	1614648907295	1614648907295
USER	Friendly and CLosed Scenario	14	START	1614648907296	1614648907296
USER	Friendly and CLosed Scenario	15	START	1614648907297	1614648907297
USER	Friendly and CLosed Scenario	16	START	1614648907298	1614648907298
USER	Friendly and CLosed Scenario	17	START	1614648907298	1614648907298
USER	Friendly and CLosed Scenario	3	START	1614648907250	1614648907250
USER	Friendly and CLosed Scenario	18	START	1614648907299	1614648907299
USER	Friendly and CLosed Scenario	20	START	1614648907300	1614648907300
USER	Friendly and CLosed Scenario	19	START	1614648907300	1614648907300
USER	Friendly and CLosed Scenario	21	START	1614648907301	1614648907301
USER	Friendly and CLosed Scenario	22	START	1614648907301	1614648907301
USER	Friendly and CLosed Scenario	24	START	1614648907301	1614648907301
USER	Friendly and CLosed Scenario	9	START	1614648907251	1614648907251
USER	Friendly and CLosed Scenario	25	START	1614648907302	1614648907302
USER	Friendly and CLosed Scenario	26	START	1614648907302	1614648907302
USER	Friendly and CLosed Scenario	27	START	1614648907303	1614648907303
USER	Friendly and CLosed Scenario	28	START	1614648907303	1614648907303
USER	Friendly and CLosed Scenario	29	START	1614648907304	1614648907304
USER	Friendly and CLosed Scenario	30	START	1614648907304	1614648907304
USER	Friendly and CLosed Scenario	31	START	1614648907304	1614648907304
USER	Friendly and CLosed Scenario	32	START	1614648907305	1614648907305
USER	Friendly and CLosed Scenario	10	START	1614648907252	1614648907252
USER	Friendly and CLosed Scenario	34	START	1614648907306	1614648907306
USER	Friendly and CLosed Scenario	35	START	1614648907306	1614648907306
USER	Friendly and CLosed Scenario	36	START	1614648907306	1614648907306
USER	Friendly and CLosed Scenario	37	START	1614648907307	1614648907307
USER	Friendly and CLosed Scenario	38	START	1614648907308	1614648907308
USER	Friendly and CLosed Scenario	40	START	1614648907308	1614648907308
USER	Friendly and CLosed Scenario	39	START	1614648907308	1614648907308
USER	Friendly and CLosed Scenario	41	START	1614648907308	1614648907308
USER	Friendly and CLosed Scenario	42	START	1614648907309	1614648907309
USER	Friendly and CLosed Scenario	43	START	1614648907309	1614648907309
USER	Friendly and CLosed Scenario	44	START	1614648907309	1614648907309
USER	Friendly and CLosed Scenario	46	START	1614648907309	1614648907309
USER	Friendly and CLosed Scenario	45	START	1614648907309	1614648907309
USER	Friendly and CLosed Scenario	47	START	1614648907310	1614648907310
USER	Friendly and CLosed Scenario	49	START	1614648907310	1614648907310
USER	Friendly and CLosed Scenario	48	START	1614648907310	1614648907310
USER	Friendly and CLosed Scenario	51	START	1614648907310	1614648907310
USER	Friendly and CLosed Scenario	52	START	1614648907310	1614648907310
USER	Friendly and CLosed Scenario	50	START	1614648907310	1614648907310
USER	Friendly and CLosed Scenario	54	START	1614648907311	1614648907311
USER	Friendly and CLosed Scenario	53	START	1614648907311	1614648907311
USER	Friendly and CLosed Scenario	23	START	1614648907301	1614648907301
USER	Friendly and CLosed Scenario	56	START	1614648907312	1614648907312
USER	Friendly and CLosed Scenario	57	START	1614648907313	1614648907313
USER	Friendly and CLosed Scenario	58	START	1614648907314	1614648907314
USER	Friendly and CLosed Scenario	33	START	1614648907305	1614648907305
USER	Friendly and CLosed Scenario	55	START	1614648907312	1614648907312
USER	Friendly and CLosed Scenario	60	START	1614648907316	1614648907316
USER	Friendly and CLosed Scenario	61	START	1614648907317	1614648907317
USER	Friendly and CLosed Scenario	62	START	1614648907317	1614648907317
USER	Friendly and CLosed Scenario	64	START	1614648907318	1614648907318
USER	Friendly and CLosed Scenario	65	START	1614648907319	1614648907319
USER	Friendly and CLosed Scenario	66	START	1614648907319	1614648907319
USER	Friendly and CLosed Scenario	7	START	1614648907251	1614648907251
USER	Friendly and CLosed Scenario	12	START	1614648907268	1614648907268
USER	Friendly and CLosed Scenario	59	START	1614648907315	1614648907315
USER	Friendly and CLosed Scenario	68	START	1614648907320	1614648907320
USER	Friendly and CLosed Scenario	70	START	1614648907321	1614648907321
USER	Friendly and CLosed Scenario	72	START	1614648907322	1614648907322
USER	Friendly and CLosed Scenario	73	START	1614648907323	1614648907323
USER	Friendly and CLosed Scenario	71	START	1614648907321	1614648907321
USER	Friendly and CLosed Scenario	69	START	1614648907320	1614648907320
USER	Friendly and CLosed Scenario	63	START	1614648907317	1614648907317
USER	Friendly and CLosed Scenario	75	START	1614648907325	1614648907325
USER	Friendly and CLosed Scenario	78	START	1614648907327	1614648907327
USER	Friendly and CLosed Scenario	76	START	1614648907326	1614648907326
USER	Friendly and CLosed Scenario	79	START	1614648907327	1614648907327
USER	Friendly and CLosed Scenario	80	START	1614648907327	1614648907327
USER	Friendly and CLosed Scenario	82	START	1614648907328	1614648907328
USER	Friendly and CLosed Scenario	81	START	1614648907328	1614648907328
USER	Friendly and CLosed Scenario	77	START	1614648907326	1614648907326
USER	Friendly and CLosed Scenario	83	START	1614648907328	1614648907328
USER	Friendly and CLosed Scenario	84	START	1614648907328	1614648907328
USER	Friendly and CLosed Scenario	85	START	1614648907329	1614648907329
USER	Friendly and CLosed Scenario	87	START	1614648907329	1614648907329
USER	Friendly and CLosed Scenario	86	START	1614648907329	1614648907329
USER	Friendly and CLosed Scenario	89	START	1614648907329	1614648907329
USER	Friendly and CLosed Scenario	88	START	1614648907329	1614648907329
USER	Friendly and CLosed Scenario	92	START	1614648907330	1614648907330
USER	Friendly and CLosed Scenario	90	START	1614648907330	1614648907330
USER	Friendly and CLosed Scenario	93	START	1614648907330	1614648907330
USER	Friendly and CLosed Scenario	95	START	1614648907331	1614648907331
USER	Friendly and CLosed Scenario	94	START	1614648907330	1614648907330
USER	Friendly and CLosed Scenario	98	START	1614648907331	1614648907331
USER	Friendly and CLosed Scenario	97	START	1614648907331	1614648907331
USER	Friendly and CLosed Scenario	96	START	1614648907331	1614648907331
USER	Friendly and CLosed Scenario	99	START	1614648907332	1614648907332
USER	Friendly and CLosed Scenario	100	START	1614648907332	1614648907332
USER	Friendly and CLosed Scenario	67	START	1614648907320	1614648907320
USER	Not Friendly and Open Scenario	102	START	1614648907332	1614648907332
USER	Not Friendly and Open Scenario	103	START	1614648907332	1614648907332
USER	Not Friendly and Open Scenario	104	START	1614648907333	1614648907333
USER	Not Friendly and Open Scenario	105	START	1614648907333	1614648907333
USER	Not Friendly and Open Scenario	106	START	1614648907333	1614648907333
USER	Not Friendly and Open Scenario	107	START	1614648907333	1614648907333
USER	Not Friendly and Open Scenario	108	START	1614648907334	1614648907334
USER	Not Friendly and Open Scenario	109	START	1614648907334	1614648907334
USER	Not Friendly and Open Scenario	110	START	1614648907334	1614648907334
USER	Not Friendly and Open Scenario	111	START	1614648907334	1614648907334
USER	Friendly and CLosed Scenario	91	START	1614648907330	1614648907330
USER	Not Friendly and Open Scenario	101	START	1614648907332	1614648907332
USER	Friendly and CLosed Scenario	74	START	1614648907324	1614648907324
USER	Friendly and CLosed Scenario	2	START	1614648907250	1614648907250
USER	Friendly and CLosed Scenario	5	START	1614648907251	1614648907251
USER	Friendly and CLosed Scenario	6	START	1614648907251	1614648907251
USER	Friendly and CLosed Scenario	1	START	1614648907250	1614648907250
USER	Friendly and CLosed Scenario	4	START	1614648907250	1614648907250
USER	Not Friendly and Open Scenario	112	START	1614648908255	1614648908255
REQUEST	11		request_1	1614648907293	1614648908501	OK	 
REQUEST	13		request_1	1614648907297	1614648908503	OK	 
REQUEST	10		request_1	1614648907306	1614648908502	OK	 
REQUEST	8		request_1	1614648907293	1614648908503	OK	 
REQUEST	25		request_1	1614648907303	1614648908519	OK	 
REQUEST	86		request_1	1614648907330	1614648908501	OK	 
REQUEST	42		request_1	1614648907309	1614648908545	OK	 
REQUEST	14		request_1	1614648907297	1614648908545	OK	 
REQUEST	40		request_1	1614648907308	1614648908545	OK	 
REQUEST	102		request_1	1614648907333	1614648908546	OK	 
REQUEST	66		request_1	1614648907320	1614648908546	OK	 
REQUEST	16		request_1	1614648907298	1614648908546	OK	 
REQUEST	50		request_1	1614648907311	1614648908546	OK	 
REQUEST	46		request_1	1614648907310	1614648908546	OK	 
REQUEST	88		request_1	1614648907330	1614648908547	OK	 
REQUEST	98		request_1	1614648907332	1614648908547	OK	 
REQUEST	70		request_1	1614648907322	1614648908547	OK	 
REQUEST	56		request_1	1614648907313	1614648908547	OK	 
REQUEST	39		request_1	1614648907308	1614648908502	OK	 
REQUEST	47		request_1	1614648907310	1614648908549	OK	 
REQUEST	95		request_1	1614648907331	1614648908550	OK	 
REQUEST	31		request_1	1614648907305	1614648908551	OK	 
REQUEST	78		request_1	1614648907327	1614648908553	OK	 
REQUEST	89		request_1	1614648907330	1614648908553	OK	 
REQUEST	30		request_1	1614648907305	1614648908553	OK	 
REQUEST	105		request_1	1614648907333	1614648908553	OK	 
REQUEST	62		request_1	1614648907318	1614648908554	OK	 
REQUEST	65		request_1	1614648907319	1614648908554	OK	 
REQUEST	9		request_1	1614648907302	1614648908555	OK	 
REQUEST	38		request_1	1614648907308	1614648908555	OK	 
REQUEST	3		request_1	1614648907293	1614648908555	OK	 
REQUEST	58		request_1	1614648907315	1614648908548	OK	 
REQUEST	64		request_1	1614648907318	1614648908558	OK	 
REQUEST	32		request_1	1614648907306	1614648908559	OK	 
REQUEST	26		request_1	1614648907303	1614648908558	OK	 
REQUEST	35		request_1	1614648907307	1614648908560	OK	 
REQUEST	107		request_1	1614648907334	1614648908561	OK	 
REQUEST	29		request_1	1614648907304	1614648908561	OK	 
REQUEST	45		request_1	1614648907310	1614648908561	OK	 
REQUEST	19		request_1	1614648907301	1614648908561	OK	 
REQUEST	110		request_1	1614648907335	1614648908561	OK	 
REQUEST	93		request_1	1614648907331	1614648908562	OK	 
REQUEST	21		request_1	1614648907301	1614648908563	OK	 
REQUEST	48		request_1	1614648907310	1614648908563	OK	 
REQUEST	5		request_1	1614648907293	1614648908564	OK	 
REQUEST	61		request_1	1614648907317	1614648908569	OK	 
REQUEST	37		request_1	1614648907307	1614648908571	OK	 
REQUEST	111		request_1	1614648907336	1614648908552	OK	 
REQUEST	69		request_1	1614648907326	1614648908572	OK	 
REQUEST	101		request_1	1614648907336	1614648908572	OK	 
REQUEST	53		request_1	1614648907312	1614648908573	OK	 
REQUEST	51		request_1	1614648907311	1614648908571	OK	 
REQUEST	85		request_1	1614648907329	1614648908574	OK	 
REQUEST	77		request_1	1614648907329	1614648908575	OK	 
REQUEST	94		request_1	1614648907331	1614648908574	OK	 
REQUEST	6		request_1	1614648907293	1614648908576	OK	 
REQUEST	80		request_1	1614648907328	1614648908578	OK	 
REQUEST	71		request_1	1614648907325	1614648908574	OK	 
REQUEST	87		request_1	1614648907330	1614648908583	OK	 
REQUEST	52		request_1	1614648907311	1614648908496	OK	 
REQUEST	63		request_1	1614648907326	1614648908584	OK	 
REQUEST	99		request_1	1614648907332	1614648908585	OK	 
REQUEST	84		request_1	1614648907329	1614648908585	OK	 
REQUEST	23		request_1	1614648907312	1614648908585	OK	 
REQUEST	59		request_1	1614648907321	1614648908585	OK	 
REQUEST	81		request_1	1614648907328	1614648908556	OK	 
REQUEST	20		request_1	1614648907301	1614648908586	OK	 
REQUEST	15		request_1	1614648907297	1614648908586	OK	 
REQUEST	43		request_1	1614648907309	1614648908586	OK	 
REQUEST	97		request_1	1614648907332	1614648908586	OK	 
REQUEST	79		request_1	1614648907328	1614648908586	OK	 
REQUEST	7		request_1	1614648907296	1614648908587	OK	 
REQUEST	103		request_1	1614648907333	1614648908587	OK	 
REQUEST	1		request_1	1614648907293	1614648908589	OK	 
REQUEST	75		request_1	1614648907326	1614648908589	OK	 
REQUEST	91		request_1	1614648907336	1614648908590	OK	 
REQUEST	49		request_1	1614648907310	1614648908590	OK	 
REQUEST	27		request_1	1614648907303	1614648908590	OK	 
REQUEST	83		request_1	1614648907329	1614648908591	OK	 
REQUEST	100		request_1	1614648907332	1614648908586	OK	 
REQUEST	17		request_1	1614648907299	1614648908592	OK	 
REQUEST	4		request_1	1614648907293	1614648908592	OK	 
REQUEST	109		request_1	1614648907334	1614648908576	OK	 
REQUEST	55		request_1	1614648907316	1614648908588	OK	 
REQUEST	106		request_1	1614648907333	1614648908560	OK	 
REQUEST	33		request_1	1614648907306	1614648908593	OK	 
REQUEST	44		request_1	1614648907310	1614648908593	OK	 
REQUEST	67		request_1	1614648907333	1614648908592	OK	 
REQUEST	76		request_1	1614648907327	1614648908593	OK	 
REQUEST	73		request_1	1614648907324	1614648908593	OK	 
REQUEST	2		request_1	1614648907296	1614648908593	OK	 
REQUEST	28		request_1	1614648907304	1614648908594	OK	 
REQUEST	57		request_1	1614648907314	1614648908594	OK	 
REQUEST	90		request_1	1614648907330	1614648908594	OK	 
REQUEST	68		request_1	1614648907321	1614648908594	OK	 
REQUEST	18		request_1	1614648907300	1614648908594	OK	 
REQUEST	41		request_1	1614648907309	1614648908594	OK	 
REQUEST	74		request_1	1614648907337	1614648908595	OK	 
REQUEST	108		request_1	1614648907334	1614648908595	OK	 
REQUEST	34		request_1	1614648907306	1614648908596	OK	 
REQUEST	92		request_1	1614648907330	1614648908596	OK	 
REQUEST	60		request_1	1614648907317	1614648908596	OK	 
REQUEST	82		request_1	1614648907328	1614648908596	OK	 
REQUEST	36		request_1	1614648907307	1614648908597	OK	 
REQUEST	12		request_1	1614648907320	1614648908597	OK	 
REQUEST	22		request_1	1614648907301	1614648908598	OK	 
REQUEST	54		request_1	1614648907312	1614648908599	OK	 
REQUEST	104		request_1	1614648907333	1614648908601	OK	 
REQUEST	24		request_1	1614648907302	1614648908602	OK	 
REQUEST	112		request_1	1614648908257	1614648908602	OK	 
REQUEST	96		request_1	1614648907332	1614648908603	OK	 
REQUEST	72		request_1	1614648907323	1614648908604	OK	 
USER	Not Friendly and Open Scenario	113	START	1614648909255	1614648909255
REQUEST	113		request_1	1614648909257	1614648909276	OK	 
USER	Not Friendly and Open Scenario	114	START	1614648910245	1614648910245
REQUEST	114		request_1	1614648910247	1614648910263	OK	 
USER	Not Friendly and Open Scenario	115	START	1614648911245	1614648911245
REQUEST	115		request_1	1614648911247	1614648911262	OK	 
USER	Not Friendly and Open Scenario	116	START	1614648912245	1614648912245
REQUEST	116		request_1	1614648912246	1614648912261	OK	 
USER	Not Friendly and Open Scenario	117	START	1614648913245	1614648913245
REQUEST	117		request_1	1614648913245	1614648913251	OK	 
USER	Not Friendly and Open Scenario	118	START	1614648914245	1614648914245
REQUEST	118		request_1	1614648914246	1614648914254	OK	 
USER	Not Friendly and Open Scenario	119	START	1614648915245	1614648915245
REQUEST	119		request_1	1614648915247	1614648915263	OK	 
USER	Not Friendly and Open Scenario	120	START	1614648916245	1614648916245
REQUEST	120		request_1	1614648916247	1614648916263	OK	 
USER	Not Friendly and Open Scenario	121	START	1614648917235	1614648917235
REQUEST	121		request_1	1614648917237	1614648917265	OK	 
USER	Not Friendly and Open Scenario	122	START	1614648917445	1614648917445
REQUEST	122		request_1	1614648917445	1614648917451	OK	 
USER	Not Friendly and Open Scenario	123	START	1614648917645	1614648917645
REQUEST	123		request_1	1614648917646	1614648917663	OK	 
USER	Not Friendly and Open Scenario	124	START	1614648917845	1614648917845
REQUEST	124		request_1	1614648917846	1614648917860	OK	 
USER	Not Friendly and Open Scenario	125	START	1614648918045	1614648918045
REQUEST	125		request_1	1614648918047	1614648918062	OK	 
USER	Not Friendly and Open Scenario	126	START	1614648918245	1614648918245
REQUEST	126		request_1	1614648918247	1614648918263	OK	 
USER	Not Friendly and Open Scenario	127	START	1614648918445	1614648918445
REQUEST	127		request_1	1614648918447	1614648918473	OK	 
REQUEST	52		request_2	1614648918516	1614648918535	OK	 
USER	Friendly and CLosed Scenario	52	END	1614648907310	1614648918555
REQUEST	39		request_2	1614648918527	1614648918562	OK	 
REQUEST	10		request_2	1614648918526	1614648918562	OK	 
USER	Friendly and CLosed Scenario	39	END	1614648907308	1614648918563
REQUEST	86		request_2	1614648918526	1614648918564	OK	 
USER	Friendly and CLosed Scenario	10	END	1614648907252	1614648918563
USER	Friendly and CLosed Scenario	86	END	1614648907329	1614648918564
REQUEST	8		request_2	1614648918537	1614648918572	OK	 
REQUEST	13		request_2	1614648918545	1614648918573	OK	 
USER	Friendly and CLosed Scenario	8	END	1614648907251	1614648918574
USER	Friendly and CLosed Scenario	13	END	1614648907295	1614648918574
REQUEST	11		request_2	1614648918545	1614648918575	OK	 
USER	Friendly and CLosed Scenario	11	END	1614648907265	1614648918576
REQUEST	25		request_2	1614648918546	1614648918579	OK	 
USER	Friendly and CLosed Scenario	25	END	1614648907302	1614648918583
REQUEST	26		request_2	1614648918577	1614648918597	OK	 
USER	Friendly and CLosed Scenario	26	END	1614648907302	1614648918599
REQUEST	106		request_2	1614648918577	1614648918603	OK	 
USER	Not Friendly and Open Scenario	106	END	1614648907333	1614648918603
REQUEST	105		request_2	1614648918566	1614648918621	OK	 
USER	Not Friendly and Open Scenario	105	END	1614648907333	1614648918622
REQUEST	95		request_2	1614648918566	1614648918623	OK	 
USER	Friendly and CLosed Scenario	95	END	1614648907331	1614648918627
REQUEST	42		request_2	1614648918565	1614648918627	OK	 
USER	Friendly and CLosed Scenario	42	END	1614648907309	1614648918628
REQUEST	89		request_2	1614648918566	1614648918630	OK	 
USER	Friendly and CLosed Scenario	89	END	1614648907329	1614648918631
REQUEST	66		request_2	1614648918565	1614648918634	OK	 
REQUEST	35		request_2	1614648918577	1614648918634	OK	 
USER	Friendly and CLosed Scenario	35	END	1614648907306	1614648918635
USER	Friendly and CLosed Scenario	66	END	1614648907319	1614648918635
REQUEST	47		request_2	1614648918566	1614648918635	OK	 
USER	Friendly and CLosed Scenario	47	END	1614648907310	1614648918636
REQUEST	40		request_2	1614648918565	1614648918638	OK	 
USER	Friendly and CLosed Scenario	40	END	1614648907308	1614648918639
REQUEST	31		request_2	1614648918566	1614648918637	OK	 
REQUEST	32		request_2	1614648918577	1614648918640	OK	 
REQUEST	98		request_2	1614648918566	1614648918642	OK	 
USER	Friendly and CLosed Scenario	32	END	1614648907305	1614648918642
USER	Friendly and CLosed Scenario	98	END	1614648907331	1614648918643
USER	Friendly and CLosed Scenario	31	END	1614648907304	1614648918643
USER	Not Friendly and Open Scenario	128	START	1614648918646	1614648918646
REQUEST	29		request_2	1614648918577	1614648918694	OK	 
USER	Friendly and CLosed Scenario	29	END	1614648907304	1614648918694
REQUEST	107		request_2	1614648918577	1614648918694	OK	 
USER	Not Friendly and Open Scenario	107	END	1614648907333	1614648918695
REQUEST	45		request_2	1614648918577	1614648918695	OK	 
USER	Friendly and CLosed Scenario	45	END	1614648907309	1614648918696
REQUEST	88		request_2	1614648918566	1614648918694	OK	 
REQUEST	93		request_2	1614648918577	1614648918696	OK	 
USER	Friendly and CLosed Scenario	93	END	1614648907330	1614648918697
USER	Friendly and CLosed Scenario	88	END	1614648907329	1614648918697
REQUEST	65		request_2	1614648918577	1614648918698	OK	 
USER	Friendly and CLosed Scenario	65	END	1614648907319	1614648918700
REQUEST	111		request_2	1614648918566	1614648918700	OK	 
USER	Not Friendly and Open Scenario	111	END	1614648907334	1614648918702
REQUEST	9		request_2	1614648918577	1614648918706	OK	 
USER	Friendly and CLosed Scenario	9	END	1614648907251	1614648918706
REQUEST	101		request_2	1614648918586	1614648918709	OK	 
USER	Not Friendly and Open Scenario	101	END	1614648907332	1614648918710
REQUEST	16		request_2	1614648918565	1614648918712	OK	 
USER	Friendly and CLosed Scenario	16	END	1614648907298	1614648918712
REQUEST	58		request_2	1614648918566	1614648918718	OK	 
USER	Friendly and CLosed Scenario	58	END	1614648907314	1614648918719
REQUEST	21		request_2	1614648918577	1614648918732	OK	 
USER	Friendly and CLosed Scenario	21	END	1614648907301	1614648918733
REQUEST	102		request_2	1614648918565	1614648918734	OK	 
USER	Not Friendly and Open Scenario	102	END	1614648907332	1614648918735
REQUEST	48		request_2	1614648918585	1614648918737	OK	 
REQUEST	81		request_2	1614648918566	1614648918737	OK	 
USER	Friendly and CLosed Scenario	48	END	1614648907310	1614648918738
USER	Friendly and CLosed Scenario	81	END	1614648907328	1614648918738
REQUEST	64		request_2	1614648918577	1614648918738	OK	 
REQUEST	70		request_2	1614648918566	1614648918738	OK	 
USER	Friendly and CLosed Scenario	64	END	1614648907318	1614648918739
USER	Friendly and CLosed Scenario	70	END	1614648907321	1614648918739
REQUEST	19		request_2	1614648918577	1614648918740	OK	 
REQUEST	77		request_2	1614648918586	1614648918740	OK	 
USER	Friendly and CLosed Scenario	19	END	1614648907300	1614648918741
USER	Friendly and CLosed Scenario	77	END	1614648907326	1614648918741
REQUEST	5		request_2	1614648918585	1614648918742	OK	 
REQUEST	78		request_2	1614648918566	1614648918742	OK	 
USER	Friendly and CLosed Scenario	78	END	1614648907327	1614648918743
REQUEST	94		request_2	1614648918586	1614648918743	OK	 
USER	Friendly and CLosed Scenario	94	END	1614648907330	1614648918744
USER	Friendly and CLosed Scenario	5	END	1614648907251	1614648918744
REQUEST	75		request_2	1614648918597	1614648918744	OK	 
REQUEST	62		request_2	1614648918577	1614648918744	OK	 
USER	Friendly and CLosed Scenario	75	END	1614648907325	1614648918744
USER	Friendly and CLosed Scenario	62	END	1614648907317	1614648918745
REQUEST	14		request_2	1614648918565	1614648918745	OK	 
USER	Friendly and CLosed Scenario	14	END	1614648907296	1614648918746
REQUEST	38		request_2	1614648918577	1614648918746	OK	 
REQUEST	1		request_2	1614648918597	1614648918748	OK	 
USER	Friendly and CLosed Scenario	38	END	1614648907308	1614648918747
REQUEST	50		request_2	1614648918565	1614648918748	OK	 
USER	Friendly and CLosed Scenario	1	END	1614648907250	1614648918749
USER	Friendly and CLosed Scenario	50	END	1614648907310	1614648918749
REQUEST	56		request_2	1614648918566	1614648918749	OK	 
USER	Friendly and CLosed Scenario	56	END	1614648907312	1614648918750
REQUEST	33		request_2	1614648918605	1614648918751	OK	 
USER	Friendly and CLosed Scenario	33	END	1614648907305	1614648918751
REQUEST	79		request_2	1614648918597	1614648918758	OK	 
USER	Friendly and CLosed Scenario	79	END	1614648907327	1614648918758
REQUEST	51		request_2	1614648918586	1614648918759	OK	 
USER	Friendly and CLosed Scenario	51	END	1614648907310	1614648918759
REQUEST	53		request_2	1614648918586	1614648918758	OK	 
USER	Friendly and CLosed Scenario	53	END	1614648907311	1614648918760
REQUEST	20		request_2	1614648918597	1614648918761	OK	 
USER	Friendly and CLosed Scenario	20	END	1614648907300	1614648918762
REQUEST	2		request_2	1614648918606	1614648918766	OK	 
REQUEST	4		request_2	1614648918598	1614648918767	OK	 
USER	Friendly and CLosed Scenario	2	END	1614648907250	1614648918767
USER	Friendly and CLosed Scenario	4	END	1614648907250	1614648918767
REQUEST	57		request_2	1614648918606	1614648918768	OK	 
USER	Friendly and CLosed Scenario	57	END	1614648907313	1614648918769
REQUEST	109		request_2	1614648918598	1614648918770	OK	 
REQUEST	90		request_2	1614648918606	1614648918770	OK	 
REQUEST	15		request_2	1614648918597	1614648918772	OK	 
USER	Friendly and CLosed Scenario	90	END	1614648907330	1614648918771
USER	Friendly and CLosed Scenario	15	END	1614648907297	1614648918773
REQUEST	43		request_2	1614648918597	1614648918771	OK	 
USER	Friendly and CLosed Scenario	43	END	1614648907309	1614648918774
REQUEST	91		request_2	1614648918597	1614648918774	OK	 
USER	Friendly and CLosed Scenario	91	END	1614648907330	1614648918775
USER	Not Friendly and Open Scenario	109	END	1614648907334	1614648918775
REQUEST	73		request_2	1614648918605	1614648918775	OK	 
REQUEST	7		request_2	1614648918597	1614648918775	OK	 
REQUEST	37		request_2	1614648918586	1614648918775	OK	 
USER	Friendly and CLosed Scenario	73	END	1614648907323	1614648918775
USER	Friendly and CLosed Scenario	37	END	1614648907307	1614648918775
REQUEST	71		request_2	1614648918595	1614648918777	OK	 
REQUEST	17		request_2	1614648918597	1614648918778	OK	 
USER	Friendly and CLosed Scenario	7	END	1614648907251	1614648918777
USER	Friendly and CLosed Scenario	71	END	1614648907321	1614648918778
USER	Friendly and CLosed Scenario	17	END	1614648907298	1614648918779
REQUEST	99		request_2	1614648918599	1614648918780	OK	 
REQUEST	49		request_2	1614648918597	1614648918780	OK	 
USER	Friendly and CLosed Scenario	99	END	1614648907332	1614648918781
USER	Friendly and CLosed Scenario	49	END	1614648907310	1614648918781
REQUEST	63		request_2	1614648918596	1614648918781	OK	 
REQUEST	83		request_2	1614648918597	1614648918782	OK	 
USER	Friendly and CLosed Scenario	83	END	1614648907328	1614648918782
USER	Friendly and CLosed Scenario	63	END	1614648907317	1614648918783
REQUEST	100		request_2	1614648918597	1614648918783	OK	 
REQUEST	55		request_2	1614648918605	1614648918783	OK	 
USER	Friendly and CLosed Scenario	55	END	1614648907312	1614648918784
USER	Friendly and CLosed Scenario	100	END	1614648907332	1614648918784
REQUEST	59		request_2	1614648918597	1614648918792	OK	 
REQUEST	34		request_2	1614648918618	1614648918792	OK	 
USER	Friendly and CLosed Scenario	59	END	1614648907315	1614648918792
REQUEST	23		request_2	1614648918597	1614648918794	OK	 
REQUEST	84		request_2	1614648918597	1614648918794	OK	 
USER	Friendly and CLosed Scenario	34	END	1614648907306	1614648918793
USER	Friendly and CLosed Scenario	84	END	1614648907328	1614648918795
USER	Friendly and CLosed Scenario	23	END	1614648907301	1614648918797
REQUEST	27		request_2	1614648918597	1614648918798	OK	 
USER	Friendly and CLosed Scenario	27	END	1614648907303	1614648918798
REQUEST	97		request_2	1614648918597	1614648918798	OK	 
REQUEST	60		request_2	1614648918617	1614648918800	OK	 
REQUEST	87		request_2	1614648918596	1614648918800	OK	 
USER	Friendly and CLosed Scenario	60	END	1614648907316	1614648918801
REQUEST	54		request_2	1614648918617	1614648918801	OK	 
REQUEST	36		request_2	1614648918617	1614648918801	OK	 
USER	Friendly and CLosed Scenario	97	END	1614648907331	1614648918802
USER	Friendly and CLosed Scenario	36	END	1614648907306	1614648918802
USER	Friendly and CLosed Scenario	87	END	1614648907329	1614648918802
REQUEST	41		request_2	1614648918618	1614648918802	OK	 
REQUEST	72		request_2	1614648918617	1614648918802	OK	 
USER	Friendly and CLosed Scenario	72	END	1614648907322	1614648918803
REQUEST	80		request_2	1614648918617	1614648918803	OK	 
REQUEST	103		request_2	1614648918597	1614648918803	OK	 
REQUEST	61		request_2	1614648918586	1614648918803	OK	 
USER	Friendly and CLosed Scenario	80	END	1614648907327	1614648918804
USER	Not Friendly and Open Scenario	103	END	1614648907332	1614648918804
USER	Friendly and CLosed Scenario	61	END	1614648907317	1614648918804
USER	Friendly and CLosed Scenario	41	END	1614648907308	1614648918804
USER	Friendly and CLosed Scenario	54	END	1614648907311	1614648918804
REQUEST	22		request_2	1614648918617	1614648918804	OK	 
USER	Friendly and CLosed Scenario	22	END	1614648907301	1614648918805
REQUEST	67		request_2	1614648918605	1614648918808	OK	 
REQUEST	24		request_2	1614648918617	1614648918808	OK	 
REQUEST	69		request_2	1614648918586	1614648918809	OK	 
REQUEST	6		request_2	1614648918586	1614648918809	OK	 
USER	Friendly and CLosed Scenario	67	END	1614648907320	1614648918809
USER	Friendly and CLosed Scenario	24	END	1614648907301	1614648918809
USER	Friendly and CLosed Scenario	69	END	1614648907320	1614648918809
USER	Friendly and CLosed Scenario	6	END	1614648907251	1614648918810
REQUEST	76		request_2	1614648918605	1614648918804	OK	 
REQUEST	110		request_2	1614648918577	1614648918810	OK	 
USER	Friendly and CLosed Scenario	76	END	1614648907326	1614648918810
USER	Not Friendly and Open Scenario	110	END	1614648907334	1614648918811
REQUEST	30		request_2	1614648918566	1614648918811	OK	 
REQUEST	108		request_2	1614648918616	1614648918811	OK	 
USER	Friendly and CLosed Scenario	30	END	1614648907304	1614648918812
USER	Not Friendly and Open Scenario	108	END	1614648907334	1614648918812
REQUEST	28		request_2	1614648918606	1614648918812	OK	 
REQUEST	18		request_2	1614648918616	1614648918813	OK	 
USER	Friendly and CLosed Scenario	18	END	1614648907299	1614648918813
REQUEST	85		request_2	1614648918586	1614648918814	OK	 
USER	Friendly and CLosed Scenario	85	END	1614648907329	1614648918815
REQUEST	104		request_2	1614648918617	1614648918816	OK	 
USER	Not Friendly and Open Scenario	104	END	1614648907333	1614648918817
REQUEST	128		request_1	1614648918647	1614648918817	OK	 
REQUEST	112		request_2	1614648918617	1614648918819	OK	 
USER	Not Friendly and Open Scenario	112	END	1614648908255	1614648918820
USER	Friendly and CLosed Scenario	28	END	1614648907303	1614648918820
REQUEST	44		request_2	1614648918605	1614648918821	OK	 
USER	Friendly and CLosed Scenario	44	END	1614648907309	1614648918822
REQUEST	12		request_2	1614648918617	1614648918822	OK	 
USER	Friendly and CLosed Scenario	12	END	1614648907268	1614648918823
REQUEST	46		request_2	1614648918566	1614648918823	OK	 
REQUEST	3		request_2	1614648918577	1614648918825	OK	 
USER	Friendly and CLosed Scenario	46	END	1614648907309	1614648918825
USER	Friendly and CLosed Scenario	3	END	1614648907250	1614648918826
REQUEST	96		request_2	1614648918617	1614648918825	OK	 
USER	Friendly and CLosed Scenario	96	END	1614648907331	1614648918826
REQUEST	74		request_2	1614648918616	1614648918821	OK	 
USER	Friendly and CLosed Scenario	74	END	1614648907324	1614648918829
REQUEST	82		request_2	1614648918617	1614648918830	OK	 
USER	Friendly and CLosed Scenario	82	END	1614648907328	1614648918831
REQUEST	68		request_2	1614648918615	1614648918832	OK	 
USER	Friendly and CLosed Scenario	68	END	1614648907320	1614648918833
REQUEST	92		request_2	1614648918616	1614648918834	OK	 
USER	Friendly and CLosed Scenario	92	END	1614648907330	1614648918835
USER	Not Friendly and Open Scenario	129	START	1614648918845	1614648918845
REQUEST	129		request_1	1614648918845	1614648918851	OK	 
USER	Not Friendly and Open Scenario	130	START	1614648919045	1614648919045
REQUEST	130		request_1	1614648919047	1614648919061	OK	 
USER	Not Friendly and Open Scenario	131	START	1614648919245	1614648919245
REQUEST	131		request_1	1614648919247	1614648919264	OK	 
REQUEST	113		request_2	1614648919296	1614648919306	OK	 
USER	Not Friendly and Open Scenario	113	END	1614648909255	1614648919308
USER	Not Friendly and Open Scenario	132	START	1614648919445	1614648919445
REQUEST	132		request_1	1614648919447	1614648919465	OK	 
USER	Not Friendly and Open Scenario	133	START	1614648919644	1614648919644
REQUEST	133		request_1	1614648919645	1614648919652	OK	 
USER	Not Friendly and Open Scenario	134	START	1614648919845	1614648919845
REQUEST	134		request_1	1614648919847	1614648919862	OK	 
USER	Not Friendly and Open Scenario	135	START	1614648920045	1614648920045
REQUEST	135		request_1	1614648920046	1614648920059	OK	 
USER	Not Friendly and Open Scenario	136	START	1614648920245	1614648920245
REQUEST	136		request_1	1614648920246	1614648920260	OK	 
REQUEST	114		request_2	1614648920276	1614648920289	OK	 
USER	Not Friendly and Open Scenario	114	END	1614648910245	1614648920290
USER	Not Friendly and Open Scenario	137	START	1614648920444	1614648920444
REQUEST	137		request_1	1614648920446	1614648920458	OK	 
USER	Not Friendly and Open Scenario	138	START	1614648920645	1614648920645
REQUEST	138		request_1	1614648920646	1614648920661	OK	 
USER	Not Friendly and Open Scenario	139	START	1614648920845	1614648920845
REQUEST	139		request_1	1614648920846	1614648920860	OK	 
USER	Not Friendly and Open Scenario	140	START	1614648921045	1614648921045
REQUEST	140		request_1	1614648921046	1614648921060	OK	 
USER	Not Friendly and Open Scenario	141	START	1614648921245	1614648921245
REQUEST	141		request_1	1614648921246	1614648921264	OK	 
REQUEST	115		request_2	1614648921275	1614648921287	OK	 
USER	Not Friendly and Open Scenario	115	END	1614648911245	1614648921289
USER	Not Friendly and Open Scenario	142	START	1614648921445	1614648921445
REQUEST	142		request_1	1614648921446	1614648921460	OK	 
USER	Not Friendly and Open Scenario	143	START	1614648921645	1614648921645
REQUEST	143		request_1	1614648921647	1614648921668	OK	 
USER	Not Friendly and Open Scenario	144	START	1614648921845	1614648921845
REQUEST	144		request_1	1614648921845	1614648921850	OK	 
USER	Not Friendly and Open Scenario	145	START	1614648922045	1614648922045
REQUEST	145		request_1	1614648922047	1614648922062	OK	 
USER	Not Friendly and Open Scenario	146	START	1614648922245	1614648922245
REQUEST	146		request_1	1614648922247	1614648922268	OK	 
REQUEST	116		request_2	1614648922276	1614648922290	OK	 
USER	Not Friendly and Open Scenario	116	END	1614648912245	1614648922292
USER	Not Friendly and Open Scenario	147	START	1614648922445	1614648922445
REQUEST	147		request_1	1614648922446	1614648922463	OK	 
USER	Not Friendly and Open Scenario	148	START	1614648922645	1614648922645
REQUEST	148		request_1	1614648922647	1614648922673	OK	 
USER	Not Friendly and Open Scenario	149	START	1614648922845	1614648922845
REQUEST	149		request_1	1614648922846	1614648922863	OK	 
USER	Not Friendly and Open Scenario	150	START	1614648923045	1614648923045
REQUEST	150		request_1	1614648923046	1614648923061	OK	 
USER	Not Friendly and Open Scenario	151	START	1614648923245	1614648923245
REQUEST	151		request_1	1614648923246	1614648923260	OK	 
REQUEST	117		request_2	1614648923265	1614648923277	OK	 
USER	Not Friendly and Open Scenario	117	END	1614648913245	1614648923279
USER	Not Friendly and Open Scenario	152	START	1614648923445	1614648923445
REQUEST	152		request_1	1614648923446	1614648923459	OK	 
USER	Not Friendly and Open Scenario	153	START	1614648923645	1614648923645
REQUEST	153		request_1	1614648923646	1614648923663	OK	 
USER	Not Friendly and Open Scenario	154	START	1614648923845	1614648923845
REQUEST	154		request_1	1614648923847	1614648923861	OK	 
USER	Not Friendly and Open Scenario	155	START	1614648924045	1614648924045
REQUEST	155		request_1	1614648924046	1614648924052	OK	 
USER	Not Friendly and Open Scenario	156	START	1614648924245	1614648924245
REQUEST	156		request_1	1614648924246	1614648924260	OK	 
REQUEST	118		request_2	1614648924276	1614648924285	OK	 
USER	Not Friendly and Open Scenario	118	END	1614648914245	1614648924287
USER	Not Friendly and Open Scenario	157	START	1614648924445	1614648924445
REQUEST	157		request_1	1614648924446	1614648924457	OK	 
USER	Not Friendly and Open Scenario	158	START	1614648924645	1614648924645
REQUEST	158		request_1	1614648924647	1614648924661	OK	 
USER	Not Friendly and Open Scenario	159	START	1614648924845	1614648924845
REQUEST	159		request_1	1614648924847	1614648924859	OK	 
USER	Not Friendly and Open Scenario	160	START	1614648925045	1614648925045
REQUEST	160		request_1	1614648925045	1614648925050	OK	 
USER	Not Friendly and Open Scenario	161	START	1614648925245	1614648925245
REQUEST	161		request_1	1614648925246	1614648925256	OK	 
REQUEST	119		request_2	1614648925276	1614648925285	OK	 
USER	Not Friendly and Open Scenario	119	END	1614648915245	1614648925287
USER	Not Friendly and Open Scenario	162	START	1614648925445	1614648925445
REQUEST	162		request_1	1614648925446	1614648925459	OK	 
USER	Not Friendly and Open Scenario	163	START	1614648925645	1614648925645
REQUEST	163		request_1	1614648925646	1614648925659	OK	 
USER	Not Friendly and Open Scenario	164	START	1614648925845	1614648925845
REQUEST	164		request_1	1614648925846	1614648925858	OK	 
USER	Not Friendly and Open Scenario	165	START	1614648926045	1614648926045
REQUEST	165		request_1	1614648926047	1614648926058	OK	 
USER	Not Friendly and Open Scenario	166	START	1614648926245	1614648926245
REQUEST	166		request_1	1614648926246	1614648926255	OK	 
REQUEST	120		request_2	1614648926275	1614648926283	OK	 
USER	Not Friendly and Open Scenario	120	END	1614648916245	1614648926284
USER	Not Friendly and Open Scenario	167	START	1614648926445	1614648926445
REQUEST	167		request_1	1614648926446	1614648926456	OK	 
USER	Not Friendly and Open Scenario	168	START	1614648926645	1614648926645
REQUEST	168		request_1	1614648926647	1614648926659	OK	 
USER	Not Friendly and Open Scenario	169	START	1614648926845	1614648926845
REQUEST	169		request_1	1614648926846	1614648926859	OK	 
USER	Not Friendly and Open Scenario	170	START	1614648927045	1614648927045
REQUEST	170		request_1	1614648927046	1614648927057	OK	 
USER	Not Friendly and Open Scenario	171	START	1614648927245	1614648927245
REQUEST	171		request_1	1614648927246	1614648927252	OK	 
REQUEST	121		request_2	1614648927285	1614648927288	OK	 
USER	Not Friendly and Open Scenario	121	END	1614648917235	1614648927289
USER	Not Friendly and Open Scenario	172	START	1614648927445	1614648927445
REQUEST	172		request_1	1614648927446	1614648927457	OK	 
REQUEST	122		request_2	1614648927465	1614648927473	OK	 
USER	Not Friendly and Open Scenario	122	END	1614648917445	1614648927474
USER	Not Friendly and Open Scenario	173	START	1614648927644	1614648927644
REQUEST	173		request_1	1614648927645	1614648927651	OK	 
REQUEST	123		request_2	1614648927685	1614648927688	OK	 
USER	Not Friendly and Open Scenario	123	END	1614648917645	1614648927689
USER	Not Friendly and Open Scenario	174	START	1614648927844	1614648927844
REQUEST	174		request_1	1614648927846	1614648927855	OK	 
REQUEST	124		request_2	1614648927875	1614648927883	OK	 
USER	Not Friendly and Open Scenario	124	END	1614648917845	1614648927885
USER	Not Friendly and Open Scenario	175	START	1614648928045	1614648928045
REQUEST	175		request_1	1614648928046	1614648928061	OK	 
REQUEST	125		request_2	1614648928085	1614648928092	OK	 
USER	Not Friendly and Open Scenario	125	END	1614648918045	1614648928093
USER	Not Friendly and Open Scenario	176	START	1614648928244	1614648928244
REQUEST	176		request_1	1614648928245	1614648928248	OK	 
REQUEST	126		request_2	1614648928276	1614648928284	OK	 
USER	Not Friendly and Open Scenario	126	END	1614648918245	1614648928286
USER	Not Friendly and Open Scenario	177	START	1614648928374	1614648928374
REQUEST	177		request_1	1614648928375	1614648928386	OK	 
USER	Not Friendly and Open Scenario	178	START	1614648928495	1614648928495
REQUEST	127		request_2	1614648928495	1614648928507	OK	 
REQUEST	178		request_1	1614648928496	1614648928508	OK	 
USER	Not Friendly and Open Scenario	127	END	1614648918445	1614648928509
USER	Not Friendly and Open Scenario	179	START	1614648928625	1614648928625
REQUEST	179		request_1	1614648928626	1614648928635	OK	 
USER	Not Friendly and Open Scenario	180	START	1614648928745	1614648928745
REQUEST	180		request_1	1614648928746	1614648928756	OK	 
REQUEST	128		request_2	1614648928836	1614648928844	OK	 
USER	Not Friendly and Open Scenario	128	END	1614648918646	1614648928846
REQUEST	129		request_2	1614648928865	1614648928873	OK	 
USER	Not Friendly and Open Scenario	129	END	1614648918845	1614648928876
USER	Not Friendly and Open Scenario	181	START	1614648928875	1614648928875
REQUEST	181		request_1	1614648928876	1614648928887	OK	 
USER	Not Friendly and Open Scenario	182	START	1614648928995	1614648928995
REQUEST	182		request_1	1614648928996	1614648929006	OK	 
REQUEST	130		request_2	1614648929076	1614648929085	OK	 
USER	Not Friendly and Open Scenario	130	END	1614648919045	1614648929087
USER	Not Friendly and Open Scenario	183	START	1614648929125	1614648929125
REQUEST	183		request_1	1614648929125	1614648929135	OK	 
USER	Not Friendly and Open Scenario	184	START	1614648929245	1614648929245
REQUEST	184		request_1	1614648929246	1614648929255	OK	 
REQUEST	131		request_2	1614648929285	1614648929292	OK	 
USER	Not Friendly and Open Scenario	131	END	1614648919245	1614648929293
USER	Not Friendly and Open Scenario	185	START	1614648929374	1614648929374
REQUEST	185		request_1	1614648929375	1614648929380	OK	 
REQUEST	132		request_2	1614648929485	1614648929493	OK	 
USER	Not Friendly and Open Scenario	132	END	1614648919445	1614648929494
USER	Not Friendly and Open Scenario	186	START	1614648929495	1614648929495
REQUEST	186		request_1	1614648929496	1614648929506	OK	 
USER	Not Friendly and Open Scenario	187	START	1614648929625	1614648929625
REQUEST	187		request_1	1614648929626	1614648929638	OK	 
REQUEST	133		request_2	1614648929665	1614648929673	OK	 
USER	Not Friendly and Open Scenario	133	END	1614648919644	1614648929675
USER	Not Friendly and Open Scenario	188	START	1614648929745	1614648929745
REQUEST	188		request_1	1614648929747	1614648929758	OK	 
USER	Not Friendly and Open Scenario	189	START	1614648929875	1614648929875
REQUEST	134		request_2	1614648929876	1614648929886	OK	 
USER	Not Friendly and Open Scenario	134	END	1614648919845	1614648929888
REQUEST	189		request_1	1614648929876	1614648929889	OK	 
USER	Not Friendly and Open Scenario	190	START	1614648929995	1614648929995
REQUEST	190		request_1	1614648929996	1614648930006	OK	 
REQUEST	135		request_2	1614648930075	1614648930084	OK	 
USER	Not Friendly and Open Scenario	135	END	1614648920045	1614648930086
USER	Not Friendly and Open Scenario	191	START	1614648930124	1614648930124
REQUEST	191		request_1	1614648930125	1614648930137	OK	 
USER	Not Friendly and Open Scenario	192	START	1614648930245	1614648930245
REQUEST	192		request_1	1614648930246	1614648930257	OK	 
REQUEST	136		request_2	1614648930276	1614648930284	OK	 
USER	Not Friendly and Open Scenario	136	END	1614648920245	1614648930285
USER	Not Friendly and Open Scenario	193	START	1614648930334	1614648930334
REQUEST	193		request_1	1614648930335	1614648930350	OK	 
USER	Not Friendly and Open Scenario	194	START	1614648930424	1614648930424
REQUEST	194		request_1	1614648930425	1614648930428	OK	 
REQUEST	137		request_2	1614648930475	1614648930485	OK	 
USER	Not Friendly and Open Scenario	137	END	1614648920444	1614648930486
USER	Not Friendly and Open Scenario	195	START	1614648930525	1614648930525
REQUEST	195		request_1	1614648930526	1614648930536	OK	 
USER	Not Friendly and Open Scenario	196	START	1614648930615	1614648930615
REQUEST	196		request_1	1614648930616	1614648930626	OK	 
REQUEST	138		request_2	1614648930675	1614648930683	OK	 
USER	Not Friendly and Open Scenario	138	END	1614648920645	1614648930684
USER	Not Friendly and Open Scenario	197	START	1614648930704	1614648930704
REQUEST	197		request_1	1614648930705	1614648930714	OK	 
USER	Not Friendly and Open Scenario	198	START	1614648930795	1614648930795
REQUEST	198		request_1	1614648930796	1614648930806	OK	 
REQUEST	139		request_2	1614648930875	1614648930884	OK	 
USER	Not Friendly and Open Scenario	139	END	1614648920845	1614648930885
USER	Not Friendly and Open Scenario	199	START	1614648930885	1614648930885
REQUEST	199		request_1	1614648930886	1614648930896	OK	 
USER	Not Friendly and Open Scenario	200	START	1614648930975	1614648930975
REQUEST	200		request_1	1614648930976	1614648930985	OK	 
USER	Not Friendly and Open Scenario	201	START	1614648931065	1614648931065
REQUEST	201		request_1	1614648931066	1614648931075	OK	 
REQUEST	140		request_2	1614648931075	1614648931083	OK	 
USER	Not Friendly and Open Scenario	140	END	1614648921045	1614648931085
USER	Not Friendly and Open Scenario	202	START	1614648931155	1614648931155
REQUEST	202		request_1	1614648931155	1614648931164	OK	 
USER	Not Friendly and Open Scenario	203	START	1614648931245	1614648931245
REQUEST	203		request_1	1614648931246	1614648931255	OK	 
REQUEST	141		request_2	1614648931286	1614648931294	OK	 
USER	Not Friendly and Open Scenario	141	END	1614648921245	1614648931295
USER	Not Friendly and Open Scenario	204	START	1614648931334	1614648931334
REQUEST	204		request_1	1614648931335	1614648931344	OK	 
USER	Not Friendly and Open Scenario	205	START	1614648931425	1614648931425
REQUEST	205		request_1	1614648931426	1614648931436	OK	 
REQUEST	142		request_2	1614648931475	1614648931478	OK	 
USER	Not Friendly and Open Scenario	142	END	1614648921445	1614648931478
USER	Not Friendly and Open Scenario	206	START	1614648931525	1614648931525
REQUEST	206		request_1	1614648931525	1614648931529	OK	 
USER	Not Friendly and Open Scenario	207	START	1614648931614	1614648931614
REQUEST	207		request_1	1614648931615	1614648931626	OK	 
REQUEST	143		request_2	1614648931685	1614648931688	OK	 
USER	Not Friendly and Open Scenario	143	END	1614648921645	1614648931689
USER	Not Friendly and Open Scenario	208	START	1614648931705	1614648931705
REQUEST	208		request_1	1614648931706	1614648931714	OK	 
USER	Not Friendly and Open Scenario	209	START	1614648931794	1614648931794
REQUEST	209		request_1	1614648931795	1614648931804	OK	 
REQUEST	144		request_2	1614648931865	1614648931873	OK	 
USER	Not Friendly and Open Scenario	144	END	1614648921845	1614648931875
USER	Not Friendly and Open Scenario	210	START	1614648931884	1614648931884
REQUEST	210		request_1	1614648931885	1614648931895	OK	 
USER	Not Friendly and Open Scenario	211	START	1614648931975	1614648931975
REQUEST	211		request_1	1614648931976	1614648931985	OK	 
USER	Not Friendly and Open Scenario	212	START	1614648932065	1614648932065
REQUEST	212		request_1	1614648932066	1614648932076	OK	 
REQUEST	145		request_2	1614648932075	1614648932083	OK	 
USER	Not Friendly and Open Scenario	145	END	1614648922045	1614648932085
USER	Not Friendly and Open Scenario	213	START	1614648932155	1614648932155
REQUEST	213		request_1	1614648932156	1614648932166	OK	 
USER	Not Friendly and Open Scenario	214	START	1614648932245	1614648932245
REQUEST	214		request_1	1614648932245	1614648932257	OK	 
REQUEST	146		request_2	1614648932285	1614648932292	OK	 
USER	Not Friendly and Open Scenario	146	END	1614648922245	1614648932294
USER	Not Friendly and Open Scenario	215	START	1614648932315	1614648932315
REQUEST	215		request_1	1614648932316	1614648932324	OK	 
USER	Not Friendly and Open Scenario	216	START	1614648932395	1614648932395
REQUEST	216		request_1	1614648932395	1614648932405	OK	 
USER	Not Friendly and Open Scenario	217	START	1614648932465	1614648932465
REQUEST	217		request_1	1614648932466	1614648932474	OK	 
REQUEST	147		request_2	1614648932475	1614648932482	OK	 
USER	Not Friendly and Open Scenario	147	END	1614648922445	1614648932483
USER	Not Friendly and Open Scenario	218	START	1614648932534	1614648932534
REQUEST	218		request_1	1614648932535	1614648932538	OK	 
USER	Not Friendly and Open Scenario	219	START	1614648932605	1614648932605
REQUEST	219		request_1	1614648932605	1614648932609	OK	 
USER	Not Friendly and Open Scenario	220	START	1614648932675	1614648932675
REQUEST	220		request_1	1614648932675	1614648932682	OK	 
REQUEST	148		request_2	1614648932685	1614648932692	OK	 
USER	Not Friendly and Open Scenario	148	END	1614648922645	1614648932693
USER	Not Friendly and Open Scenario	221	START	1614648932745	1614648932745
REQUEST	221		request_1	1614648932746	1614648932756	OK	 
USER	Not Friendly and Open Scenario	222	START	1614648932814	1614648932814
REQUEST	222		request_1	1614648932816	1614648932824	OK	 
REQUEST	149		request_2	1614648932875	1614648932882	OK	 
USER	Not Friendly and Open Scenario	149	END	1614648922845	1614648932884
USER	Not Friendly and Open Scenario	223	START	1614648932895	1614648932895
REQUEST	223		request_1	1614648932896	1614648932903	OK	 
USER	Not Friendly and Open Scenario	224	START	1614648932965	1614648932965
REQUEST	224		request_1	1614648932965	1614648932974	OK	 
USER	Not Friendly and Open Scenario	225	START	1614648933035	1614648933035
REQUEST	225		request_1	1614648933036	1614648933045	OK	 
REQUEST	150		request_2	1614648933075	1614648933082	OK	 
USER	Not Friendly and Open Scenario	150	END	1614648923045	1614648933084
USER	Not Friendly and Open Scenario	226	START	1614648933104	1614648933104
REQUEST	226		request_1	1614648933105	1614648933115	OK	 
USER	Not Friendly and Open Scenario	227	START	1614648933175	1614648933175
REQUEST	227		request_1	1614648933176	1614648933184	OK	 
USER	Not Friendly and Open Scenario	228	START	1614648933245	1614648933245
REQUEST	228		request_1	1614648933247	1614648933255	OK	 
REQUEST	151		request_2	1614648933275	1614648933283	OK	 
USER	Not Friendly and Open Scenario	151	END	1614648923245	1614648933284
USER	Not Friendly and Open Scenario	229	START	1614648933315	1614648933315
REQUEST	229		request_1	1614648933315	1614648933326	OK	 
USER	Not Friendly and Open Scenario	230	START	1614648933395	1614648933395
REQUEST	230		request_1	1614648933396	1614648933405	OK	 
USER	Not Friendly and Open Scenario	231	START	1614648933465	1614648933465
REQUEST	231		request_1	1614648933466	1614648933474	OK	 
REQUEST	152		request_2	1614648933475	1614648933483	OK	 
USER	Not Friendly and Open Scenario	152	END	1614648923445	1614648933485
USER	Not Friendly and Open Scenario	232	START	1614648933535	1614648933535
REQUEST	232		request_1	1614648933535	1614648933546	OK	 
USER	Not Friendly and Open Scenario	233	START	1614648933604	1614648933604
REQUEST	233		request_1	1614648933605	1614648933610	OK	 
USER	Not Friendly and Open Scenario	234	START	1614648933674	1614648933674
REQUEST	153		request_2	1614648933675	1614648933679	OK	 
USER	Not Friendly and Open Scenario	153	END	1614648923645	1614648933680
REQUEST	234		request_1	1614648933675	1614648933680	OK	 
USER	Not Friendly and Open Scenario	235	START	1614648933745	1614648933745
REQUEST	235		request_1	1614648933746	1614648933755	OK	 
USER	Not Friendly and Open Scenario	236	START	1614648933815	1614648933815
REQUEST	236		request_1	1614648933817	1614648933827	OK	 
REQUEST	154		request_2	1614648933875	1614648933885	OK	 
USER	Not Friendly and Open Scenario	154	END	1614648923845	1614648933887
USER	Not Friendly and Open Scenario	237	START	1614648933895	1614648933895
REQUEST	237		request_1	1614648933896	1614648933905	OK	 
USER	Not Friendly and Open Scenario	238	START	1614648933964	1614648933964
REQUEST	238		request_1	1614648933966	1614648933977	OK	 
USER	Not Friendly and Open Scenario	239	START	1614648934035	1614648934035
REQUEST	239		request_1	1614648934036	1614648934048	OK	 
REQUEST	155		request_2	1614648934065	1614648934074	OK	 
USER	Not Friendly and Open Scenario	155	END	1614648924045	1614648934075
USER	Not Friendly and Open Scenario	240	START	1614648934105	1614648934105
REQUEST	240		request_1	1614648934107	1614648934117	OK	 
USER	Not Friendly and Open Scenario	241	START	1614648934175	1614648934175
REQUEST	241		request_1	1614648934176	1614648934182	OK	 
USER	Not Friendly and Open Scenario	242	START	1614648934244	1614648934244
REQUEST	242		request_1	1614648934245	1614648934256	OK	 
REQUEST	156		request_2	1614648934276	1614648934284	OK	 
USER	Not Friendly and Open Scenario	156	END	1614648924245	1614648934286
USER	Not Friendly and Open Scenario	243	START	1614648934305	1614648934305
REQUEST	243		request_1	1614648934306	1614648934315	OK	 
USER	Not Friendly and Open Scenario	244	START	1614648934364	1614648934364
REQUEST	244		request_1	1614648934365	1614648934368	OK	 
USER	Not Friendly and Open Scenario	245	START	1614648934424	1614648934424
REQUEST	245		request_1	1614648934425	1614648934433	OK	 
REQUEST	157		request_2	1614648934475	1614648934482	OK	 
USER	Not Friendly and Open Scenario	157	END	1614648924445	1614648934483
USER	Not Friendly and Open Scenario	246	START	1614648934485	1614648934485
REQUEST	246		request_1	1614648934486	1614648934494	OK	 
USER	Not Friendly and Open Scenario	247	START	1614648934545	1614648934545
REQUEST	247		request_1	1614648934546	1614648934555	OK	 
USER	Not Friendly and Open Scenario	248	START	1614648934604	1614648934604
REQUEST	248		request_1	1614648934606	1614648934615	OK	 
USER	Not Friendly and Open Scenario	249	START	1614648934655	1614648934655
REQUEST	249		request_1	1614648934656	1614648934659	OK	 
REQUEST	158		request_2	1614648934675	1614648934677	OK	 
USER	Not Friendly and Open Scenario	158	END	1614648924645	1614648934678
USER	Not Friendly and Open Scenario	250	START	1614648934715	1614648934715
REQUEST	250		request_1	1614648934715	1614648934718	OK	 
USER	Not Friendly and Open Scenario	251	START	1614648934775	1614648934775
REQUEST	251		request_1	1614648934776	1614648934784	OK	 
USER	Not Friendly and Open Scenario	252	START	1614648934834	1614648934834
REQUEST	252		request_1	1614648934835	1614648934844	OK	 
REQUEST	159		request_2	1614648934876	1614648934883	OK	 
USER	Not Friendly and Open Scenario	159	END	1614648924845	1614648934884
USER	Not Friendly and Open Scenario	253	START	1614648934895	1614648934895
REQUEST	253		request_1	1614648934896	1614648934904	OK	 
USER	Not Friendly and Open Scenario	254	START	1614648934955	1614648934955
REQUEST	254		request_1	1614648934956	1614648934965	OK	 
USER	Not Friendly and Open Scenario	255	START	1614648935015	1614648935015
REQUEST	255		request_1	1614648935018	1614648935028	OK	 
REQUEST	160		request_2	1614648935065	1614648935073	OK	 
USER	Not Friendly and Open Scenario	160	END	1614648925045	1614648935074
USER	Not Friendly and Open Scenario	256	START	1614648935075	1614648935075
REQUEST	256		request_1	1614648935076	1614648935086	OK	 
USER	Not Friendly and Open Scenario	257	START	1614648935135	1614648935135
REQUEST	257		request_1	1614648935136	1614648935144	OK	 
USER	Not Friendly and Open Scenario	258	START	1614648935184	1614648935184
REQUEST	258		request_1	1614648935186	1614648935195	OK	 
USER	Not Friendly and Open Scenario	259	START	1614648935245	1614648935245
REQUEST	259		request_1	1614648935246	1614648935253	OK	 
REQUEST	161		request_2	1614648935275	1614648935282	OK	 
USER	Not Friendly and Open Scenario	161	END	1614648925245	1614648935283
USER	Not Friendly and Open Scenario	260	START	1614648935305	1614648935305
REQUEST	260		request_1	1614648935306	1614648935314	OK	 
USER	Not Friendly and Open Scenario	261	START	1614648935365	1614648935365
REQUEST	261		request_1	1614648935365	1614648935373	OK	 
USER	Not Friendly and Open Scenario	262	START	1614648935425	1614648935425
REQUEST	262		request_1	1614648935426	1614648935433	OK	 
REQUEST	162		request_2	1614648935475	1614648935481	OK	 
USER	Not Friendly and Open Scenario	162	END	1614648925445	1614648935482
USER	Not Friendly and Open Scenario	263	START	1614648935485	1614648935485
REQUEST	263		request_1	1614648935486	1614648935493	OK	 
USER	Not Friendly and Open Scenario	264	START	1614648935545	1614648935545
REQUEST	264		request_1	1614648935546	1614648935555	OK	 
USER	Not Friendly and Open Scenario	265	START	1614648935605	1614648935605
REQUEST	265		request_1	1614648935606	1614648935615	OK	 
USER	Not Friendly and Open Scenario	266	START	1614648935655	1614648935655
REQUEST	266		request_1	1614648935656	1614648935663	OK	 
REQUEST	163		request_2	1614648935675	1614648935681	OK	 
USER	Not Friendly and Open Scenario	163	END	1614648925645	1614648935682
USER	Not Friendly and Open Scenario	267	START	1614648935714	1614648935714
REQUEST	267		request_1	1614648935715	1614648935721	OK	 
USER	Not Friendly and Open Scenario	268	START	1614648935775	1614648935775
REQUEST	268		request_1	1614648935775	1614648935780	OK	 
USER	Not Friendly and Open Scenario	269	START	1614648935835	1614648935835
REQUEST	269		request_1	1614648935836	1614648935844	OK	 
REQUEST	164		request_2	1614648935876	1614648935882	OK	 
USER	Not Friendly and Open Scenario	164	END	1614648925845	1614648935883
USER	Not Friendly and Open Scenario	270	START	1614648935895	1614648935895
REQUEST	270		request_1	1614648935895	1614648935904	OK	 
USER	Not Friendly and Open Scenario	271	START	1614648935955	1614648935955
REQUEST	271		request_1	1614648935956	1614648935964	OK	 
USER	Not Friendly and Open Scenario	272	START	1614648936015	1614648936015
REQUEST	272		request_1	1614648936016	1614648936023	OK	 
USER	Not Friendly and Open Scenario	273	START	1614648936075	1614648936075
REQUEST	165		request_2	1614648936076	1614648936083	OK	 
USER	Not Friendly and Open Scenario	165	END	1614648926045	1614648936085
REQUEST	273		request_1	1614648936076	1614648936086	OK	 
USER	Not Friendly and Open Scenario	274	START	1614648936135	1614648936135
REQUEST	274		request_1	1614648936135	1614648936144	OK	 
USER	Not Friendly and Open Scenario	275	START	1614648936185	1614648936185
REQUEST	275		request_1	1614648936186	1614648936192	OK	 
USER	Not Friendly and Open Scenario	276	START	1614648936245	1614648936245
REQUEST	276		request_1	1614648936245	1614648936252	OK	 
REQUEST	166		request_2	1614648936276	1614648936281	OK	 
USER	Not Friendly and Open Scenario	166	END	1614648926245	1614648936282
USER	Not Friendly and Open Scenario	277	START	1614648936295	1614648936295
REQUEST	277		request_1	1614648936295	1614648936302	OK	 
USER	Not Friendly and Open Scenario	278	START	1614648936345	1614648936345
REQUEST	278		request_1	1614648936346	1614648936354	OK	 
USER	Not Friendly and Open Scenario	279	START	1614648936395	1614648936395
REQUEST	279		request_1	1614648936396	1614648936404	OK	 
USER	Not Friendly and Open Scenario	280	START	1614648936445	1614648936445
REQUEST	280		request_1	1614648936446	1614648936454	OK	 
REQUEST	167		request_2	1614648936475	1614648936481	OK	 
USER	Not Friendly and Open Scenario	167	END	1614648926445	1614648936482
USER	Not Friendly and Open Scenario	281	START	1614648936495	1614648936495
REQUEST	281		request_1	1614648936496	1614648936503	OK	 
USER	Not Friendly and Open Scenario	282	START	1614648936545	1614648936545
REQUEST	282		request_1	1614648936546	1614648936554	OK	 
USER	Not Friendly and Open Scenario	283	START	1614648936595	1614648936595
REQUEST	283		request_1	1614648936597	1614648936604	OK	 
USER	Not Friendly and Open Scenario	284	START	1614648936645	1614648936645
REQUEST	284		request_1	1614648936646	1614648936655	OK	 
REQUEST	168		request_2	1614648936675	1614648936681	OK	 
USER	Not Friendly and Open Scenario	168	END	1614648926645	1614648936682
USER	Not Friendly and Open Scenario	285	START	1614648936695	1614648936695
REQUEST	285		request_1	1614648936696	1614648936704	OK	 
USER	Not Friendly and Open Scenario	286	START	1614648936745	1614648936745
REQUEST	286		request_1	1614648936746	1614648936754	OK	 
USER	Not Friendly and Open Scenario	287	START	1614648936795	1614648936795
REQUEST	287		request_1	1614648936795	1614648936799	OK	 
USER	Not Friendly and Open Scenario	288	START	1614648936845	1614648936845
REQUEST	288		request_1	1614648936845	1614648936848	OK	 
REQUEST	169		request_2	1614648936875	1614648936878	OK	 
USER	Not Friendly and Open Scenario	169	END	1614648926845	1614648936879
USER	Not Friendly and Open Scenario	289	START	1614648936895	1614648936895
REQUEST	289		request_1	1614648936895	1614648936900	OK	 
USER	Not Friendly and Open Scenario	290	START	1614648936945	1614648936945
REQUEST	290		request_1	1614648936946	1614648936954	OK	 
USER	Not Friendly and Open Scenario	291	START	1614648936995	1614648936995
REQUEST	291		request_1	1614648936996	1614648937003	OK	 
USER	Not Friendly and Open Scenario	292	START	1614648937045	1614648937045
REQUEST	292		request_1	1614648937046	1614648937054	OK	 
REQUEST	170		request_2	1614648937075	1614648937081	OK	 
USER	Not Friendly and Open Scenario	170	END	1614648927045	1614648937082
USER	Not Friendly and Open Scenario	293	START	1614648937095	1614648937095
REQUEST	293		request_1	1614648937096	1614648937104	OK	 
USER	Not Friendly and Open Scenario	294	START	1614648937145	1614648937145
REQUEST	294		request_1	1614648937146	1614648937155	OK	 
USER	Not Friendly and Open Scenario	295	START	1614648937195	1614648937195
REQUEST	295		request_1	1614648937196	1614648937204	OK	 
USER	Not Friendly and Open Scenario	296	START	1614648937244	1614648937244
REQUEST	296		request_1	1614648937245	1614648937254	OK	 
REQUEST	171		request_2	1614648937265	1614648937269	OK	 
USER	Not Friendly and Open Scenario	171	END	1614648927245	1614648937269
REQUEST	172		request_2	1614648937475	1614648937481	OK	 
USER	Not Friendly and Open Scenario	172	END	1614648927445	1614648937482
REQUEST	173		request_2	1614648937665	1614648937671	OK	 
USER	Not Friendly and Open Scenario	173	END	1614648927644	1614648937672
REQUEST	174		request_2	1614648937875	1614648937877	OK	 
USER	Not Friendly and Open Scenario	174	END	1614648927844	1614648937877
REQUEST	175		request_2	1614648938076	1614648938082	OK	 
USER	Not Friendly and Open Scenario	175	END	1614648928045	1614648938083
REQUEST	176		request_2	1614648938265	1614648938271	OK	 
USER	Not Friendly and Open Scenario	176	END	1614648928244	1614648938273
REQUEST	177		request_2	1614648938405	1614648938412	OK	 
USER	Not Friendly and Open Scenario	177	END	1614648928374	1614648938413
REQUEST	178		request_2	1614648938525	1614648938531	OK	 
USER	Not Friendly and Open Scenario	178	END	1614648928495	1614648938533
REQUEST	179		request_2	1614648938655	1614648938662	OK	 
USER	Not Friendly and Open Scenario	179	END	1614648928625	1614648938663
USER	Not Friendly and Open Scenario	297	START	1614648938755	1614648938755
REQUEST	297		request_1	1614648938756	1614648938764	OK	 
REQUEST	180		request_2	1614648938775	1614648938781	OK	 
USER	Not Friendly and Open Scenario	180	END	1614648928745	1614648938782
REQUEST	181		request_2	1614648938905	1614648938912	OK	 
USER	Not Friendly and Open Scenario	181	END	1614648928875	1614648938912
REQUEST	182		request_2	1614648939025	1614648939031	OK	 
USER	Not Friendly and Open Scenario	182	END	1614648928995	1614648939032
REQUEST	183		request_2	1614648939155	1614648939162	OK	 
USER	Not Friendly and Open Scenario	183	END	1614648929125	1614648939163
REQUEST	184		request_2	1614648939275	1614648939281	OK	 
USER	Not Friendly and Open Scenario	184	END	1614648929245	1614648939282
REQUEST	185		request_2	1614648939395	1614648939400	OK	 
USER	Not Friendly and Open Scenario	185	END	1614648929374	1614648939401
REQUEST	186		request_2	1614648939525	1614648939531	OK	 
USER	Not Friendly and Open Scenario	186	END	1614648929495	1614648939532
REQUEST	187		request_2	1614648939655	1614648939662	OK	 
USER	Not Friendly and Open Scenario	187	END	1614648929625	1614648939663
REQUEST	188		request_2	1614648939775	1614648939781	OK	 
USER	Not Friendly and Open Scenario	188	END	1614648929745	1614648939782
USER	Not Friendly and Open Scenario	298	START	1614648939805	1614648939805
REQUEST	298		request_1	1614648939806	1614648939815	OK	 
REQUEST	189		request_2	1614648939905	1614648939911	OK	 
USER	Not Friendly and Open Scenario	189	END	1614648929875	1614648939913
REQUEST	190		request_2	1614648940025	1614648940027	OK	 
USER	Not Friendly and Open Scenario	190	END	1614648929995	1614648940027
REQUEST	191		request_2	1614648940155	1614648940162	OK	 
USER	Not Friendly and Open Scenario	191	END	1614648930124	1614648940163
REQUEST	192		request_2	1614648940275	1614648940281	OK	 
USER	Not Friendly and Open Scenario	192	END	1614648930245	1614648940283
REQUEST	193		request_2	1614648940365	1614648940372	OK	 
USER	Not Friendly and Open Scenario	193	END	1614648930334	1614648940373
REQUEST	194		request_2	1614648940445	1614648940451	OK	 
USER	Not Friendly and Open Scenario	194	END	1614648930424	1614648940453
REQUEST	195		request_2	1614648940555	1614648940561	OK	 
USER	Not Friendly and Open Scenario	195	END	1614648930525	1614648940562
REQUEST	196		request_2	1614648940645	1614648940650	OK	 
USER	Not Friendly and Open Scenario	196	END	1614648930615	1614648940651
USER	Not Friendly and Open Scenario	299	START	1614648940685	1614648940685
REQUEST	299		request_1	1614648940685	1614648940693	OK	 
REQUEST	197		request_2	1614648940735	1614648940741	OK	 
USER	Not Friendly and Open Scenario	197	END	1614648930704	1614648940742
REQUEST	198		request_2	1614648940825	1614648940833	OK	 
USER	Not Friendly and Open Scenario	198	END	1614648930795	1614648940834
REQUEST	199		request_2	1614648940915	1614648940921	OK	 
USER	Not Friendly and Open Scenario	199	END	1614648930885	1614648940922
REQUEST	200		request_2	1614648941006	1614648941012	OK	 
USER	Not Friendly and Open Scenario	200	END	1614648930975	1614648941014
REQUEST	201		request_2	1614648941095	1614648941097	OK	 
USER	Not Friendly and Open Scenario	201	END	1614648931065	1614648941097
REQUEST	202		request_2	1614648941175	1614648941181	OK	 
USER	Not Friendly and Open Scenario	202	END	1614648931155	1614648941182
REQUEST	203		request_2	1614648941275	1614648941281	OK	 
USER	Not Friendly and Open Scenario	203	END	1614648931245	1614648941283
REQUEST	204		request_2	1614648941365	1614648941371	OK	 
USER	Not Friendly and Open Scenario	204	END	1614648931334	1614648941372
REQUEST	205		request_2	1614648941455	1614648941460	OK	 
USER	Not Friendly and Open Scenario	205	END	1614648931425	1614648941461
USER	Not Friendly and Open Scenario	300	START	1614648941485	1614648941485
REQUEST	300		request_1	1614648941486	1614648941493	OK	 
REQUEST	206		request_2	1614648941545	1614648941551	OK	 
USER	Not Friendly and Open Scenario	206	END	1614648931525	1614648941553
REQUEST	207		request_2	1614648941645	1614648941651	OK	 
USER	Not Friendly and Open Scenario	207	END	1614648931614	1614648941652
REQUEST	208		request_2	1614648941725	1614648941732	OK	 
USER	Not Friendly and Open Scenario	208	END	1614648931705	1614648941733
REQUEST	209		request_2	1614648941825	1614648941834	OK	 
USER	Not Friendly and Open Scenario	209	END	1614648931794	1614648941835
REQUEST	210		request_2	1614648941915	1614648941921	OK	 
USER	Not Friendly and Open Scenario	210	END	1614648931884	1614648941922
REQUEST	211		request_2	1614648942005	1614648942012	OK	 
USER	Not Friendly and Open Scenario	211	END	1614648931975	1614648942013
REQUEST	212		request_2	1614648942095	1614648942099	OK	 
USER	Not Friendly and Open Scenario	212	END	1614648932065	1614648942100
REQUEST	213		request_2	1614648942185	1614648942187	OK	 
USER	Not Friendly and Open Scenario	213	END	1614648932155	1614648942187
USER	Not Friendly and Open Scenario	301	START	1614648942245	1614648942245
REQUEST	301		request_1	1614648942245	1614648942255	OK	 
REQUEST	214		request_2	1614648942275	1614648942280	OK	 
USER	Not Friendly and Open Scenario	214	END	1614648932245	1614648942281
REQUEST	215		request_2	1614648942335	1614648942339	OK	 
USER	Not Friendly and Open Scenario	215	END	1614648932315	1614648942340
REQUEST	216		request_2	1614648942425	1614648942432	OK	 
USER	Not Friendly and Open Scenario	216	END	1614648932395	1614648942433
REQUEST	217		request_2	1614648942495	1614648942502	OK	 
USER	Not Friendly and Open Scenario	217	END	1614648932465	1614648942504
REQUEST	218		request_2	1614648942555	1614648942566	OK	 
USER	Not Friendly and Open Scenario	218	END	1614648932534	1614648942568
REQUEST	219		request_2	1614648942625	1614648942637	OK	 
USER	Not Friendly and Open Scenario	219	END	1614648932605	1614648942640
REQUEST	220		request_2	1614648942695	1614648942703	OK	 
USER	Not Friendly and Open Scenario	220	END	1614648932675	1614648942705
REQUEST	221		request_2	1614648942775	1614648942784	OK	 
USER	Not Friendly and Open Scenario	221	END	1614648932745	1614648942785
REQUEST	222		request_2	1614648942845	1614648942854	OK	 
USER	Not Friendly and Open Scenario	222	END	1614648932814	1614648942855
REQUEST	223		request_2	1614648942915	1614648942929	OK	 
USER	Not Friendly and Open Scenario	223	END	1614648932895	1614648942930
REQUEST	224		request_2	1614648942985	1614648942994	OK	 
USER	Not Friendly and Open Scenario	224	END	1614648932965	1614648942995
USER	Not Friendly and Open Scenario	302	START	1614648943004	1614648943004
REQUEST	302		request_1	1614648943005	1614648943015	OK	 
REQUEST	225		request_2	1614648943065	1614648943072	OK	 
USER	Not Friendly and Open Scenario	225	END	1614648933035	1614648943074
REQUEST	226		request_2	1614648943135	1614648943143	OK	 
USER	Not Friendly and Open Scenario	226	END	1614648933104	1614648943145
REQUEST	227		request_2	1614648943195	1614648943198	OK	 
USER	Not Friendly and Open Scenario	227	END	1614648933175	1614648943199
REQUEST	228		request_2	1614648943275	1614648943278	OK	 
USER	Not Friendly and Open Scenario	228	END	1614648933245	1614648943278
REQUEST	229		request_2	1614648943345	1614648943351	OK	 
USER	Not Friendly and Open Scenario	229	END	1614648933315	1614648943352
REQUEST	230		request_2	1614648943426	1614648943431	OK	 
USER	Not Friendly and Open Scenario	230	END	1614648933395	1614648943432
REQUEST	231		request_2	1614648943485	1614648943490	OK	 
USER	Not Friendly and Open Scenario	231	END	1614648933465	1614648943491
REQUEST	232		request_2	1614648943565	1614648943570	OK	 
USER	Not Friendly and Open Scenario	232	END	1614648933535	1614648943571
REQUEST	233		request_2	1614648943625	1614648943630	OK	 
USER	Not Friendly and Open Scenario	233	END	1614648933604	1614648943631
REQUEST	234		request_2	1614648943695	1614648943701	OK	 
USER	Not Friendly and Open Scenario	234	END	1614648933674	1614648943701
REQUEST	235		request_2	1614648943775	1614648943781	OK	 
USER	Not Friendly and Open Scenario	235	END	1614648933745	1614648943782
USER	Not Friendly and Open Scenario	303	START	1614648943805	1614648943805
REQUEST	303		request_1	1614648943806	1614648943813	OK	 
REQUEST	236		request_2	1614648943845	1614648943851	OK	 
USER	Not Friendly and Open Scenario	236	END	1614648933815	1614648943852
REQUEST	237		request_2	1614648943925	1614648943928	OK	 
USER	Not Friendly and Open Scenario	237	END	1614648933895	1614648943928
REQUEST	238		request_2	1614648943995	1614648943999	OK	 
USER	Not Friendly and Open Scenario	238	END	1614648933964	1614648944000
REQUEST	239		request_2	1614648944065	1614648944070	OK	 
USER	Not Friendly and Open Scenario	239	END	1614648934035	1614648944071
REQUEST	240		request_2	1614648944135	1614648944141	OK	 
USER	Not Friendly and Open Scenario	240	END	1614648934105	1614648944141
REQUEST	241		request_2	1614648944195	1614648944201	OK	 
USER	Not Friendly and Open Scenario	241	END	1614648934175	1614648944202
REQUEST	242		request_2	1614648944275	1614648944276	OK	 
USER	Not Friendly and Open Scenario	242	END	1614648934244	1614648944277
REQUEST	243		request_2	1614648944335	1614648944337	OK	 
USER	Not Friendly and Open Scenario	243	END	1614648934305	1614648944337
REQUEST	244		request_2	1614648944385	1614648944390	OK	 
USER	Not Friendly and Open Scenario	244	END	1614648934364	1614648944391
REQUEST	245		request_2	1614648944445	1614648944450	OK	 
USER	Not Friendly and Open Scenario	245	END	1614648934424	1614648944451
REQUEST	246		request_2	1614648944504	1614648944506	OK	 
USER	Not Friendly and Open Scenario	246	END	1614648934485	1614648944507
REQUEST	247		request_2	1614648944575	1614648944581	OK	 
USER	Not Friendly and Open Scenario	247	END	1614648934545	1614648944582
REQUEST	248		request_2	1614648944635	1614648944641	OK	 
USER	Not Friendly and Open Scenario	248	END	1614648934604	1614648944642
REQUEST	249		request_2	1614648944675	1614648944681	OK	 
USER	Not Friendly and Open Scenario	249	END	1614648934655	1614648944682
USER	Not Friendly and Open Scenario	304	START	1614648944684	1614648944684
REQUEST	304		request_1	1614648944685	1614648944692	OK	 
REQUEST	250		request_2	1614648944736	1614648944742	OK	 
USER	Not Friendly and Open Scenario	250	END	1614648934715	1614648944743
REQUEST	251		request_2	1614648944805	1614648944812	OK	 
USER	Not Friendly and Open Scenario	251	END	1614648934775	1614648944813
REQUEST	252		request_2	1614648944865	1614648944871	OK	 
USER	Not Friendly and Open Scenario	252	END	1614648934834	1614648944872
REQUEST	253		request_2	1614648944915	1614648944921	OK	 
USER	Not Friendly and Open Scenario	253	END	1614648934895	1614648944921
REQUEST	254		request_2	1614648944985	1614648944991	OK	 
USER	Not Friendly and Open Scenario	254	END	1614648934955	1614648944992
REQUEST	255		request_2	1614648945045	1614648945051	OK	 
USER	Not Friendly and Open Scenario	255	END	1614648935015	1614648945052
REQUEST	256		request_2	1614648945105	1614648945111	OK	 
USER	Not Friendly and Open Scenario	256	END	1614648935075	1614648945113
REQUEST	257		request_2	1614648945165	1614648945171	OK	 
USER	Not Friendly and Open Scenario	257	END	1614648935135	1614648945172
REQUEST	258		request_2	1614648945214	1614648945220	OK	 
USER	Not Friendly and Open Scenario	258	END	1614648935184	1614648945221
REQUEST	259		request_2	1614648945265	1614648945271	OK	 
USER	Not Friendly and Open Scenario	259	END	1614648935245	1614648945272
REQUEST	260		request_2	1614648945335	1614648945336	OK	 
USER	Not Friendly and Open Scenario	260	END	1614648935305	1614648945337
REQUEST	261		request_2	1614648945385	1614648945390	OK	 
USER	Not Friendly and Open Scenario	261	END	1614648935365	1614648945391
REQUEST	262		request_2	1614648945445	1614648945450	OK	 
USER	Not Friendly and Open Scenario	262	END	1614648935425	1614648945451
REQUEST	263		request_2	1614648945505	1614648945510	OK	 
USER	Not Friendly and Open Scenario	263	END	1614648935485	1614648945511
REQUEST	264		request_2	1614648945576	1614648945582	OK	 
USER	Not Friendly and Open Scenario	264	END	1614648935545	1614648945583
REQUEST	265		request_2	1614648945635	1614648945641	OK	 
USER	Not Friendly and Open Scenario	265	END	1614648935605	1614648945642
REQUEST	266		request_2	1614648945675	1614648945680	OK	 
USER	Not Friendly and Open Scenario	266	END	1614648935655	1614648945681
REQUEST	267		request_2	1614648945735	1614648945740	OK	 
USER	Not Friendly and Open Scenario	267	END	1614648935714	1614648945741
USER	Not Friendly and Open Scenario	305	START	1614648945745	1614648945745
REQUEST	305		request_1	1614648945745	1614648945752	OK	 
REQUEST	268		request_2	1614648945795	1614648945800	OK	 
USER	Not Friendly and Open Scenario	268	END	1614648935775	1614648945801
REQUEST	269		request_2	1614648945865	1614648945871	OK	 
USER	Not Friendly and Open Scenario	269	END	1614648935835	1614648945872
REQUEST	270		request_2	1614648945916	1614648945922	OK	 
USER	Not Friendly and Open Scenario	270	END	1614648935895	1614648945923
REQUEST	271		request_2	1614648945975	1614648945981	OK	 
USER	Not Friendly and Open Scenario	271	END	1614648935955	1614648945982
REQUEST	272		request_2	1614648946035	1614648946041	OK	 
USER	Not Friendly and Open Scenario	272	END	1614648936015	1614648946042
REQUEST	273		request_2	1614648946105	1614648946111	OK	 
USER	Not Friendly and Open Scenario	273	END	1614648936075	1614648946112
REQUEST	274		request_2	1614648946165	1614648946170	OK	 
USER	Not Friendly and Open Scenario	274	END	1614648936135	1614648946171
REQUEST	275		request_2	1614648946205	1614648946210	OK	 
USER	Not Friendly and Open Scenario	275	END	1614648936185	1614648946210
REQUEST	276		request_2	1614648946265	1614648946270	OK	 
USER	Not Friendly and Open Scenario	276	END	1614648936245	1614648946271
REQUEST	277		request_2	1614648946315	1614648946321	OK	 
USER	Not Friendly and Open Scenario	277	END	1614648936295	1614648946321
REQUEST	278		request_2	1614648946364	1614648946368	OK	 
USER	Not Friendly and Open Scenario	278	END	1614648936345	1614648946368
REQUEST	279		request_2	1614648946415	1614648946417	OK	 
USER	Not Friendly and Open Scenario	279	END	1614648936395	1614648946418
REQUEST	280		request_2	1614648946465	1614648946470	OK	 
USER	Not Friendly and Open Scenario	280	END	1614648936445	1614648946471
REQUEST	281		request_2	1614648946515	1614648946520	OK	 
USER	Not Friendly and Open Scenario	281	END	1614648936495	1614648946521
REQUEST	282		request_2	1614648946565	1614648946571	OK	 
USER	Not Friendly and Open Scenario	282	END	1614648936545	1614648946572
REQUEST	283		request_2	1614648946625	1614648946630	OK	 
USER	Not Friendly and Open Scenario	283	END	1614648936595	1614648946631
REQUEST	284		request_2	1614648946675	1614648946681	OK	 
USER	Not Friendly and Open Scenario	284	END	1614648936645	1614648946682
REQUEST	285		request_2	1614648946715	1614648946720	OK	 
USER	Not Friendly and Open Scenario	285	END	1614648936695	1614648946721
REQUEST	286		request_2	1614648946775	1614648946780	OK	 
USER	Not Friendly and Open Scenario	286	END	1614648936745	1614648946781
REQUEST	287		request_2	1614648946815	1614648946820	OK	 
USER	Not Friendly and Open Scenario	287	END	1614648936795	1614648946821
REQUEST	288		request_2	1614648946865	1614648946870	OK	 
USER	Not Friendly and Open Scenario	288	END	1614648936845	1614648946871
REQUEST	289		request_2	1614648946915	1614648946921	OK	 
USER	Not Friendly and Open Scenario	289	END	1614648936895	1614648946922
REQUEST	290		request_2	1614648946965	1614648946970	OK	 
USER	Not Friendly and Open Scenario	290	END	1614648936945	1614648946971
REQUEST	291		request_2	1614648947015	1614648947020	OK	 
USER	Not Friendly and Open Scenario	291	END	1614648936995	1614648947021
REQUEST	292		request_2	1614648947065	1614648947070	OK	 
USER	Not Friendly and Open Scenario	292	END	1614648937045	1614648947071
REQUEST	293		request_2	1614648947115	1614648947120	OK	 
USER	Not Friendly and Open Scenario	293	END	1614648937095	1614648947121
REQUEST	294		request_2	1614648947175	1614648947181	OK	 
USER	Not Friendly and Open Scenario	294	END	1614648937145	1614648947182
REQUEST	295		request_2	1614648947225	1614648947232	OK	 
USER	Not Friendly and Open Scenario	295	END	1614648937195	1614648947233
REQUEST	296		request_2	1614648947275	1614648947280	OK	 
USER	Not Friendly and Open Scenario	296	END	1614648937244	1614648947281
REQUEST	297		request_2	1614648948775	1614648948782	OK	 
USER	Not Friendly and Open Scenario	297	END	1614648938755	1614648948782
REQUEST	298		request_2	1614648949835	1614648949842	OK	 
USER	Not Friendly and Open Scenario	298	END	1614648939805	1614648949843
REQUEST	299		request_2	1614648950705	1614648950707	OK	 
USER	Not Friendly and Open Scenario	299	END	1614648940685	1614648950708
REQUEST	300		request_2	1614648951505	1614648951511	OK	 
USER	Not Friendly and Open Scenario	300	END	1614648941485	1614648951512
REQUEST	301		request_2	1614648952275	1614648952281	OK	 
USER	Not Friendly and Open Scenario	301	END	1614648942245	1614648952281
REQUEST	302		request_2	1614648953035	1614648953044	OK	 
USER	Not Friendly and Open Scenario	302	END	1614648943004	1614648953045
REQUEST	303		request_2	1614648953825	1614648953830	OK	 
USER	Not Friendly and Open Scenario	303	END	1614648943805	1614648953831
REQUEST	304		request_2	1614648954705	1614648954712	OK	 
USER	Not Friendly and Open Scenario	304	END	1614648944684	1614648954713
REQUEST	305		request_2	1614648955765	1614648955771	OK	 
USER	Not Friendly and Open Scenario	305	END	1614648945745	1614648955772
