RUN	performance.BasicScript	basicscript	1603852343552	 	3.3.1
USER	Friendly and CLosed Scenario	8	START	1603852345160	1603852345160
USER	Friendly and CLosed Scenario	10	START	1603852345177	1603852345177
USER	Friendly and CLosed Scenario	13	START	1603852345197	1603852345197
USER	Friendly and CLosed Scenario	12	START	1603852345196	1603852345196
USER	Friendly and CLosed Scenario	14	START	1603852345198	1603852345198
USER	Friendly and CLosed Scenario	16	START	1603852345199	1603852345199
USER	Friendly and CLosed Scenario	17	START	1603852345200	1603852345200
USER	Friendly and CLosed Scenario	9	START	1603852345172	1603852345172
USER	Friendly and CLosed Scenario	11	START	1603852345177	1603852345177
USER	Friendly and CLosed Scenario	19	START	1603852345202	1603852345202
USER	Friendly and CLosed Scenario	20	START	1603852345202	1603852345202
USER	Friendly and CLosed Scenario	21	START	1603852345203	1603852345203
USER	Friendly and CLosed Scenario	22	START	1603852345203	1603852345203
USER	Friendly and CLosed Scenario	23	START	1603852345204	1603852345204
USER	Friendly and CLosed Scenario	25	START	1603852345205	1603852345205
USER	Friendly and CLosed Scenario	26	START	1603852345205	1603852345205
USER	Friendly and CLosed Scenario	27	START	1603852345206	1603852345206
USER	Friendly and CLosed Scenario	28	START	1603852345207	1603852345207
USER	Friendly and CLosed Scenario	29	START	1603852345208	1603852345208
USER	Friendly and CLosed Scenario	5	START	1603852345154	1603852345154
USER	Friendly and CLosed Scenario	30	START	1603852345209	1603852345209
USER	Friendly and CLosed Scenario	31	START	1603852345209	1603852345209
USER	Friendly and CLosed Scenario	32	START	1603852345209	1603852345209
USER	Friendly and CLosed Scenario	35	START	1603852345210	1603852345210
USER	Friendly and CLosed Scenario	34	START	1603852345210	1603852345210
USER	Friendly and CLosed Scenario	15	START	1603852345199	1603852345199
USER	Friendly and CLosed Scenario	24	START	1603852345204	1603852345204
USER	Friendly and CLosed Scenario	37	START	1603852345211	1603852345211
USER	Friendly and CLosed Scenario	36	START	1603852345210	1603852345210
USER	Friendly and CLosed Scenario	40	START	1603852345212	1603852345212
USER	Friendly and CLosed Scenario	41	START	1603852345212	1603852345212
USER	Friendly and CLosed Scenario	43	START	1603852345212	1603852345212
USER	Friendly and CLosed Scenario	42	START	1603852345212	1603852345212
USER	Friendly and CLosed Scenario	44	START	1603852345213	1603852345213
USER	Friendly and CLosed Scenario	39	START	1603852345212	1603852345212
USER	Friendly and CLosed Scenario	46	START	1603852345214	1603852345214
USER	Friendly and CLosed Scenario	45	START	1603852345214	1603852345214
USER	Friendly and CLosed Scenario	47	START	1603852345214	1603852345214
USER	Friendly and CLosed Scenario	48	START	1603852345215	1603852345215
USER	Friendly and CLosed Scenario	50	START	1603852345215	1603852345215
USER	Friendly and CLosed Scenario	51	START	1603852345215	1603852345215
USER	Friendly and CLosed Scenario	52	START	1603852345215	1603852345215
USER	Friendly and CLosed Scenario	53	START	1603852345216	1603852345216
USER	Friendly and CLosed Scenario	54	START	1603852345216	1603852345216
USER	Friendly and CLosed Scenario	49	START	1603852345215	1603852345215
USER	Friendly and CLosed Scenario	55	START	1603852345216	1603852345216
USER	Friendly and CLosed Scenario	56	START	1603852345217	1603852345217
USER	Friendly and CLosed Scenario	58	START	1603852345217	1603852345217
USER	Friendly and CLosed Scenario	59	START	1603852345217	1603852345217
USER	Friendly and CLosed Scenario	60	START	1603852345218	1603852345218
USER	Friendly and CLosed Scenario	33	START	1603852345209	1603852345209
USER	Friendly and CLosed Scenario	61	START	1603852345219	1603852345219
USER	Friendly and CLosed Scenario	4	START	1603852345154	1603852345154
USER	Friendly and CLosed Scenario	38	START	1603852345211	1603852345211
USER	Friendly and CLosed Scenario	62	START	1603852345219	1603852345219
USER	Friendly and CLosed Scenario	63	START	1603852345219	1603852345219
USER	Friendly and CLosed Scenario	64	START	1603852345219	1603852345219
USER	Friendly and CLosed Scenario	65	START	1603852345220	1603852345220
USER	Friendly and CLosed Scenario	68	START	1603852345220	1603852345220
USER	Friendly and CLosed Scenario	69	START	1603852345220	1603852345220
USER	Friendly and CLosed Scenario	18	START	1603852345201	1603852345201
USER	Friendly and CLosed Scenario	70	START	1603852345220	1603852345220
USER	Friendly and CLosed Scenario	57	START	1603852345217	1603852345217
USER	Friendly and CLosed Scenario	73	START	1603852345221	1603852345221
USER	Friendly and CLosed Scenario	71	START	1603852345221	1603852345221
USER	Friendly and CLosed Scenario	75	START	1603852345222	1603852345222
USER	Friendly and CLosed Scenario	66	START	1603852345220	1603852345220
USER	Friendly and CLosed Scenario	76	START	1603852345222	1603852345222
USER	Friendly and CLosed Scenario	78	START	1603852345222	1603852345222
USER	Friendly and CLosed Scenario	77	START	1603852345222	1603852345222
USER	Friendly and CLosed Scenario	1	START	1603852345154	1603852345154
USER	Friendly and CLosed Scenario	81	START	1603852345223	1603852345223
USER	Friendly and CLosed Scenario	79	START	1603852345223	1603852345223
USER	Friendly and CLosed Scenario	82	START	1603852345223	1603852345223
USER	Friendly and CLosed Scenario	84	START	1603852345223	1603852345223
USER	Friendly and CLosed Scenario	83	START	1603852345223	1603852345223
USER	Friendly and CLosed Scenario	87	START	1603852345224	1603852345224
USER	Friendly and CLosed Scenario	85	START	1603852345224	1603852345224
USER	Friendly and CLosed Scenario	86	START	1603852345224	1603852345224
USER	Friendly and CLosed Scenario	88	START	1603852345224	1603852345224
USER	Friendly and CLosed Scenario	90	START	1603852345224	1603852345224
USER	Friendly and CLosed Scenario	89	START	1603852345224	1603852345224
USER	Friendly and CLosed Scenario	93	START	1603852345225	1603852345225
USER	Friendly and CLosed Scenario	92	START	1603852345225	1603852345225
USER	Friendly and CLosed Scenario	91	START	1603852345225	1603852345225
USER	Friendly and CLosed Scenario	72	START	1603852345221	1603852345221
USER	Friendly and CLosed Scenario	96	START	1603852345226	1603852345226
USER	Friendly and CLosed Scenario	94	START	1603852345226	1603852345226
USER	Friendly and CLosed Scenario	98	START	1603852345226	1603852345226
USER	Friendly and CLosed Scenario	95	START	1603852345226	1603852345226
USER	Friendly and CLosed Scenario	99	START	1603852345226	1603852345226
USER	Friendly and CLosed Scenario	100	START	1603852345227	1603852345227
USER	Not Friendly and Open Scenario	101	START	1603852345227	1603852345227
USER	Not Friendly and Open Scenario	102	START	1603852345227	1603852345227
USER	Friendly and CLosed Scenario	67	START	1603852345220	1603852345220
USER	Not Friendly and Open Scenario	104	START	1603852345228	1603852345228
USER	Not Friendly and Open Scenario	103	START	1603852345228	1603852345228
USER	Not Friendly and Open Scenario	106	START	1603852345228	1603852345228
USER	Not Friendly and Open Scenario	109	START	1603852345228	1603852345228
USER	Not Friendly and Open Scenario	107	START	1603852345228	1603852345228
USER	Not Friendly and Open Scenario	110	START	1603852345229	1603852345229
USER	Friendly and CLosed Scenario	80	START	1603852345223	1603852345223
USER	Friendly and CLosed Scenario	74	START	1603852345221	1603852345221
USER	Not Friendly and Open Scenario	105	START	1603852345228	1603852345228
USER	Not Friendly and Open Scenario	111	START	1603852345229	1603852345229
USER	Friendly and CLosed Scenario	97	START	1603852345226	1603852345226
USER	Not Friendly and Open Scenario	108	START	1603852345228	1603852345228
USER	Friendly and CLosed Scenario	6	START	1603852345171	1603852345171
USER	Friendly and CLosed Scenario	3	START	1603852345154	1603852345154
USER	Friendly and CLosed Scenario	7	START	1603852345175	1603852345175
USER	Friendly and CLosed Scenario	2	START	1603852345154	1603852345154
USER	Not Friendly and Open Scenario	112	START	1603852346384	1603852346384
USER	Not Friendly and Open Scenario	113	START	1603852347172	1603852347172
REQUEST	25		request_1	1603852345205	1603852347828	OK	 
REQUEST	15		request_1	1603852345211	1603852347827	OK	 
REQUEST	106		request_1	1603852345228	1603852347828	OK	 
REQUEST	3		request_1	1603852345191	1603852347829	OK	 
REQUEST	104		request_1	1603852345228	1603852347828	OK	 
REQUEST	79		request_1	1603852345223	1603852347909	OK	 
REQUEST	98		request_1	1603852345227	1603852347910	OK	 
REQUEST	8		request_1	1603852345191	1603852347908	OK	 
REQUEST	16		request_1	1603852345200	1603852347911	OK	 
USER	Not Friendly and Open Scenario	114	START	1603852348152	1603852348152
REQUEST	47		request_1	1603852345215	1603852348472	OK	 
REQUEST	105		request_1	1603852345236	1603852348475	OK	 
REQUEST	70		request_1	1603852345221	1603852348483	OK	 
USER	Not Friendly and Open Scenario	115	START	1603852349151	1603852349151
REQUEST	14		request_1	1603852345199	1603852349473	OK	 
REQUEST	30		request_1	1603852345209	1603852349474	OK	 
REQUEST	92		request_1	1603852345226	1603852349476	OK	 
REQUEST	65		request_1	1603852345220	1603852349483	OK	 
USER	Not Friendly and Open Scenario	116	START	1603852350152	1603852350152
REQUEST	74		request_1	1603852345233	1603852350485	OK	 
REQUEST	83		request_1	1603852345224	1603852350479	OK	 
REQUEST	112		request_1	1603852346385	1603852350491	OK	 
REQUEST	12		request_1	1603852345196	1603852350491	OK	 
USER	Not Friendly and Open Scenario	117	START	1603852351152	1603852351152
REQUEST	7		request_1	1603852345191	1603852351519	OK	 
REQUEST	80		request_1	1603852345233	1603852351525	OK	 
REQUEST	58		request_1	1603852345218	1603852351527	OK	 
REQUEST	95		request_1	1603852345227	1603852351533	OK	 
REQUEST	89		request_1	1603852345225	1603852351535	OK	 
REQUEST	53		request_1	1603852345216	1603852351536	OK	 
REQUEST	64		request_1	1603852345220	1603852351538	OK	 
USER	Not Friendly and Open Scenario	118	START	1603852352142	1603852352142
REQUEST	11		request_1	1603852345192	1603852352523	OK	 
REQUEST	55		request_1	1603852345217	1603852352533	OK	 
REQUEST	42		request_1	1603852345213	1603852352536	OK	 
REQUEST	86		request_1	1603852345224	1603852352540	OK	 
USER	Not Friendly and Open Scenario	119	START	1603852353152	1603852353152
REQUEST	57		request_1	1603852345217	1603852353536	OK	 
REQUEST	72		request_1	1603852345226	1603852353538	OK	 
REQUEST	88		request_1	1603852345225	1603852353549	OK	 
REQUEST	10		request_1	1603852345191	1603852353552	OK	 
REQUEST	4		request_1	1603852345192	1603852353561	OK	 
REQUEST	73		request_1	1603852345222	1603852353569	OK	 
REQUEST	101		request_1	1603852345227	1603852353572	OK	 
REQUEST	33		request_1	1603852345219	1603852353592	OK	 
REQUEST	13		request_1	1603852345198	1603852353595	OK	 
REQUEST	71		request_1	1603852345222	1603852353599	OK	 
REQUEST	84		request_1	1603852345224	1603852353601	OK	 
REQUEST	26		request_1	1603852345206	1603852353604	OK	 
USER	Not Friendly and Open Scenario	120	START	1603852354152	1603852354152
REQUEST	44		request_1	1603852345214	1603852354568	OK	 
REQUEST	48		request_1	1603852345215	1603852354595	OK	 
REQUEST	114		request_1	1603852348154	1603852354599	OK	 
REQUEST	117		request_1	1603852351153	1603852354601	OK	 
REQUEST	118		request_1	1603852352144	1603852354602	OK	 
REQUEST	87		request_1	1603852345224	1603852354602	OK	 
REQUEST	120		request_1	1603852354153	1603852354603	OK	 
USER	Not Friendly and Open Scenario	121	START	1603852355151	1603852355151
USER	Not Friendly and Open Scenario	122	START	1603852355341	1603852355341
USER	Not Friendly and Open Scenario	123	START	1603852355542	1603852355542
REQUEST	121		request_1	1603852355153	1603852355574	OK	 
REQUEST	116		request_1	1603852350154	1603852355579	OK	 
REQUEST	81		request_1	1603852345223	1603852355610	OK	 
REQUEST	97		request_1	1603852345236	1603852355616	OK	 
REQUEST	110		request_1	1603852345229	1603852355617	OK	 
USER	Not Friendly and Open Scenario	124	START	1603852355742	1603852355742
USER	Not Friendly and Open Scenario	125	START	1603852355941	1603852355941
USER	Not Friendly and Open Scenario	126	START	1603852356142	1603852356142
USER	Not Friendly and Open Scenario	127	START	1603852356352	1603852356352
USER	Not Friendly and Open Scenario	128	START	1603852356552	1603852356552
REQUEST	122		request_1	1603852355342	1603852356573	OK	 
REQUEST	21		request_1	1603852345204	1603852356619	OK	 
REQUEST	43		request_1	1603852345213	1603852356624	OK	 
REQUEST	68		request_1	1603852345220	1603852356627	OK	 
USER	Not Friendly and Open Scenario	129	START	1603852356751	1603852356751
USER	Not Friendly and Open Scenario	130	START	1603852356952	1603852356952
USER	Not Friendly and Open Scenario	131	START	1603852357152	1603852357152
USER	Not Friendly and Open Scenario	132	START	1603852357352	1603852357352
USER	Not Friendly and Open Scenario	133	START	1603852357551	1603852357551
REQUEST	123		request_1	1603852355543	1603852357574	OK	 
REQUEST	94		request_1	1603852345226	1603852357624	OK	 
REQUEST	5		request_1	1603852345191	1603852357632	OK	 
REQUEST	62		request_1	1603852345220	1603852357630	OK	 
REQUEST	17		request_1	1603852345201	1603852357640	OK	 
USER	Not Friendly and Open Scenario	134	START	1603852357752	1603852357752
USER	Not Friendly and Open Scenario	135	START	1603852357952	1603852357952
USER	Not Friendly and Open Scenario	136	START	1603852358152	1603852358152
USER	Not Friendly and Open Scenario	137	START	1603852358351	1603852358351
USER	Not Friendly and Open Scenario	138	START	1603852358552	1603852358552
REQUEST	125		request_1	1603852355942	1603852358578	OK	 
REQUEST	49		request_1	1603852345215	1603852358638	OK	 
REQUEST	85		request_1	1603852345224	1603852358646	OK	 
REQUEST	41		request_1	1603852345212	1603852358647	OK	 
REQUEST	82		request_1	1603852345224	1603852358648	OK	 
REQUEST	59		request_1	1603852345218	1603852358653	OK	 
REQUEST	6		request_1	1603852345191	1603852358661	OK	 
REQUEST	23		request_1	1603852345204	1603852358663	OK	 
REQUEST	115		request_1	1603852349153	1603852358675	OK	 
REQUEST	119		request_1	1603852353153	1603852358695	OK	 
USER	Not Friendly and Open Scenario	139	START	1603852358751	1603852358751
USER	Not Friendly and Open Scenario	140	START	1603852358951	1603852358951
USER	Not Friendly and Open Scenario	141	START	1603852359152	1603852359152
USER	Not Friendly and Open Scenario	142	START	1603852359351	1603852359351
USER	Not Friendly and Open Scenario	143	START	1603852359552	1603852359552
REQUEST	126		request_1	1603852356143	1603852359587	OK	 
REQUEST	18		request_1	1603852345202	1603852359639	OK	 
REQUEST	36		request_1	1603852345212	1603852359641	OK	 
REQUEST	63		request_1	1603852345220	1603852359652	OK	 
REQUEST	76		request_1	1603852345223	1603852359654	OK	 
REQUEST	124		request_1	1603852355742	1603852359705	OK	 
USER	Not Friendly and Open Scenario	144	START	1603852359751	1603852359751
USER	Not Friendly and Open Scenario	145	START	1603852359952	1603852359952
USER	Not Friendly and Open Scenario	146	START	1603852360151	1603852360151
USER	Not Friendly and Open Scenario	147	START	1603852360351	1603852360351
USER	Not Friendly and Open Scenario	148	START	1603852360552	1603852360552
REQUEST	129		request_1	1603852356752	1603852360600	OK	 
REQUEST	130		request_1	1603852356954	1603852360608	OK	 
REQUEST	131		request_1	1603852357153	1603852360612	OK	 
REQUEST	67		request_1	1603852345227	1603852360659	OK	 
REQUEST	128		request_1	1603852356553	1603852360706	OK	 
REQUEST	127		request_1	1603852356353	1603852360706	OK	 
USER	Not Friendly and Open Scenario	149	START	1603852360751	1603852360751
USER	Not Friendly and Open Scenario	150	START	1603852360951	1603852360951
USER	Not Friendly and Open Scenario	151	START	1603852361152	1603852361152
USER	Not Friendly and Open Scenario	152	START	1603852361352	1603852361352
USER	Not Friendly and Open Scenario	153	START	1603852361553	1603852361553
REQUEST	132		request_1	1603852357354	1603852361629	OK	 
REQUEST	134		request_1	1603852357753	1603852361634	OK	 
REQUEST	22		request_1	1603852345204	1603852361663	OK	 
REQUEST	113		request_1	1603852347172	1603852361666	OK	 
REQUEST	100		request_1	1603852345227	1603852361668	OK	 
REQUEST	133		request_1	1603852357553	1603852361707	OK	 
USER	Not Friendly and Open Scenario	154	START	1603852361751	1603852361751
USER	Not Friendly and Open Scenario	155	START	1603852361952	1603852361952
USER	Not Friendly and Open Scenario	156	START	1603852362152	1603852362152
USER	Not Friendly and Open Scenario	157	START	1603852362352	1603852362352
USER	Not Friendly and Open Scenario	158	START	1603852362558	1603852362558
REQUEST	15		request_2	1603852357853	1603852362637	OK	 
REQUEST	104		request_2	1603852357853	1603852362641	OK	 
REQUEST	98		request_2	1603852357923	1603852362641	OK	 
REQUEST	20		request_1	1603852345203	1603852362664	OK	 
REQUEST	109		request_1	1603852345229	1603852362665	OK	 
REQUEST	61		request_1	1603852345219	1603852362668	OK	 
USER	Friendly and CLosed Scenario	15	END	1603852345199	1603852362669
USER	Not Friendly and Open Scenario	104	END	1603852345228	1603852362669
USER	Friendly and CLosed Scenario	98	END	1603852345226	1603852362670
REQUEST	66		request_1	1603852345222	1603852362670	OK	 
REQUEST	25		request_2	1603852357853	1603852362711	OK	 
USER	Friendly and CLosed Scenario	25	END	1603852345205	1603852362712
REQUEST	106		request_2	1603852357853	1603852362712	OK	 
USER	Not Friendly and Open Scenario	106	END	1603852345228	1603852362712
REQUEST	3		request_2	1603852357853	1603852362718	OK	 
USER	Friendly and CLosed Scenario	3	END	1603852345154	1603852362718
USER	Not Friendly and Open Scenario	159	START	1603852362752	1603852362752
USER	Not Friendly and Open Scenario	160	START	1603852362952	1603852362952
USER	Not Friendly and Open Scenario	161	START	1603852363152	1603852363152
USER	Not Friendly and Open Scenario	162	START	1603852363351	1603852363351
USER	Not Friendly and Open Scenario	163	START	1603852363552	1603852363552
REQUEST	79		request_2	1603852357923	1603852363650	OK	 
USER	Friendly and CLosed Scenario	79	END	1603852345223	1603852363650
REQUEST	103		request_1	1603852345228	1603852363668	OK	 
REQUEST	111		request_1	1603852345236	1603852363670	OK	 
REQUEST	29		request_1	1603852345208	1603852363672	OK	 
REQUEST	75		request_1	1603852345222	1603852363673	OK	 
REQUEST	8		request_2	1603852357923	1603852363718	OK	 
USER	Friendly and CLosed Scenario	8	END	1603852345160	1603852363718
USER	Not Friendly and Open Scenario	164	START	1603852363751	1603852363751
USER	Not Friendly and Open Scenario	165	START	1603852363951	1603852363951
USER	Not Friendly and Open Scenario	166	START	1603852364152	1603852364152
USER	Not Friendly and Open Scenario	167	START	1603852364352	1603852364352
USER	Not Friendly and Open Scenario	168	START	1603852364551	1603852364551
REQUEST	16		request_2	1603852357933	1603852364674	OK	 
USER	Friendly and CLosed Scenario	16	END	1603852345199	1603852364675
REQUEST	1		request_1	1603852345191	1603852364677	OK	 
REQUEST	137		request_1	1603852358353	1603852364719	OK	 
REQUEST	135		request_1	1603852357954	1603852364719	OK	 
REQUEST	105		request_2	1603852358493	1603852364723	OK	 
REQUEST	142		request_1	1603852359352	1603852364723	OK	 
USER	Not Friendly and Open Scenario	105	END	1603852345228	1603852364724
USER	Not Friendly and Open Scenario	169	START	1603852364752	1603852364752
USER	Not Friendly and Open Scenario	170	START	1603852364951	1603852364951
USER	Not Friendly and Open Scenario	171	START	1603852365151	1603852365151
USER	Not Friendly and Open Scenario	172	START	1603852365351	1603852365351
USER	Not Friendly and Open Scenario	173	START	1603852365551	1603852365551
REQUEST	136		request_1	1603852358153	1603852365653	OK	 
REQUEST	39		request_1	1603852345212	1603852365677	OK	 
REQUEST	65		request_2	1603852359503	1603852365726	OK	 
USER	Friendly and CLosed Scenario	65	END	1603852345220	1603852365727
USER	Not Friendly and Open Scenario	174	START	1603852365752	1603852365752
USER	Not Friendly and Open Scenario	175	START	1603852365952	1603852365952
USER	Not Friendly and Open Scenario	176	START	1603852366152	1603852366152
USER	Not Friendly and Open Scenario	177	START	1603852366271	1603852366271
USER	Not Friendly and Open Scenario	178	START	1603852366402	1603852366402
USER	Not Friendly and Open Scenario	179	START	1603852366522	1603852366522
USER	Not Friendly and Open Scenario	180	START	1603852366652	1603852366652
REQUEST	47		request_2	1603852358493	1603852366671	OK	 
USER	Friendly and CLosed Scenario	47	END	1603852345214	1603852366672
REQUEST	46		request_1	1603852345214	1603852366677	OK	 
REQUEST	143		request_1	1603852359553	1603852366728	OK	 
REQUEST	112		request_2	1603852360512	1603852366730	OK	 
USER	Not Friendly and Open Scenario	112	END	1603852346384	1603852366733
USER	Not Friendly and Open Scenario	181	START	1603852366771	1603852366771
USER	Not Friendly and Open Scenario	182	START	1603852366901	1603852366901
USER	Not Friendly and Open Scenario	183	START	1603852367021	1603852367021
USER	Not Friendly and Open Scenario	184	START	1603852367151	1603852367151
USER	Not Friendly and Open Scenario	185	START	1603852367272	1603852367272
USER	Not Friendly and Open Scenario	186	START	1603852367402	1603852367402
USER	Not Friendly and Open Scenario	187	START	1603852367522	1603852367522
USER	Not Friendly and Open Scenario	188	START	1603852367652	1603852367652
REQUEST	138		request_1	1603852358553	1603852367697	OK	 
REQUEST	70		request_2	1603852358502	1603852367698	OK	 
USER	Friendly and CLosed Scenario	70	END	1603852345220	1603852367700
REQUEST	50		request_1	1603852345215	1603852367707	OK	 
REQUEST	152		request_1	1603852361353	1603852367731	OK	 
REQUEST	150		request_1	1603852360953	1603852367733	OK	 
USER	Not Friendly and Open Scenario	189	START	1603852367772	1603852367772
USER	Not Friendly and Open Scenario	190	START	1603852367901	1603852367901
USER	Not Friendly and Open Scenario	191	START	1603852368022	1603852368022
USER	Not Friendly and Open Scenario	192	START	1603852368152	1603852368152
USER	Not Friendly and Open Scenario	193	START	1603852368242	1603852368242
USER	Not Friendly and Open Scenario	194	START	1603852368332	1603852368332
USER	Not Friendly and Open Scenario	195	START	1603852368422	1603852368422
USER	Not Friendly and Open Scenario	196	START	1603852368512	1603852368512
USER	Not Friendly and Open Scenario	197	START	1603852368601	1603852368601
REQUEST	140		request_1	1603852358953	1603852368674	OK	 
REQUEST	139		request_1	1603852358752	1603852368674	OK	 
REQUEST	141		request_1	1603852359153	1603852368683	OK	 
USER	Not Friendly and Open Scenario	198	START	1603852368691	1603852368691
REQUEST	34		request_1	1603852345210	1603852368706	OK	 
REQUEST	69		request_1	1603852345221	1603852368713	OK	 
REQUEST	19		request_1	1603852345203	1603852368715	OK	 
REQUEST	58		request_2	1603852361542	1603852368733	OK	 
USER	Friendly and CLosed Scenario	58	END	1603852345217	1603852368734
REQUEST	89		request_2	1603852361543	1603852368735	OK	 
USER	Friendly and CLosed Scenario	89	END	1603852345224	1603852368737
REQUEST	95		request_2	1603852361543	1603852368738	OK	 
USER	Friendly and CLosed Scenario	95	END	1603852345226	1603852368739
USER	Not Friendly and Open Scenario	199	START	1603852368782	1603852368782
USER	Not Friendly and Open Scenario	200	START	1603852368872	1603852368872
USER	Not Friendly and Open Scenario	201	START	1603852368962	1603852368962
USER	Not Friendly and Open Scenario	202	START	1603852369062	1603852369062
USER	Not Friendly and Open Scenario	203	START	1603852369152	1603852369152
USER	Not Friendly and Open Scenario	204	START	1603852369242	1603852369242
USER	Not Friendly and Open Scenario	205	START	1603852369332	1603852369332
USER	Not Friendly and Open Scenario	206	START	1603852369422	1603852369422
USER	Not Friendly and Open Scenario	207	START	1603852369511	1603852369511
USER	Not Friendly and Open Scenario	208	START	1603852369602	1603852369602
REQUEST	92		request_2	1603852359493	1603852369682	OK	 
USER	Friendly and CLosed Scenario	92	END	1603852345225	1603852369683
USER	Not Friendly and Open Scenario	209	START	1603852369691	1603852369691
REQUEST	12		request_2	1603852360512	1603852369737	OK	 
USER	Friendly and CLosed Scenario	12	END	1603852345196	1603852369738
REQUEST	148		request_1	1603852360553	1603852369747	OK	 
REQUEST	154		request_1	1603852361753	1603852369748	OK	 
REQUEST	153		request_1	1603852361555	1603852369749	OK	 
USER	Not Friendly and Open Scenario	210	START	1603852369781	1603852369781
USER	Not Friendly and Open Scenario	211	START	1603852369871	1603852369871
USER	Not Friendly and Open Scenario	212	START	1603852369971	1603852369971
USER	Not Friendly and Open Scenario	213	START	1603852370061	1603852370061
USER	Not Friendly and Open Scenario	214	START	1603852370152	1603852370152
USER	Not Friendly and Open Scenario	215	START	1603852370222	1603852370222
USER	Not Friendly and Open Scenario	216	START	1603852370292	1603852370292
USER	Not Friendly and Open Scenario	217	START	1603852370362	1603852370362
USER	Not Friendly and Open Scenario	218	START	1603852370431	1603852370431
USER	Not Friendly and Open Scenario	219	START	1603852370502	1603852370502
USER	Not Friendly and Open Scenario	220	START	1603852370571	1603852370571
USER	Not Friendly and Open Scenario	221	START	1603852370651	1603852370651
REQUEST	14		request_2	1603852359493	1603852370684	OK	 
USER	Friendly and CLosed Scenario	14	END	1603852345198	1603852370685
REQUEST	30		request_2	1603852359493	1603852370687	OK	 
USER	Friendly and CLosed Scenario	30	END	1603852345209	1603852370690
USER	Not Friendly and Open Scenario	222	START	1603852370722	1603852370722
REQUEST	151		request_1	1603852361153	1603852370773	OK	 
REQUEST	155		request_1	1603852361954	1603852370773	OK	 
USER	Not Friendly and Open Scenario	223	START	1603852370791	1603852370791
USER	Not Friendly and Open Scenario	224	START	1603852370861	1603852370861
USER	Not Friendly and Open Scenario	225	START	1603852370931	1603852370931
USER	Not Friendly and Open Scenario	226	START	1603852371001	1603852371001
USER	Not Friendly and Open Scenario	227	START	1603852371072	1603852371072
USER	Not Friendly and Open Scenario	228	START	1603852371152	1603852371152
USER	Not Friendly and Open Scenario	229	START	1603852371222	1603852371222
USER	Not Friendly and Open Scenario	230	START	1603852371292	1603852371292
USER	Not Friendly and Open Scenario	231	START	1603852371362	1603852371362
USER	Not Friendly and Open Scenario	232	START	1603852371431	1603852371431
USER	Not Friendly and Open Scenario	233	START	1603852371502	1603852371502
USER	Not Friendly and Open Scenario	234	START	1603852371571	1603852371571
USER	Not Friendly and Open Scenario	235	START	1603852371652	1603852371652
REQUEST	144		request_1	1603852359752	1603852371688	OK	 
USER	Not Friendly and Open Scenario	236	START	1603852371721	1603852371721
REQUEST	7		request_2	1603852361542	1603852371771	OK	 
USER	Friendly and CLosed Scenario	7	END	1603852345175	1603852371772
REQUEST	156		request_1	1603852362153	1603852371773	OK	 
REQUEST	157		request_1	1603852362353	1603852371774	OK	 
REQUEST	42		request_2	1603852362553	1603852371773	OK	 
REQUEST	11		request_2	1603852362543	1603852371774	OK	 
USER	Friendly and CLosed Scenario	42	END	1603852345212	1603852371774
USER	Friendly and CLosed Scenario	11	END	1603852345177	1603852371774
REQUEST	55		request_2	1603852362552	1603852371778	OK	 
REQUEST	161		request_1	1603852363153	1603852371778	OK	 
USER	Friendly and CLosed Scenario	55	END	1603852345216	1603852371779
USER	Not Friendly and Open Scenario	237	START	1603852371791	1603852371791
USER	Not Friendly and Open Scenario	238	START	1603852371861	1603852371861
USER	Not Friendly and Open Scenario	239	START	1603852371932	1603852371932
USER	Not Friendly and Open Scenario	240	START	1603852372002	1603852372002
USER	Not Friendly and Open Scenario	241	START	1603852372071	1603852372071
USER	Not Friendly and Open Scenario	242	START	1603852372151	1603852372151
USER	Not Friendly and Open Scenario	243	START	1603852372202	1603852372202
USER	Not Friendly and Open Scenario	244	START	1603852372262	1603852372262
USER	Not Friendly and Open Scenario	245	START	1603852372321	1603852372321
USER	Not Friendly and Open Scenario	246	START	1603852372382	1603852372382
USER	Not Friendly and Open Scenario	247	START	1603852372441	1603852372441
USER	Not Friendly and Open Scenario	248	START	1603852372501	1603852372501
USER	Not Friendly and Open Scenario	249	START	1603852372561	1603852372561
USER	Not Friendly and Open Scenario	250	START	1603852372622	1603852372622
USER	Not Friendly and Open Scenario	251	START	1603852372682	1603852372682
REQUEST	146		request_1	1603852360153	1603852372700	OK	 
REQUEST	145		request_1	1603852359953	1603852372700	OK	 
REQUEST	147		request_1	1603852360353	1603852372701	OK	 
USER	Not Friendly and Open Scenario	252	START	1603852372731	1603852372731
REQUEST	64		request_2	1603852361553	1603852372772	OK	 
USER	Friendly and CLosed Scenario	64	END	1603852345219	1603852372773
REQUEST	158		request_1	1603852362560	1603852372773	OK	 
REQUEST	162		request_1	1603852363353	1603852372779	OK	 
REQUEST	57		request_2	1603852363552	1603852372782	OK	 
USER	Friendly and CLosed Scenario	57	END	1603852345217	1603852372782
USER	Not Friendly and Open Scenario	253	START	1603852372792	1603852372792
USER	Not Friendly and Open Scenario	254	START	1603852372852	1603852372852
USER	Not Friendly and Open Scenario	255	START	1603852372912	1603852372912
USER	Not Friendly and Open Scenario	256	START	1603852372972	1603852372972
USER	Not Friendly and Open Scenario	257	START	1603852373032	1603852373032
USER	Not Friendly and Open Scenario	258	START	1603852373092	1603852373092
USER	Not Friendly and Open Scenario	259	START	1603852373151	1603852373151
USER	Not Friendly and Open Scenario	260	START	1603852373202	1603852373202
USER	Not Friendly and Open Scenario	261	START	1603852373261	1603852373261
USER	Not Friendly and Open Scenario	262	START	1603852373322	1603852373322
USER	Not Friendly and Open Scenario	263	START	1603852373381	1603852373381
USER	Not Friendly and Open Scenario	264	START	1603852373442	1603852373442
USER	Not Friendly and Open Scenario	265	START	1603852373502	1603852373502
USER	Not Friendly and Open Scenario	266	START	1603852373561	1603852373561
USER	Not Friendly and Open Scenario	267	START	1603852373622	1603852373622
USER	Not Friendly and Open Scenario	268	START	1603852373681	1603852373681
REQUEST	83		request_2	1603852360503	1603852373729	OK	 
USER	Friendly and CLosed Scenario	83	END	1603852345223	1603852373731
USER	Not Friendly and Open Scenario	269	START	1603852373732	1603852373732
REQUEST	163		request_1	1603852363553	1603852373775	OK	 
REQUEST	160		request_1	1603852362952	1603852373775	OK	 
REQUEST	10		request_2	1603852363572	1603852373776	OK	 
USER	Friendly and CLosed Scenario	10	END	1603852345177	1603852373777
REQUEST	4		request_2	1603852363583	1603852373783	OK	 
USER	Friendly and CLosed Scenario	4	END	1603852345154	1603852373783
REQUEST	165		request_1	1603852363953	1603852373786	OK	 
REQUEST	166		request_1	1603852364153	1603852373787	OK	 
USER	Not Friendly and Open Scenario	270	START	1603852373791	1603852373791
USER	Not Friendly and Open Scenario	271	START	1603852373852	1603852373852
USER	Not Friendly and Open Scenario	272	START	1603852373912	1603852373912
USER	Not Friendly and Open Scenario	273	START	1603852373971	1603852373971
USER	Not Friendly and Open Scenario	274	START	1603852374031	1603852374031
USER	Not Friendly and Open Scenario	275	START	1603852374092	1603852374092
USER	Not Friendly and Open Scenario	276	START	1603852374152	1603852374152
USER	Not Friendly and Open Scenario	277	START	1603852374202	1603852374202
USER	Not Friendly and Open Scenario	278	START	1603852374251	1603852374251
USER	Not Friendly and Open Scenario	279	START	1603852374301	1603852374301
USER	Not Friendly and Open Scenario	280	START	1603852374352	1603852374352
USER	Not Friendly and Open Scenario	281	START	1603852374402	1603852374402
USER	Not Friendly and Open Scenario	282	START	1603852374451	1603852374451
USER	Not Friendly and Open Scenario	283	START	1603852374501	1603852374501
USER	Not Friendly and Open Scenario	284	START	1603852374551	1603852374551
USER	Not Friendly and Open Scenario	285	START	1603852374602	1603852374602
USER	Not Friendly and Open Scenario	286	START	1603852374652	1603852374652
USER	Not Friendly and Open Scenario	287	START	1603852374702	1603852374702
REQUEST	74		request_2	1603852360503	1603852374731	OK	 
USER	Friendly and CLosed Scenario	74	END	1603852345221	1603852374732
USER	Not Friendly and Open Scenario	288	START	1603852374752	1603852374752
REQUEST	167		request_1	1603852364353	1603852374788	OK	 
REQUEST	88		request_2	1603852363572	1603852374794	OK	 
USER	Friendly and CLosed Scenario	88	END	1603852345224	1603852374795
REQUEST	71		request_2	1603852363612	1603852374801	OK	 
USER	Friendly and CLosed Scenario	71	END	1603852345221	1603852374802
USER	Not Friendly and Open Scenario	289	START	1603852374802	1603852374802
REQUEST	84		request_2	1603852363612	1603852374806	OK	 
USER	Friendly and CLosed Scenario	84	END	1603852345223	1603852374807
REQUEST	26		request_2	1603852363612	1603852374812	OK	 
USER	Friendly and CLosed Scenario	26	END	1603852345205	1603852374813
USER	Not Friendly and Open Scenario	290	START	1603852374852	1603852374852
USER	Not Friendly and Open Scenario	291	START	1603852374901	1603852374901
USER	Not Friendly and Open Scenario	292	START	1603852374952	1603852374952
USER	Not Friendly and Open Scenario	293	START	1603852375002	1603852375002
USER	Not Friendly and Open Scenario	294	START	1603852375051	1603852375051
USER	Not Friendly and Open Scenario	295	START	1603852375101	1603852375101
USER	Not Friendly and Open Scenario	296	START	1603852375151	1603852375151
REQUEST	149		request_1	1603852360752	1603852375733	OK	 
REQUEST	80		request_2	1603852361542	1603852375735	OK	 
USER	Friendly and CLosed Scenario	80	END	1603852345223	1603852375737
REQUEST	44		request_2	1603852364583	1603852375793	OK	 
USER	Friendly and CLosed Scenario	44	END	1603852345213	1603852375794
REQUEST	164		request_1	1603852363752	1603852375806	OK	 
USER	Not Friendly and Open Scenario	297	START	1603852376652	1603852376652
REQUEST	159		request_1	1603852362752	1603852376735	OK	 
REQUEST	53		request_2	1603852361543	1603852376735	OK	 
USER	Friendly and CLosed Scenario	53	END	1603852345216	1603852376736
REQUEST	86		request_2	1603852362558	1603852376738	OK	 
USER	Friendly and CLosed Scenario	86	END	1603852345224	1603852376739
REQUEST	173		request_1	1603852365553	1603852376799	OK	 
REQUEST	116		request_2	1603852365593	1603852376800	OK	 
USER	Not Friendly and Open Scenario	116	END	1603852350152	1603852376800
REQUEST	87		request_2	1603852364613	1603852376806	OK	 
USER	Friendly and CLosed Scenario	87	END	1603852345224	1603852376806
REQUEST	48		request_2	1603852364613	1603852376807	OK	 
USER	Friendly and CLosed Scenario	48	END	1603852345215	1603852376808
REQUEST	120		request_2	1603852364624	1603852376811	OK	 
REQUEST	118		request_2	1603852364613	1603852376811	OK	 
USER	Not Friendly and Open Scenario	118	END	1603852352142	1603852376811
USER	Not Friendly and Open Scenario	120	END	1603852354152	1603852376812
REQUEST	117		request_2	1603852364613	1603852376813	OK	 
USER	Not Friendly and Open Scenario	117	END	1603852351152	1603852376814
USER	Not Friendly and Open Scenario	298	START	1603852377712	1603852377712
REQUEST	72		request_2	1603852363552	1603852377740	OK	 
USER	Friendly and CLosed Scenario	72	END	1603852345221	1603852377741
REQUEST	121		request_2	1603852365593	1603852377796	OK	 
REQUEST	81		request_2	1603852365623	1603852377797	OK	 
USER	Not Friendly and Open Scenario	121	END	1603852355151	1603852377797
USER	Friendly and CLosed Scenario	81	END	1603852345223	1603852377798
REQUEST	169		request_1	1603852364752	1603852377814	OK	 
USER	Not Friendly and Open Scenario	299	START	1603852378592	1603852378592
REQUEST	73		request_2	1603852363583	1603852378737	OK	 
USER	Friendly and CLosed Scenario	73	END	1603852345221	1603852378737
REQUEST	97		request_2	1603852365633	1603852378797	OK	 
USER	Friendly and CLosed Scenario	97	END	1603852345226	1603852378798
REQUEST	171		request_1	1603852365153	1603852378811	OK	 
USER	Not Friendly and Open Scenario	300	START	1603852379392	1603852379392
REQUEST	101		request_2	1603852363593	1603852379740	OK	 
USER	Not Friendly and Open Scenario	101	END	1603852345227	1603852379741
REQUEST	33		request_2	1603852363602	1603852379742	OK	 
USER	Friendly and CLosed Scenario	33	END	1603852345209	1603852379744
REQUEST	175		request_1	1603852365954	1603852379810	OK	 
REQUEST	177		request_1	1603852366273	1603852379814	OK	 
REQUEST	183		request_1	1603852367022	1603852379815	OK	 
REQUEST	178		request_1	1603852366403	1603852379817	OK	 
REQUEST	172		request_1	1603852365353	1603852379824	OK	 
REQUEST	184		request_1	1603852367152	1603852379824	OK	 
USER	Not Friendly and Open Scenario	301	START	1603852380151	1603852380151
REQUEST	168		request_1	1603852364552	1603852380739	OK	 
REQUEST	174		request_1	1603852365753	1603852380829	OK	 
REQUEST	185		request_1	1603852367274	1603852380830	OK	 
REQUEST	186		request_1	1603852367403	1603852380836	OK	 
USER	Not Friendly and Open Scenario	302	START	1603852380912	1603852380912
USER	Not Friendly and Open Scenario	303	START	1603852381702	1603852381702
REQUEST	114		request_2	1603852364613	1603852381743	OK	 
USER	Not Friendly and Open Scenario	114	END	1603852348152	1603852381744
REQUEST	170		request_1	1603852364952	1603852381751	OK	 
REQUEST	21		request_2	1603852366633	1603852381838	OK	 
REQUEST	188		request_1	1603852367653	1603852381838	OK	 
USER	Friendly and CLosed Scenario	21	END	1603852345203	1603852381839
REQUEST	192		request_1	1603852368153	1603852381845	OK	 
REQUEST	194		request_1	1603852368333	1603852381846	OK	 
REQUEST	193		request_1	1603852368243	1603852381849	OK	 
REQUEST	82		request_2	1603852368662	1603852381852	OK	 
USER	Friendly and CLosed Scenario	82	END	1603852345223	1603852381853
USER	Not Friendly and Open Scenario	304	START	1603852382592	1603852382592
REQUEST	176		request_1	1603852366153	1603852382751	OK	 
REQUEST	110		request_2	1603852365633	1603852382752	OK	 
USER	Not Friendly and Open Scenario	110	END	1603852345229	1603852382754
REQUEST	43		request_2	1603852366642	1603852382758	OK	 
USER	Friendly and CLosed Scenario	43	END	1603852345212	1603852382760
REQUEST	68		request_2	1603852366642	1603852382838	OK	 
USER	Friendly and CLosed Scenario	68	END	1603852345220	1603852382839
REQUEST	199		request_1	1603852368783	1603852382851	OK	 
REQUEST	41		request_2	1603852368662	1603852382852	OK	 
USER	Friendly and CLosed Scenario	41	END	1603852345212	1603852382852
REQUEST	201		request_1	1603852368962	1603852382853	OK	 
USER	Not Friendly and Open Scenario	305	START	1603852383642	1603852383642
REQUEST	180		request_1	1603852366653	1603852383759	OK	 
REQUEST	181		request_1	1603852366772	1603852383760	OK	 
REQUEST	62		request_2	1603852367653	1603852383768	OK	 
USER	Friendly and CLosed Scenario	62	END	1603852345219	1603852383769
REQUEST	182		request_1	1603852366902	1603852383843	OK	 
REQUEST	202		request_1	1603852369062	1603852383869	OK	 
REQUEST	126		request_2	1603852369603	1603852383877	OK	 
USER	Not Friendly and Open Scenario	126	END	1603852356142	1603852383878
REQUEST	17		request_2	1603852367662	1603852384768	OK	 
USER	Friendly and CLosed Scenario	17	END	1603852345200	1603852384769
REQUEST	94		request_2	1603852367642	1603852384844	OK	 
USER	Friendly and CLosed Scenario	94	END	1603852345226	1603852384846
REQUEST	208		request_1	1603852369603	1603852384879	OK	 
REQUEST	189		request_1	1603852367772	1603852385768	OK	 
REQUEST	5		request_2	1603852367653	1603852385866	OK	 
REQUEST	125		request_2	1603852368593	1603852385868	OK	 
REQUEST	197		request_1	1603852368603	1603852385870	OK	 
REQUEST	190		request_1	1603852367903	1603852385870	OK	 
USER	Friendly and CLosed Scenario	5	END	1603852345154	1603852385867
USER	Not Friendly and Open Scenario	125	END	1603852355941	1603852385869
REQUEST	211		request_1	1603852369872	1603852385877	OK	 
REQUEST	213		request_1	1603852370062	1603852385883	OK	 
REQUEST	191		request_1	1603852368023	1603852386768	OK	 
REQUEST	119		request_2	1603852368712	1603852386871	OK	 
REQUEST	198		request_1	1603852368692	1603852386871	OK	 
USER	Not Friendly and Open Scenario	119	END	1603852353152	1603852386873
REQUEST	215		request_1	1603852370223	1603852386879	OK	 
REQUEST	49		request_2	1603852368652	1603852387792	OK	 
USER	Friendly and CLosed Scenario	49	END	1603852345215	1603852387793
REQUEST	59		request_2	1603852368676	1603852387798	OK	 
USER	Friendly and CLosed Scenario	59	END	1603852345217	1603852387799
REQUEST	85		request_2	1603852368662	1603852387800	OK	 
USER	Friendly and CLosed Scenario	85	END	1603852345224	1603852387801
REQUEST	200		request_1	1603852368873	1603852387869	OK	 
REQUEST	130		request_2	1603852370622	1603852387882	OK	 
USER	Not Friendly and Open Scenario	130	END	1603852356952	1603852387883
REQUEST	216		request_1	1603852370293	1603852387886	OK	 
REQUEST	221		request_1	1603852370653	1603852387889	OK	 
REQUEST	223		request_1	1603852370792	1603852387891	OK	 
REQUEST	23		request_2	1603852368684	1603852388813	OK	 
USER	Friendly and CLosed Scenario	23	END	1603852345204	1603852388814
REQUEST	204		request_1	1603852369243	1603852388869	OK	 
REQUEST	229		request_1	1603852371222	1603852388890	OK	 
REQUEST	230		request_1	1603852371292	1603852388890	OK	 
REQUEST	235		request_1	1603852371652	1603852388892	OK	 
REQUEST	6		request_2	1603852368684	1603852389813	OK	 
USER	Friendly and CLosed Scenario	6	END	1603852345171	1603852389814
REQUEST	206		request_1	1603852369423	1603852389824	OK	 
REQUEST	205		request_1	1603852369333	1603852389871	OK	 
REQUEST	22		request_2	1603852371682	1603852389895	OK	 
USER	Friendly and CLosed Scenario	22	END	1603852345203	1603852389896
REQUEST	131		request_2	1603852370622	1603852390837	OK	 
REQUEST	214		request_1	1603852370152	1603852390838	OK	 
USER	Not Friendly and Open Scenario	131	END	1603852357152	1603852390838
REQUEST	129		request_2	1603852370612	1603852390840	OK	 
USER	Not Friendly and Open Scenario	129	END	1603852356751	1603852390841
REQUEST	124		request_2	1603852369722	1603852390842	OK	 
USER	Not Friendly and Open Scenario	124	END	1603852355742	1603852390843
REQUEST	207		request_1	1603852369513	1603852390844	OK	 
REQUEST	209		request_1	1603852369692	1603852390845	OK	 
REQUEST	63		request_2	1603852369673	1603852390870	OK	 
REQUEST	219		request_1	1603852370503	1603852390870	OK	 
REQUEST	210		request_1	1603852369783	1603852390870	OK	 
USER	Friendly and CLosed Scenario	63	END	1603852345219	1603852390871
REQUEST	76		request_2	1603852369673	1603852390871	OK	 
USER	Friendly and CLosed Scenario	76	END	1603852345222	1603852390872
REQUEST	212		request_1	1603852369972	1603852390872	OK	 
REQUEST	238		request_1	1603852371862	1603852390894	OK	 
REQUEST	128		request_2	1603852370723	1603852391840	OK	 
USER	Not Friendly and Open Scenario	128	END	1603852356552	1603852391842
REQUEST	224		request_1	1603852370862	1603852391890	OK	 
REQUEST	225		request_1	1603852370932	1603852391892	OK	 
REQUEST	220		request_1	1603852370573	1603852391893	OK	 
REQUEST	240		request_1	1603852372003	1603852391896	OK	 
REQUEST	239		request_1	1603852371933	1603852391897	OK	 
REQUEST	127		request_2	1603852370722	1603852392840	OK	 
USER	Not Friendly and Open Scenario	127	END	1603852356352	1603852392841
REQUEST	233		request_1	1603852371503	1603852392893	OK	 
REQUEST	226		request_1	1603852371002	1603852392893	OK	 
REQUEST	241		request_1	1603852372072	1603852392916	OK	 
REQUEST	227		request_1	1603852371073	1603852393841	OK	 
REQUEST	234		request_1	1603852371572	1603852393893	OK	 
REQUEST	242		request_1	1603852372152	1603852393916	OK	 
REQUEST	228		request_1	1603852371153	1603852394856	OK	 
REQUEST	132		request_2	1603852371642	1603852394857	OK	 
USER	Not Friendly and Open Scenario	132	END	1603852357352	1603852394858
REQUEST	243		request_1	1603852372202	1603852394893	OK	 
REQUEST	236		request_1	1603852371722	1603852394895	OK	 
REQUEST	247		request_1	1603852372442	1603852394916	OK	 
REQUEST	134		request_2	1603852371652	1603852395857	OK	 
REQUEST	133		request_2	1603852371722	1603852395857	OK	 
USER	Not Friendly and Open Scenario	134	END	1603852357752	1603852395858
USER	Not Friendly and Open Scenario	133	END	1603852357551	1603852395858
REQUEST	245		request_1	1603852372322	1603852395858	OK	 
REQUEST	244		request_1	1603852372262	1603852395911	OK	 
REQUEST	248		request_1	1603852372502	1603852395918	OK	 
REQUEST	246		request_1	1603852372382	1603852396858	OK	 
REQUEST	251		request_1	1603852372683	1603852396858	OK	 
REQUEST	20		request_2	1603852372682	1603852396910	OK	 
USER	Friendly and CLosed Scenario	20	END	1603852345202	1603852396911
REQUEST	66		request_2	1603852372682	1603852396936	OK	 
REQUEST	256		request_1	1603852372972	1603852396939	OK	 
USER	Friendly and CLosed Scenario	66	END	1603852345220	1603852396938
REQUEST	255		request_1	1603852372912	1603852397859	OK	 
REQUEST	61		request_2	1603852372682	1603852397860	OK	 
USER	Friendly and CLosed Scenario	61	END	1603852345219	1603852397861
REQUEST	109		request_2	1603852372682	1603852397910	OK	 
USER	Not Friendly and Open Scenario	109	END	1603852345228	1603852397911
REQUEST	252		request_1	1603852372732	1603852397911	OK	 
REQUEST	259		request_1	1603852373153	1603852397918	OK	 
REQUEST	257		request_1	1603852373033	1603852397918	OK	 
REQUEST	111		request_2	1603852373682	1603852397919	OK	 
USER	Not Friendly and Open Scenario	111	END	1603852345229	1603852397919
REQUEST	264		request_1	1603852373443	1603852398871	OK	 
REQUEST	258		request_1	1603852373092	1603852398873	OK	 
REQUEST	273		request_1	1603852373972	1603852398873	OK	 
REQUEST	75		request_2	1603852373692	1603852398876	OK	 
USER	Friendly and CLosed Scenario	75	END	1603852345222	1603852398877
REQUEST	253		request_1	1603852372792	1603852398910	OK	 
REQUEST	268		request_1	1603852373683	1603852398924	OK	 
REQUEST	29		request_2	1603852373692	1603852398925	OK	 
USER	Friendly and CLosed Scenario	29	END	1603852345208	1603852398926
REQUEST	274		request_1	1603852374032	1603852399874	OK	 
REQUEST	254		request_1	1603852372852	1603852399915	OK	 
REQUEST	275		request_1	1603852374093	1603852399926	OK	 
REQUEST	281		request_1	1603852374403	1603852399928	OK	 
REQUEST	277		request_1	1603852374203	1603852400874	OK	 
REQUEST	262		request_1	1603852373323	1603852400916	OK	 
REQUEST	287		request_1	1603852374703	1603852400937	OK	 
REQUEST	137		request_2	1603852374732	1603852400938	OK	 
USER	Not Friendly and Open Scenario	137	END	1603852358351	1603852400938
REQUEST	284		request_1	1603852374552	1603852400940	OK	 
REQUEST	278		request_1	1603852374252	1603852401875	OK	 
REQUEST	263		request_1	1603852373383	1603852401919	OK	 
REQUEST	288		request_1	1603852374752	1603852401938	OK	 
REQUEST	293		request_1	1603852375002	1603852401938	OK	 
REQUEST	136		request_2	1603852375672	1603852401938	OK	 
USER	Not Friendly and Open Scenario	136	END	1603852358152	1603852401939
REQUEST	1		request_2	1603852374692	1603852402881	OK	 
USER	Friendly and CLosed Scenario	1	END	1603852345154	1603852402881
REQUEST	142		request_2	1603852374742	1603852402882	OK	 
USER	Not Friendly and Open Scenario	142	END	1603852359351	1603852402883
REQUEST	267		request_1	1603852373623	1603852402917	OK	 
REQUEST	296		request_1	1603852375152	1603852402938	OK	 
REQUEST	50		request_2	1603852377722	1603852402941	OK	 
USER	Friendly and CLosed Scenario	50	END	1603852345215	1603852402941
REQUEST	294		request_1	1603852375052	1603852402942	OK	 
REQUEST	152		request_2	1603852377752	1603852402943	OK	 
REQUEST	143		request_2	1603852376742	1603852402943	OK	 
USER	Not Friendly and Open Scenario	152	END	1603852361352	1603852402943
REQUEST	297		request_1	1603852376653	1603852402944	OK	 
USER	Not Friendly and Open Scenario	143	END	1603852359552	1603852402944
REQUEST	299		request_1	1603852378592	1603852402945	OK	 
REQUEST	291		request_1	1603852374902	1603852403877	OK	 
REQUEST	265		request_1	1603852373502	1603852403934	OK	 
REQUEST	266		request_1	1603852373562	1603852403935	OK	 
REQUEST	269		request_1	1603852373733	1603852403941	OK	 
REQUEST	139		request_2	1603852378692	1603852403947	OK	 
USER	Not Friendly and Open Scenario	139	END	1603852358751	1603852403948
REQUEST	140		request_2	1603852378692	1603852403950	OK	 
USER	Not Friendly and Open Scenario	140	END	1603852358951	1603852403951
REQUEST	153		request_2	1603852379762	1603852403955	OK	 
USER	Not Friendly and Open Scenario	153	END	1603852361553	1603852403956
REQUEST	300		request_1	1603852379392	1603852403958	OK	 
REQUEST	290		request_1	1603852374852	1603852404890	OK	 
REQUEST	270		request_1	1603852373792	1603852404940	OK	 
REQUEST	271		request_1	1603852373852	1603852404942	OK	 
REQUEST	272		request_1	1603852373912	1603852404943	OK	 
REQUEST	302		request_1	1603852380912	1603852404954	OK	 
REQUEST	28		request_1	1603852345208	1603852405231	KO	i.g.h.c.i.RequestTimeoutException: Request timeout to localhost/127.0.0.1:8080 after 60000 ms
REQUEST	52		request_1	1603852345216	1603852405258	KO	i.g.h.c.i.RequestTimeoutException: Request timeout to localhost/127.0.0.1:8080 after 60000 ms
REQUEST	60		request_1	1603852345218	1603852405258	KO	i.g.h.c.i.RequestTimeoutException: Request timeout to localhost/127.0.0.1:8080 after 60000 ms
REQUEST	108		request_1	1603852345239	1603852405259	KO	i.g.h.c.i.RequestTimeoutException: Request timeout to localhost/127.0.0.1:8080 after 60000 ms
REQUEST	27		request_1	1603852345207	1603852405264	KO	i.g.h.c.i.RequestTimeoutException: Request timeout to localhost/127.0.0.1:8080 after 60000 ms
REQUEST	35		request_1	1603852345210	1603852405265	KO	i.g.h.c.i.RequestTimeoutException: Request timeout to localhost/127.0.0.1:8080 after 60000 ms
REQUEST	9		request_1	1603852345194	1603852405237	KO	i.g.h.c.i.RequestTimeoutException: Request timeout to localhost/127.0.0.1:8080 after 60000 ms
REQUEST	51		request_1	1603852345216	1603852405266	KO	i.g.h.c.i.RequestTimeoutException: Request timeout to localhost/127.0.0.1:8080 after 60000 ms
REQUEST	91		request_1	1603852345226	1603852405267	KO	i.g.h.c.i.RequestTimeoutException: Request timeout to localhost/127.0.0.1:8080 after 60000 ms
REQUEST	99		request_1	1603852345227	1603852405268	KO	i.g.h.c.i.RequestTimeoutException: Request timeout to localhost/127.0.0.1:8080 after 60000 ms
REQUEST	24		request_1	1603852345204	1603852405206	KO	i.g.h.c.i.RequestTimeoutException: Request timeout to localhost/127.0.0.1:8080 after 60000 ms
REQUEST	32		request_1	1603852345210	1603852405269	KO	i.g.h.c.i.RequestTimeoutException: Request timeout to localhost/127.0.0.1:8080 after 60000 ms
REQUEST	40		request_1	1603852345212	1603852405270	KO	i.g.h.c.i.RequestTimeoutException: Request timeout to localhost/127.0.0.1:8080 after 60000 ms
REQUEST	56		request_1	1603852345217	1603852405270	KO	i.g.h.c.i.RequestTimeoutException: Request timeout to localhost/127.0.0.1:8080 after 60000 ms
REQUEST	96		request_1	1603852345226	1603852405271	KO	i.g.h.c.i.RequestTimeoutException: Request timeout to localhost/127.0.0.1:8080 after 60000 ms
REQUEST	2		request_1	1603852345191	1603852405252	KO	i.g.h.c.i.RequestTimeoutException: Request timeout to localhost/127.0.0.1:8080 after 60000 ms
REQUEST	90		request_1	1603852345225	1603852405273	KO	i.g.h.c.i.RequestTimeoutException: Request timeout to localhost/127.0.0.1:8080 after 60000 ms
REQUEST	37		request_1	1603852345212	1603852405232	KO	i.g.h.c.i.RequestTimeoutException: Request timeout to localhost/127.0.0.1:8080 after 60000 ms
REQUEST	31		request_1	1603852345209	1603852405273	KO	i.g.h.c.i.RequestTimeoutException: Request timeout to localhost/127.0.0.1:8080 after 60000 ms
REQUEST	45		request_1	1603852345214	1603852405274	KO	i.g.h.c.i.RequestTimeoutException: Request timeout to localhost/127.0.0.1:8080 after 60000 ms
REQUEST	77		request_1	1603852345223	1603852405274	KO	i.g.h.c.i.RequestTimeoutException: Request timeout to localhost/127.0.0.1:8080 after 60000 ms
REQUEST	93		request_1	1603852345226	1603852405275	KO	i.g.h.c.i.RequestTimeoutException: Request timeout to localhost/127.0.0.1:8080 after 60000 ms
REQUEST	54		request_1	1603852345217	1603852405278	KO	i.g.h.c.i.RequestTimeoutException: Request timeout to localhost/127.0.0.1:8080 after 60000 ms
REQUEST	38		request_1	1603852345219	1603852405280	KO	i.g.h.c.i.RequestTimeoutException: Request timeout to localhost/127.0.0.1:8080 after 60000 ms
REQUEST	78		request_1	1603852345223	1603852405281	KO	i.g.h.c.i.RequestTimeoutException: Request timeout to localhost/127.0.0.1:8080 after 60000 ms
REQUEST	107		request_1	1603852345229	1603852405281	KO	i.g.h.c.i.RequestTimeoutException: Request timeout to localhost/127.0.0.1:8080 after 60000 ms
REQUEST	102		request_1	1603852345227	1603852405282	KO	i.g.h.c.i.RequestTimeoutException: Request timeout to localhost/127.0.0.1:8080 after 60000 ms
REQUEST	39		request_2	1603852375692	1603852405879	OK	 
USER	Friendly and CLosed Scenario	39	END	1603852345212	1603852405880
REQUEST	279		request_1	1603852374302	1603852405946	OK	 
REQUEST	276		request_1	1603852374152	1603852405947	OK	 
REQUEST	144		request_2	1603852381702	1603852405969	OK	 
REQUEST	162		request_2	1603852382791	1603852405969	OK	 
USER	Not Friendly and Open Scenario	144	END	1603852359751	1603852405970
USER	Not Friendly and Open Scenario	162	END	1603852363351	1603852405970
REQUEST	165		request_2	1603852383802	1603852405971	OK	 
REQUEST	158		request_2	1603852382791	1603852405971	OK	 
REQUEST	173		request_2	1603852386812	1603852405972	OK	 
USER	Not Friendly and Open Scenario	165	END	1603852363951	1603852405972
USER	Not Friendly and Open Scenario	158	END	1603852362558	1603852405972
USER	Not Friendly and Open Scenario	173	END	1603852365551	1603852405973
REQUEST	161		request_2	1603852381792	1603852405975	OK	 
USER	Not Friendly and Open Scenario	161	END	1603852363152	1603852405976
REQUEST	138		request_2	1603852377702	1603852406880	OK	 
USER	Not Friendly and Open Scenario	138	END	1603852358552	1603852406881
REQUEST	298		request_1	1603852377713	1603852406882	OK	 
REQUEST	141		request_2	1603852378702	1603852406885	OK	 
USER	Not Friendly and Open Scenario	141	END	1603852359152	1603852406886
REQUEST	280		request_1	1603852374353	1603852406946	OK	 
REQUEST	169		request_2	1603852387832	1603852406972	OK	 
USER	Not Friendly and Open Scenario	169	END	1603852364752	1603852406973
REQUEST	69		request_2	1603852378731	1603852407895	OK	 
REQUEST	34		request_2	1603852378722	1603852407895	OK	 
USER	Friendly and CLosed Scenario	69	END	1603852345220	1603852407896
USER	Friendly and CLosed Scenario	34	END	1603852345210	1603852407898
REQUEST	148		request_2	1603852379762	1603852407900	OK	 
USER	Not Friendly and Open Scenario	148	END	1603852360552	1603852407901
REQUEST	283		request_1	1603852374502	1603852407947	OK	 
REQUEST	286		request_1	1603852374653	1603852407948	OK	 
REQUEST	135		request_2	1603852374732	1603852407950	OK	 
USER	Not Friendly and Open Scenario	135	END	1603852357952	1603852407951
REQUEST	289		request_1	1603852374803	1603852407953	OK	 
REQUEST	159		request_2	1603852386742	1603852407971	OK	 
REQUEST	178		request_2	1603852389832	1603852407971	OK	 
USER	Not Friendly and Open Scenario	159	END	1603852362752	1603852407972
USER	Not Friendly and Open Scenario	178	END	1603852366402	1603852407972
REQUEST	183		request_2	1603852389832	1603852407972	OK	 
USER	Not Friendly and Open Scenario	183	END	1603852367021	1603852407973
REQUEST	175		request_2	1603852389832	1603852407973	OK	 
USER	Not Friendly and Open Scenario	175	END	1603852365952	1603852407974
REQUEST	155		request_2	1603852380792	1603852408906	OK	 
USER	Not Friendly and Open Scenario	155	END	1603852361952	1603852408907
REQUEST	292		request_1	1603852374952	1603852408953	OK	 
REQUEST	184		request_2	1603852389842	1603852408972	OK	 
REQUEST	181		request_2	1603852393772	1603852408972	OK	 
REQUEST	194		request_2	1603852391862	1603852408972	OK	 
USER	Not Friendly and Open Scenario	181	END	1603852366771	1603852408972
USER	Not Friendly and Open Scenario	194	END	1603852368332	1603852408972
USER	Not Friendly and Open Scenario	184	END	1603852367151	1603852408973
REQUEST	303		request_1	1603852381702	1603852409907	OK	 
REQUEST	295		request_1	1603852375102	1603852409959	OK	 
REQUEST	189		request_2	1603852395782	1603852409973	OK	 
USER	Not Friendly and Open Scenario	189	END	1603852367772	1603852409973
REQUEST	305		request_1	1603852383643	1603852410908	OK	 
REQUEST	157		request_2	1603852381792	1603852410908	OK	 
USER	Not Friendly and Open Scenario	157	END	1603852362352	1603852410909
REQUEST	150		request_2	1603852377752	1603852410958	OK	 
USER	Not Friendly and Open Scenario	150	END	1603852360951	1603852410958
REQUEST	46		request_2	1603852376692	1603852410958	OK	 
USER	Friendly and CLosed Scenario	46	END	1603852345214	1603852410959
REQUEST	215		request_2	1603852396891	1603852410977	OK	 
REQUEST	229		request_2	1603852398901	1603852410978	OK	 
REQUEST	219		request_2	1603852400882	1603852410980	OK	 
USER	Not Friendly and Open Scenario	215	END	1603852370222	1603852410977
USER	Not Friendly and Open Scenario	229	END	1603852371222	1603852410978
USER	Not Friendly and Open Scenario	219	END	1603852370502	1603852410981
REQUEST	216		request_2	1603852397902	1603852410977	OK	 
REQUEST	214		request_2	1603852400852	1603852410981	OK	 
USER	Not Friendly and Open Scenario	216	END	1603852370292	1603852410982
USER	Not Friendly and Open Scenario	214	END	1603852370152	1603852410982
REQUEST	207		request_2	1603852400862	1603852410983	OK	 
USER	Not Friendly and Open Scenario	207	END	1603852369511	1603852410983
REQUEST	149		request_2	1603852385742	1603852411909	OK	 
USER	Not Friendly and Open Scenario	149	END	1603852360751	1603852411910
REQUEST	19		request_2	1603852378731	1603852411958	OK	 
USER	Friendly and CLosed Scenario	19	END	1603852345202	1603852411959
REQUEST	224		request_2	1603852401902	1603852411984	OK	 
USER	Not Friendly and Open Scenario	224	END	1603852370861	1603852411985
REQUEST	166		request_2	1603852383802	1603852412909	OK	 
USER	Not Friendly and Open Scenario	166	END	1603852364152	1603852412910
REQUEST	167		request_2	1603852384802	1603852412910	OK	 
USER	Not Friendly and Open Scenario	167	END	1603852364352	1603852412911
REQUEST	301		request_1	1603852380152	1603852412959	OK	 
REQUEST	220		request_2	1603852401912	1603852412980	OK	 
USER	Not Friendly and Open Scenario	220	END	1603852370571	1603852412981
REQUEST	174		request_2	1603852390842	1603852413918	OK	 
REQUEST	172		request_2	1603852389842	1603852413918	OK	 
REQUEST	171		request_2	1603852388832	1603852413918	OK	 
USER	Not Friendly and Open Scenario	174	END	1603852365752	1603852413919
USER	Not Friendly and Open Scenario	171	END	1603852365151	1603852413919
USER	Not Friendly and Open Scenario	172	END	1603852365351	1603852413919
REQUEST	151		request_2	1603852380792	1603852413958	OK	 
USER	Not Friendly and Open Scenario	151	END	1603852361152	1603852413959
REQUEST	242		request_2	1603852403933	1603852413980	OK	 
USER	Not Friendly and Open Scenario	242	END	1603852372151	1603852413981
REQUEST	240		request_2	1603852401912	1603852413981	OK	 
USER	Not Friendly and Open Scenario	240	END	1603852372002	1603852413981
REQUEST	233		request_2	1603852402911	1603852413982	OK	 
USER	Not Friendly and Open Scenario	233	END	1603852371502	1603852413982
REQUEST	185		request_2	1603852390842	1603852414918	OK	 
REQUEST	188		request_2	1603852391852	1603852414918	OK	 
REQUEST	170		request_2	1603852391762	1603852414919	OK	 
USER	Not Friendly and Open Scenario	188	END	1603852367652	1603852414919
USER	Not Friendly and Open Scenario	185	END	1603852367272	1603852414919
USER	Not Friendly and Open Scenario	170	END	1603852364951	1603852414919
REQUEST	186		request_2	1603852390852	1603852414919	OK	 
USER	Not Friendly and Open Scenario	186	END	1603852367402	1603852414920
REQUEST	146		request_2	1603852382712	1603852414963	OK	 
USER	Not Friendly and Open Scenario	146	END	1603852360151	1603852414964
REQUEST	156		request_2	1603852381792	1603852414964	OK	 
USER	Not Friendly and Open Scenario	156	END	1603852362152	1603852414964
REQUEST	228		request_2	1603852404872	1603852414981	OK	 
REQUEST	236		request_2	1603852404912	1603852414981	OK	 
USER	Not Friendly and Open Scenario	228	END	1603852371152	1603852414981
USER	Not Friendly and Open Scenario	236	END	1603852371721	1603852414982
REQUEST	180		request_2	1603852393772	1603852415920	OK	 
USER	Not Friendly and Open Scenario	180	END	1603852366652	1603852415921
REQUEST	147		request_2	1603852382712	1603852415961	OK	 
REQUEST	145		request_2	1603852382712	1603852415961	OK	 
USER	Not Friendly and Open Scenario	147	END	1603852360351	1603852415962
USER	Not Friendly and Open Scenario	145	END	1603852359952	1603852415962
REQUEST	247		request_2	1603852404931	1603852415991	OK	 
USER	Not Friendly and Open Scenario	247	END	1603852372441	1603852415991
REQUEST	182		request_2	1603852393862	1603852416920	OK	 
USER	Not Friendly and Open Scenario	182	END	1603852366901	1603852416921
REQUEST	304		request_1	1603852382593	1603852416961	OK	 
REQUEST	160		request_2	1603852383792	1603852416962	OK	 
USER	Not Friendly and Open Scenario	160	END	1603852362952	1603852416963
REQUEST	244		request_2	1603852405932	1603852417005	OK	 
USER	Not Friendly and Open Scenario	244	END	1603852372262	1603852417006
REQUEST	197		request_2	1603852395882	1603852417920	OK	 
USER	Not Friendly and Open Scenario	197	END	1603852368601	1603852417921
REQUEST	164		request_2	1603852385822	1603852417962	OK	 
USER	Not Friendly and Open Scenario	164	END	1603852363751	1603852417963
REQUEST	256		request_2	1603852406942	1603852417994	OK	 
REQUEST	246		request_2	1603852406872	1603852417994	OK	 
USER	Not Friendly and Open Scenario	256	END	1603852372972	1603852417995
USER	Not Friendly and Open Scenario	246	END	1603852372382	1603852417995
REQUEST	248		request_2	1603852405932	1603852417996	OK	 
USER	Not Friendly and Open Scenario	248	END	1603852372501	1603852417997
REQUEST	191		request_2	1603852396782	1603852418926	OK	 
USER	Not Friendly and Open Scenario	191	END	1603852368022	1603852418926
REQUEST	177		request_2	1603852389832	1603852418961	OK	 
USER	Not Friendly and Open Scenario	177	END	1603852366271	1603852418961
REQUEST	252		request_2	1603852407921	1603852418994	OK	 
REQUEST	255		request_2	1603852407872	1603852418994	OK	 
USER	Not Friendly and Open Scenario	255	END	1603852372912	1603852418994
USER	Not Friendly and Open Scenario	252	END	1603852372731	1603852418994
REQUEST	204		request_2	1603852398881	1603852419926	OK	 
USER	Not Friendly and Open Scenario	204	END	1603852369242	1603852419926
REQUEST	221		request_2	1603852397902	1603852419926	OK	 
USER	Not Friendly and Open Scenario	221	END	1603852370651	1603852419927
REQUEST	193		request_2	1603852391862	1603852419970	OK	 
REQUEST	168		request_2	1603852390752	1603852419970	OK	 
USER	Not Friendly and Open Scenario	168	END	1603852364551	1603852419970
USER	Not Friendly and Open Scenario	193	END	1603852368242	1603852419970
REQUEST	192		request_2	1603852391862	1603852419971	OK	 
USER	Not Friendly and Open Scenario	192	END	1603852368152	1603852419971
REQUEST	258		request_2	1603852408892	1603852419994	OK	 
REQUEST	273		request_2	1603852408892	1603852419995	OK	 
USER	Not Friendly and Open Scenario	258	END	1603852373092	1603852419995
USER	Not Friendly and Open Scenario	273	END	1603852373971	1603852419995
REQUEST	235		request_2	1603852398911	1603852420927	OK	 
REQUEST	210		request_2	1603852400882	1603852420928	OK	 
REQUEST	205		request_2	1603852399891	1603852420927	OK	 
USER	Not Friendly and Open Scenario	210	END	1603852369781	1603852420928
USER	Not Friendly and Open Scenario	205	END	1603852369332	1603852420928
USER	Not Friendly and Open Scenario	235	END	1603852371652	1603852420928
REQUEST	199		request_2	1603852392862	1603852420972	OK	 
REQUEST	176		request_2	1603852392762	1603852420972	OK	 
REQUEST	201		request_2	1603852392872	1603852420973	OK	 
USER	Not Friendly and Open Scenario	201	END	1603852368962	1603852420973
USER	Not Friendly and Open Scenario	176	END	1603852366152	1603852420973
USER	Not Friendly and Open Scenario	199	END	1603852368782	1603852420973
REQUEST	277		request_2	1603852410892	1603852421008	OK	 
REQUEST	262		request_2	1603852410932	1603852421008	OK	 
USER	Not Friendly and Open Scenario	277	END	1603852374202	1603852421008
USER	Not Friendly and Open Scenario	262	END	1603852373322	1603852421008
REQUEST	284		request_2	1603852410952	1603852421011	OK	 
USER	Not Friendly and Open Scenario	284	END	1603852374551	1603852421011
REQUEST	287		request_2	1603852410952	1603852421013	OK	 
USER	Not Friendly and Open Scenario	287	END	1603852374702	1603852421014
REQUEST	263		request_2	1603852411931	1603852421015	OK	 
USER	Not Friendly and Open Scenario	263	END	1603852373381	1603852421015
REQUEST	278		request_2	1603852411892	1603852421016	OK	 
USER	Not Friendly and Open Scenario	278	END	1603852374251	1603852421017
REQUEST	239		request_2	1603852401912	1603852421928	OK	 
REQUEST	226		request_2	1603852402911	1603852421929	OK	 
USER	Not Friendly and Open Scenario	239	END	1603852371932	1603852421929
USER	Not Friendly and Open Scenario	226	END	1603852371001	1603852421929
REQUEST	225		request_2	1603852401902	1603852421930	OK	 
USER	Not Friendly and Open Scenario	225	END	1603852370931	1603852421930
REQUEST	202		request_2	1603852393882	1603852421978	OK	 
REQUEST	208		request_2	1603852394892	1603852421978	OK	 
USER	Not Friendly and Open Scenario	202	END	1603852369062	1603852421978
USER	Not Friendly and Open Scenario	208	END	1603852369602	1603852421978
REQUEST	190		request_2	1603852395882	1603852421981	OK	 
USER	Not Friendly and Open Scenario	190	END	1603852367901	1603852421981
REQUEST	288		request_2	1603852411952	1603852422020	OK	 
USER	Not Friendly and Open Scenario	288	END	1603852374752	1603852422020
REQUEST	227		request_2	1603852403862	1603852422929	OK	 
REQUEST	259		request_2	1603852407932	1603852422930	OK	 
USER	Not Friendly and Open Scenario	227	END	1603852371072	1603852422930
USER	Not Friendly and Open Scenario	259	END	1603852373151	1603852422930
REQUEST	245		request_2	1603852405872	1603852422931	OK	 
USER	Not Friendly and Open Scenario	245	END	1603852372321	1603852422932
REQUEST	213		request_2	1603852395902	1603852422987	OK	 
USER	Not Friendly and Open Scenario	213	END	1603852370061	1603852422988
REQUEST	211		request_2	1603852395892	1603852422988	OK	 
USER	Not Friendly and Open Scenario	211	END	1603852369871	1603852422988
REQUEST	265		request_2	1603852413952	1603852423028	OK	 
REQUEST	267		request_2	1603852412932	1603852423028	OK	 
USER	Not Friendly and Open Scenario	265	END	1603852373502	1603852423028
USER	Not Friendly and Open Scenario	267	END	1603852373622	1603852423028
REQUEST	13		request_2	1603852363612	1603852423616	KO	i.g.h.c.i.RequestTimeoutException: Request timeout to localhost/127.0.0.1:8080 after 60000 ms
USER	Friendly and CLosed Scenario	13	END	1603852345197	1603852423616
REQUEST	264		request_2	1603852408882	1603852423930	OK	 
REQUEST	253		request_2	1603852408922	1603852423931	OK	 
USER	Not Friendly and Open Scenario	253	END	1603852372792	1603852423931
USER	Not Friendly and Open Scenario	264	END	1603852373442	1603852423931
REQUEST	198		request_2	1603852396882	1603852423993	OK	 
USER	Not Friendly and Open Scenario	198	END	1603852368691	1603852423994
REQUEST	300		request_2	1603852413971	1603852424029	OK	 
USER	Not Friendly and Open Scenario	300	END	1603852379392	1603852424029
REQUEST	271		request_2	1603852414951	1603852424031	OK	 
USER	Not Friendly and Open Scenario	271	END	1603852373852	1603852424032
REQUEST	274		request_2	1603852409892	1603852424932	OK	 
REQUEST	296		request_2	1603852412952	1603852424933	OK	 
USER	Not Friendly and Open Scenario	274	END	1603852374031	1603852424933
USER	Not Friendly and Open Scenario	296	END	1603852375151	1603852424933
REQUEST	200		request_2	1603852397882	1603852424986	OK	 
USER	Not Friendly and Open Scenario	200	END	1603852368872	1603852424987
REQUEST	302		request_2	1603852414972	1603852425031	OK	 
USER	Not Friendly and Open Scenario	302	END	1603852380912	1603852425032
REQUEST	24		request_2	1603852415221	1603852425032	OK	 
USER	Friendly and CLosed Scenario	24	END	1603852345204	1603852425033
REQUEST	2		request_2	1603852415272	1603852425936	OK	 
REQUEST	299		request_2	1603852412962	1603852425936	OK	 
USER	Not Friendly and Open Scenario	299	END	1603852378592	1603852425937
USER	Friendly and CLosed Scenario	2	END	1603852345154	1603852425937
REQUEST	206		request_2	1603852399842	1603852425986	OK	 
REQUEST	223		request_2	1603852397902	1603852425986	OK	 
USER	Not Friendly and Open Scenario	223	END	1603852370791	1603852425987
USER	Not Friendly and Open Scenario	206	END	1603852369422	1603852425987
REQUEST	108		request_2	1603852415271	1603852426031	OK	 
USER	Not Friendly and Open Scenario	108	END	1603852345228	1603852426032
REQUEST	179		request_1	1603852366523	1603852426524	KO	i.g.h.c.i.RequestTimeoutException: Request timeout to localhost/127.0.0.1:8080 after 60000 ms
REQUEST	122		request_2	1603852366592	1603852426594	KO	i.g.h.c.i.RequestTimeoutException: Request timeout to localhost/127.0.0.1:8080 after 60000 ms
USER	Not Friendly and Open Scenario	122	END	1603852355341	1603852426594
REQUEST	32		request_2	1603852415282	1603852426936	OK	 
USER	Friendly and CLosed Scenario	32	END	1603852345209	1603852426937
REQUEST	209		request_2	1603852400862	1603852426990	OK	 
USER	Not Friendly and Open Scenario	209	END	1603852369691	1603852426991
REQUEST	52		request_2	1603852415271	1603852427034	OK	 
USER	Friendly and CLosed Scenario	52	END	1603852345215	1603852427035
REQUEST	187		request_1	1603852367523	1603852427524	KO	i.g.h.c.i.RequestTimeoutException: Request timeout to localhost/127.0.0.1:8080 after 60000 ms
REQUEST	123		request_2	1603852367592	1603852427592	KO	i.g.h.c.i.RequestTimeoutException: Request timeout to localhost/127.0.0.1:8080 after 60000 ms
USER	Not Friendly and Open Scenario	123	END	1603852355542	1603852427593
REQUEST	96		request_2	1603852415282	1603852427937	OK	 
REQUEST	35		request_2	1603852415282	1603852427937	OK	 
USER	Friendly and CLosed Scenario	96	END	1603852345226	1603852427938
USER	Friendly and CLosed Scenario	35	END	1603852345210	1603852427938
REQUEST	51		request_2	1603852415282	1603852427938	OK	 
USER	Friendly and CLosed Scenario	51	END	1603852345215	1603852427939
REQUEST	99		request_2	1603852415282	1603852427939	OK	 
USER	Friendly and CLosed Scenario	99	END	1603852345226	1603852427940
REQUEST	212		request_2	1603852400891	1603852427998	OK	 
REQUEST	238		request_2	1603852400912	1603852428000	OK	 
USER	Not Friendly and Open Scenario	212	END	1603852369971	1603852427999
REQUEST	241		request_2	1603852402931	1603852428002	OK	 
USER	Not Friendly and Open Scenario	241	END	1603852372071	1603852428003
USER	Not Friendly and Open Scenario	238	END	1603852371861	1603852428004
REQUEST	60		request_2	1603852415271	1603852428034	OK	 
USER	Friendly and CLosed Scenario	60	END	1603852345218	1603852428035
REQUEST	195		request_1	1603852368423	1603852428424	KO	i.g.h.c.i.RequestTimeoutException: Request timeout to localhost/127.0.0.1:8080 after 60000 ms
REQUEST	196		request_1	1603852368513	1603852428514	KO	i.g.h.c.i.RequestTimeoutException: Request timeout to localhost/127.0.0.1:8080 after 60000 ms
REQUEST	115		request_2	1603852368692	1603852428693	KO	i.g.h.c.i.RequestTimeoutException: Request timeout to localhost/127.0.0.1:8080 after 60000 ms
USER	Not Friendly and Open Scenario	115	END	1603852349151	1603852428693
REQUEST	91		request_2	1603852415282	1603852428940	OK	 
USER	Friendly and CLosed Scenario	91	END	1603852345225	1603852428941
REQUEST	234		request_2	1603852403912	1603852429005	OK	 
USER	Not Friendly and Open Scenario	234	END	1603852371571	1603852429006
REQUEST	243		request_2	1603852404912	1603852429006	OK	 
USER	Not Friendly and Open Scenario	243	END	1603852372202	1603852429006
REQUEST	40		request_2	1603852415282	1603852429034	OK	 
USER	Friendly and CLosed Scenario	40	END	1603852345212	1603852429035
REQUEST	93		request_2	1603852415292	1603852429036	OK	 
REQUEST	45		request_2	1603852415292	1603852429037	OK	 
REQUEST	56		request_2	1603852415282	1603852429037	OK	 
USER	Friendly and CLosed Scenario	93	END	1603852345225	1603852429036
USER	Friendly and CLosed Scenario	45	END	1603852345214	1603852429037
USER	Friendly and CLosed Scenario	56	END	1603852345217	1603852429037
REQUEST	203		request_1	1603852369153	1603852429154	KO	i.g.h.c.i.RequestTimeoutException: Request timeout to localhost/127.0.0.1:8080 after 60000 ms
REQUEST	18		request_2	1603852369652	1603852429653	KO	i.g.h.c.i.RequestTimeoutException: Request timeout to localhost/127.0.0.1:8080 after 60000 ms
REQUEST	36		request_2	1603852369652	1603852429653	KO	i.g.h.c.i.RequestTimeoutException: Request timeout to localhost/127.0.0.1:8080 after 60000 ms
USER	Friendly and CLosed Scenario	18	END	1603852345201	1603852429653
USER	Friendly and CLosed Scenario	36	END	1603852345210	1603852429654
REQUEST	31		request_2	1603852415292	1603852429941	OK	 
REQUEST	102		request_2	1603852415292	1603852429942	OK	 
USER	Friendly and CLosed Scenario	31	END	1603852345209	1603852429942
REQUEST	90		request_2	1603852415292	1603852429942	OK	 
USER	Not Friendly and Open Scenario	102	END	1603852345227	1603852429943
REQUEST	54		request_2	1603852415292	1603852429943	OK	 
USER	Friendly and CLosed Scenario	90	END	1603852345224	1603852429943
USER	Friendly and CLosed Scenario	54	END	1603852345216	1603852429944
REQUEST	78		request_2	1603852415292	1603852429944	OK	 
USER	Friendly and CLosed Scenario	78	END	1603852345222	1603852429946
REQUEST	268		request_2	1603852408941	1603852430002	OK	 
REQUEST	251		request_2	1603852406872	1603852430002	OK	 
REQUEST	257		request_2	1603852407932	1603852430002	OK	 
USER	Not Friendly and Open Scenario	251	END	1603852372682	1603852430002
USER	Not Friendly and Open Scenario	257	END	1603852373032	1603852430002
USER	Not Friendly and Open Scenario	268	END	1603852373681	1603852430002
REQUEST	283		request_2	1603852417962	1603852430040	OK	 
REQUEST	298		request_2	1603852416902	1603852430040	OK	 
USER	Not Friendly and Open Scenario	283	END	1603852374501	1603852430040
USER	Not Friendly and Open Scenario	298	END	1603852377712	1603852430041
REQUEST	38		request_2	1603852415292	1603852430042	OK	 
REQUEST	304		request_2	1603852426972	1603852430042	OK	 
USER	Friendly and CLosed Scenario	38	END	1603852345211	1603852430042
USER	Not Friendly and Open Scenario	304	END	1603852382592	1603852430042
REQUEST	292		request_2	1603852418971	1603852430043	OK	 
REQUEST	295		request_2	1603852419972	1603852430043	OK	 
USER	Not Friendly and Open Scenario	292	END	1603852374952	1603852430044
USER	Not Friendly and Open Scenario	295	END	1603852375101	1603852430044
REQUEST	276		request_2	1603852415963	1603852430044	OK	 
USER	Not Friendly and Open Scenario	276	END	1603852374152	1603852430044
REQUEST	217		request_1	1603852370363	1603852430364	KO	i.g.h.c.i.RequestTimeoutException: Request timeout to localhost/127.0.0.1:8080 after 60000 ms
REQUEST	218		request_1	1603852370433	1603852430433	KO	i.g.h.c.i.RequestTimeoutException: Request timeout to localhost/127.0.0.1:8080 after 60000 ms
REQUEST	67		request_2	1603852370672	1603852430673	KO	i.g.h.c.i.RequestTimeoutException: Request timeout to localhost/127.0.0.1:8080 after 60000 ms
USER	Friendly and CLosed Scenario	67	END	1603852345220	1603852430673
REQUEST	222		request_1	1603852370723	1603852430724	KO	i.g.h.c.i.RequestTimeoutException: Request timeout to localhost/127.0.0.1:8080 after 60000 ms
REQUEST	107		request_2	1603852415292	1603852430941	OK	 
USER	Not Friendly and Open Scenario	107	END	1603852345228	1603852430942
REQUEST	254		request_2	1603852409932	1603852431002	OK	 
USER	Not Friendly and Open Scenario	254	END	1603852372852	1603852431003
REQUEST	279		request_2	1603852415963	1603852431044	OK	 
USER	Not Friendly and Open Scenario	279	END	1603852374301	1603852431044
REQUEST	305		request_2	1603852420922	1603852431044	OK	 
USER	Not Friendly and Open Scenario	305	END	1603852383642	1603852431045
REQUEST	231		request_1	1603852371363	1603852431364	KO	i.g.h.c.i.RequestTimeoutException: Request timeout to localhost/127.0.0.1:8080 after 60000 ms
REQUEST	232		request_1	1603852371432	1603852431434	KO	i.g.h.c.i.RequestTimeoutException: Request timeout to localhost/127.0.0.1:8080 after 60000 ms
REQUEST	113		request_2	1603852371682	1603852431684	KO	i.g.h.c.i.RequestTimeoutException: Request timeout to localhost/127.0.0.1:8080 after 60000 ms
USER	Not Friendly and Open Scenario	113	END	1603852347172	1603852431685
REQUEST	100		request_2	1603852371683	1603852431684	KO	i.g.h.c.i.RequestTimeoutException: Request timeout to localhost/127.0.0.1:8080 after 60000 ms
USER	Friendly and CLosed Scenario	100	END	1603852345227	1603852431685
REQUEST	237		request_1	1603852371792	1603852431793	KO	i.g.h.c.i.RequestTimeoutException: Request timeout to localhost/127.0.0.1:8080 after 60000 ms
REQUEST	289		request_2	1603852417972	1603852431943	OK	 
USER	Not Friendly and Open Scenario	289	END	1603852374802	1603852431944
REQUEST	281		request_2	1603852409941	1603852432004	OK	 
USER	Not Friendly and Open Scenario	281	END	1603852374402	1603852432006
REQUEST	249		request_1	1603852372562	1603852432562	KO	i.g.h.c.i.RequestTimeoutException: Request timeout to localhost/127.0.0.1:8080 after 60000 ms
REQUEST	250		request_1	1603852372622	1603852432623	KO	i.g.h.c.i.RequestTimeoutException: Request timeout to localhost/127.0.0.1:8080 after 60000 ms
REQUEST	275		request_2	1603852409941	1603852433003	OK	 
USER	Not Friendly and Open Scenario	275	END	1603852374092	1603852433004
REQUEST	260		request_1	1603852373202	1603852433203	KO	i.g.h.c.i.RequestTimeoutException: Request timeout to localhost/127.0.0.1:8080 after 60000 ms
REQUEST	261		request_1	1603852373263	1603852433263	KO	i.g.h.c.i.RequestTimeoutException: Request timeout to localhost/127.0.0.1:8080 after 60000 ms
REQUEST	103		request_2	1603852373682	1603852433683	KO	i.g.h.c.i.RequestTimeoutException: Request timeout to localhost/127.0.0.1:8080 after 60000 ms
USER	Not Friendly and Open Scenario	103	END	1603852345228	1603852433684
REQUEST	293		request_2	1603852411952	1603852434003	OK	 
USER	Not Friendly and Open Scenario	293	END	1603852375002	1603852434004
REQUEST	282		request_1	1603852374452	1603852434453	KO	i.g.h.c.i.RequestTimeoutException: Request timeout to localhost/127.0.0.1:8080 after 60000 ms
REQUEST	285		request_1	1603852374603	1603852434604	KO	i.g.h.c.i.RequestTimeoutException: Request timeout to localhost/127.0.0.1:8080 after 60000 ms
REQUEST	297		request_2	1603852412962	1603852435007	OK	 
USER	Not Friendly and Open Scenario	297	END	1603852376652	1603852435007
REQUEST	294		request_2	1603852412962	1603852435008	OK	 
USER	Not Friendly and Open Scenario	294	END	1603852375051	1603852435008
REQUEST	291		request_2	1603852413892	1603852435009	OK	 
USER	Not Friendly and Open Scenario	291	END	1603852374901	1603852435009
REQUEST	266		request_2	1603852413952	1603852436014	OK	 
REQUEST	290		request_2	1603852414902	1603852436015	OK	 
USER	Not Friendly and Open Scenario	266	END	1603852373561	1603852436015
USER	Not Friendly and Open Scenario	290	END	1603852374852	1603852436016
REQUEST	270		request_2	1603852414951	1603852437019	OK	 
USER	Not Friendly and Open Scenario	270	END	1603852373791	1603852437020
REQUEST	28		request_2	1603852415252	1603852438016	OK	 
USER	Friendly and CLosed Scenario	28	END	1603852345207	1603852438017
REQUEST	37		request_2	1603852415252	1603852439015	OK	 
USER	Friendly and CLosed Scenario	37	END	1603852345211	1603852439016
REQUEST	154		request_2	1603852379762	1603852439763	KO	i.g.h.c.i.RequestTimeoutException: Request timeout to localhost/127.0.0.1:8080 after 60000 ms
USER	Not Friendly and Open Scenario	154	END	1603852361751	1603852439763
REQUEST	77		request_2	1603852415292	1603852440023	OK	 
USER	Friendly and CLosed Scenario	77	END	1603852345222	1603852440026
REQUEST	286		request_2	1603852417962	1603852441030	OK	 
REQUEST	280		request_2	1603852416963	1603852441031	OK	 
USER	Not Friendly and Open Scenario	280	END	1603852374352	1603852441031
USER	Not Friendly and Open Scenario	286	END	1603852374652	1603852441031
REQUEST	303		request_2	1603852419922	1603852442024	OK	 
USER	Not Friendly and Open Scenario	303	END	1603852381702	1603852442025
REQUEST	301		request_2	1603852422972	1603852442032	OK	 
USER	Not Friendly and Open Scenario	301	END	1603852380151	1603852442032
REQUEST	187		request_2	1603852437542	1603852443025	OK	 
USER	Not Friendly and Open Scenario	187	END	1603852367522	1603852443026
REQUEST	163		request_2	1603852383792	1603852443792	KO	i.g.h.c.i.RequestTimeoutException: Request timeout to localhost/127.0.0.1:8080 after 60000 ms
USER	Not Friendly and Open Scenario	163	END	1603852363552	1603852443793
REQUEST	203		request_2	1603852439171	1603852444026	OK	 
USER	Not Friendly and Open Scenario	203	END	1603852369152	1603852444027
REQUEST	260		request_2	1603852443222	1603852445025	OK	 
USER	Not Friendly and Open Scenario	260	END	1603852373202	1603852445025
REQUEST	261		request_2	1603852443281	1603852445026	OK	 
USER	Not Friendly and Open Scenario	261	END	1603852373261	1603852445027
REQUEST	195		request_2	1603852438442	1603852445029	OK	 
USER	Not Friendly and Open Scenario	195	END	1603852368422	1603852445029
REQUEST	217		request_2	1603852440382	1603852445030	OK	 
USER	Not Friendly and Open Scenario	217	END	1603852370362	1603852445031
REQUEST	218		request_2	1603852440452	1603852445032	OK	 
USER	Not Friendly and Open Scenario	218	END	1603852370431	1603852445033
REQUEST	230		request_2	1603852398901	1603852445063	OK	 
USER	Not Friendly and Open Scenario	230	END	1603852371292	1603852445063
REQUEST	222		request_2	1603852440742	1603852446033	OK	 
USER	Not Friendly and Open Scenario	222	END	1603852370722	1603852446033
REQUEST	269		request_2	1603852413952	1603852446062	OK	 
USER	Not Friendly and Open Scenario	269	END	1603852373732	1603852446063
REQUEST	272		request_2	1603852414962	1603852446968	OK	 
USER	Not Friendly and Open Scenario	272	END	1603852373912	1603852446968
REQUEST	249		request_2	1603852442582	1603852447033	OK	 
USER	Not Friendly and Open Scenario	249	END	1603852372561	1603852447033
REQUEST	250		request_2	1603852442641	1603852447034	OK	 
USER	Not Friendly and Open Scenario	250	END	1603852372622	1603852447034
REQUEST	9		request_2	1603852415262	1603852447062	OK	 
USER	Friendly and CLosed Scenario	9	END	1603852345172	1603852447063
REQUEST	27		request_2	1603852415282	1603852447976	OK	 
USER	Friendly and CLosed Scenario	27	END	1603852345206	1603852447977
REQUEST	196		request_2	1603852438531	1603852448035	OK	 
USER	Not Friendly and Open Scenario	196	END	1603852368512	1603852448035
REQUEST	179		request_2	1603852436542	1603852448064	OK	 
USER	Not Friendly and Open Scenario	179	END	1603852366522	1603852448065
REQUEST	282		request_2	1603852444472	1603852448069	OK	 
REQUEST	237		request_2	1603852441811	1603852448070	OK	 
USER	Not Friendly and Open Scenario	282	END	1603852374451	1603852448070
USER	Not Friendly and Open Scenario	237	END	1603852371791	1603852448070
REQUEST	285		request_2	1603852444622	1603852448071	OK	 
USER	Not Friendly and Open Scenario	285	END	1603852374602	1603852448071
REQUEST	231		request_2	1603852441382	1603852448977	OK	 
USER	Not Friendly and Open Scenario	231	END	1603852371362	1603852448978
REQUEST	232		request_2	1603852441452	1603852449035	OK	 
USER	Not Friendly and Open Scenario	232	END	1603852371431	1603852449036
