RUN	performance.BasicScript	basicscript	1614647489093	 	3.3.1
USER	Friendly and CLosed Scenario	8	START	1614647491076	1614647491076
USER	Friendly and CLosed Scenario	9	START	1614647491076	1614647491076
USER	Friendly and CLosed Scenario	10	START	1614647491076	1614647491076
USER	Friendly and CLosed Scenario	13	START	1614647491113	1614647491113
USER	Friendly and CLosed Scenario	14	START	1614647491114	1614647491114
USER	Friendly and CLosed Scenario	3	START	1614647491075	1614647491075
USER	Friendly and CLosed Scenario	16	START	1614647491115	1614647491115
USER	Friendly and CLosed Scenario	17	START	1614647491115	1614647491115
USER	Friendly and CLosed Scenario	18	START	1614647491115	1614647491115
USER	Friendly and CLosed Scenario	19	START	1614647491116	1614647491116
USER	Friendly and CLosed Scenario	20	START	1614647491117	1614647491117
USER	Friendly and CLosed Scenario	21	START	1614647491118	1614647491118
USER	Friendly and CLosed Scenario	22	START	1614647491119	1614647491119
USER	Friendly and CLosed Scenario	23	START	1614647491120	1614647491120
USER	Friendly and CLosed Scenario	7	START	1614647491076	1614647491076
USER	Friendly and CLosed Scenario	25	START	1614647491121	1614647491121
USER	Friendly and CLosed Scenario	26	START	1614647491122	1614647491122
USER	Friendly and CLosed Scenario	27	START	1614647491123	1614647491123
USER	Friendly and CLosed Scenario	28	START	1614647491124	1614647491124
USER	Friendly and CLosed Scenario	12	START	1614647491091	1614647491091
USER	Friendly and CLosed Scenario	29	START	1614647491124	1614647491124
USER	Friendly and CLosed Scenario	30	START	1614647491124	1614647491124
USER	Friendly and CLosed Scenario	31	START	1614647491125	1614647491125
USER	Friendly and CLosed Scenario	32	START	1614647491125	1614647491125
USER	Friendly and CLosed Scenario	33	START	1614647491126	1614647491126
USER	Friendly and CLosed Scenario	34	START	1614647491126	1614647491126
USER	Friendly and CLosed Scenario	35	START	1614647491126	1614647491126
USER	Friendly and CLosed Scenario	36	START	1614647491126	1614647491126
USER	Friendly and CLosed Scenario	37	START	1614647491127	1614647491127
USER	Friendly and CLosed Scenario	38	START	1614647491127	1614647491127
USER	Friendly and CLosed Scenario	39	START	1614647491127	1614647491127
USER	Friendly and CLosed Scenario	40	START	1614647491127	1614647491127
USER	Friendly and CLosed Scenario	42	START	1614647491128	1614647491128
USER	Friendly and CLosed Scenario	41	START	1614647491128	1614647491128
USER	Friendly and CLosed Scenario	43	START	1614647491128	1614647491128
USER	Friendly and CLosed Scenario	44	START	1614647491128	1614647491128
USER	Friendly and CLosed Scenario	45	START	1614647491128	1614647491128
USER	Friendly and CLosed Scenario	46	START	1614647491128	1614647491128
USER	Friendly and CLosed Scenario	47	START	1614647491129	1614647491129
USER	Friendly and CLosed Scenario	48	START	1614647491129	1614647491129
USER	Friendly and CLosed Scenario	49	START	1614647491129	1614647491129
USER	Friendly and CLosed Scenario	50	START	1614647491129	1614647491129
USER	Friendly and CLosed Scenario	51	START	1614647491129	1614647491129
USER	Friendly and CLosed Scenario	54	START	1614647491130	1614647491130
USER	Friendly and CLosed Scenario	53	START	1614647491130	1614647491130
USER	Friendly and CLosed Scenario	52	START	1614647491130	1614647491130
USER	Friendly and CLosed Scenario	55	START	1614647491130	1614647491130
USER	Friendly and CLosed Scenario	57	START	1614647491130	1614647491130
USER	Friendly and CLosed Scenario	58	START	1614647491131	1614647491131
USER	Friendly and CLosed Scenario	59	START	1614647491131	1614647491131
USER	Friendly and CLosed Scenario	24	START	1614647491120	1614647491120
USER	Friendly and CLosed Scenario	62	START	1614647491132	1614647491132
USER	Friendly and CLosed Scenario	63	START	1614647491132	1614647491132
USER	Friendly and CLosed Scenario	64	START	1614647491133	1614647491133
USER	Friendly and CLosed Scenario	65	START	1614647491134	1614647491134
USER	Friendly and CLosed Scenario	61	START	1614647491131	1614647491131
USER	Friendly and CLosed Scenario	66	START	1614647491134	1614647491134
USER	Friendly and CLosed Scenario	68	START	1614647491135	1614647491135
USER	Friendly and CLosed Scenario	67	START	1614647491135	1614647491135
USER	Friendly and CLosed Scenario	60	START	1614647491131	1614647491131
USER	Friendly and CLosed Scenario	70	START	1614647491136	1614647491136
USER	Friendly and CLosed Scenario	73	START	1614647491137	1614647491137
USER	Friendly and CLosed Scenario	74	START	1614647491137	1614647491137
USER	Friendly and CLosed Scenario	56	START	1614647491130	1614647491130
USER	Friendly and CLosed Scenario	75	START	1614647491139	1614647491139
USER	Friendly and CLosed Scenario	76	START	1614647491140	1614647491140
USER	Friendly and CLosed Scenario	77	START	1614647491140	1614647491140
USER	Friendly and CLosed Scenario	78	START	1614647491141	1614647491141
USER	Friendly and CLosed Scenario	79	START	1614647491142	1614647491142
USER	Friendly and CLosed Scenario	80	START	1614647491143	1614647491143
USER	Friendly and CLosed Scenario	2	START	1614647491075	1614647491075
USER	Friendly and CLosed Scenario	81	START	1614647491144	1614647491144
USER	Friendly and CLosed Scenario	83	START	1614647491145	1614647491145
USER	Friendly and CLosed Scenario	72	START	1614647491137	1614647491137
USER	Friendly and CLosed Scenario	84	START	1614647491145	1614647491145
USER	Friendly and CLosed Scenario	86	START	1614647491146	1614647491146
USER	Friendly and CLosed Scenario	85	START	1614647491146	1614647491146
USER	Friendly and CLosed Scenario	87	START	1614647491147	1614647491147
USER	Friendly and CLosed Scenario	88	START	1614647491147	1614647491147
USER	Friendly and CLosed Scenario	89	START	1614647491147	1614647491147
USER	Friendly and CLosed Scenario	90	START	1614647491147	1614647491147
USER	Friendly and CLosed Scenario	91	START	1614647491148	1614647491148
USER	Friendly and CLosed Scenario	92	START	1614647491148	1614647491148
USER	Friendly and CLosed Scenario	71	START	1614647491137	1614647491137
USER	Friendly and CLosed Scenario	94	START	1614647491148	1614647491148
USER	Friendly and CLosed Scenario	95	START	1614647491149	1614647491149
USER	Friendly and CLosed Scenario	96	START	1614647491149	1614647491149
USER	Friendly and CLosed Scenario	98	START	1614647491150	1614647491150
USER	Friendly and CLosed Scenario	97	START	1614647491150	1614647491150
USER	Friendly and CLosed Scenario	99	START	1614647491150	1614647491150
USER	Friendly and CLosed Scenario	100	START	1614647491150	1614647491150
USER	Not Friendly and Open Scenario	102	START	1614647491151	1614647491151
USER	Not Friendly and Open Scenario	101	START	1614647491151	1614647491151
USER	Friendly and CLosed Scenario	69	START	1614647491136	1614647491136
USER	Not Friendly and Open Scenario	105	START	1614647491152	1614647491152
USER	Not Friendly and Open Scenario	106	START	1614647491153	1614647491153
USER	Not Friendly and Open Scenario	107	START	1614647491153	1614647491153
USER	Not Friendly and Open Scenario	108	START	1614647491154	1614647491154
USER	Not Friendly and Open Scenario	110	START	1614647491155	1614647491155
USER	Friendly and CLosed Scenario	82	START	1614647491145	1614647491145
USER	Friendly and CLosed Scenario	15	START	1614647491114	1614647491114
USER	Not Friendly and Open Scenario	104	START	1614647491151	1614647491151
USER	Not Friendly and Open Scenario	103	START	1614647491151	1614647491151
USER	Not Friendly and Open Scenario	109	START	1614647491154	1614647491154
USER	Friendly and CLosed Scenario	93	START	1614647491148	1614647491148
USER	Not Friendly and Open Scenario	111	START	1614647491156	1614647491156
USER	Friendly and CLosed Scenario	1	START	1614647491075	1614647491075
USER	Friendly and CLosed Scenario	6	START	1614647491076	1614647491076
USER	Friendly and CLosed Scenario	11	START	1614647491076	1614647491076
USER	Friendly and CLosed Scenario	4	START	1614647491076	1614647491076
USER	Friendly and CLosed Scenario	5	START	1614647491076	1614647491076
REQUEST	111		request_1	1614647491163	1614647491392	OK	 
REQUEST	8		request_1	1614647491112	1614647491389	OK	 
REQUEST	23		request_1	1614647491120	1614647491439	OK	 
REQUEST	47		request_1	1614647491129	1614647491440	OK	 
REQUEST	7		request_1	1614647491121	1614647491441	OK	 
REQUEST	79		request_1	1614647491143	1614647491444	OK	 
USER	Not Friendly and Open Scenario	112	START	1614647492075	1614647492075
REQUEST	87		request_1	1614647491147	1614647492336	OK	 
REQUEST	55		request_1	1614647491131	1614647492356	OK	 
REQUEST	100		request_1	1614647491151	1614647492538	OK	 
REQUEST	52		request_1	1614647491130	1614647492541	OK	 
REQUEST	102		request_1	1614647491151	1614647492542	OK	 
REQUEST	96		request_1	1614647491149	1614647492542	OK	 
REQUEST	37		request_1	1614647491127	1614647492542	OK	 
REQUEST	21		request_1	1614647491119	1614647492544	OK	 
REQUEST	58		request_1	1614647491131	1614647492545	OK	 
REQUEST	67		request_1	1614647491136	1614647492546	OK	 
REQUEST	62		request_1	1614647491132	1614647492543	OK	 
REQUEST	27		request_1	1614647491123	1614647492548	OK	 
REQUEST	106		request_1	1614647491153	1614647492551	OK	 
REQUEST	77		request_1	1614647491141	1614647492551	OK	 
REQUEST	109		request_1	1614647491162	1614647492554	OK	 
REQUEST	30		request_1	1614647491125	1614647492554	OK	 
REQUEST	76		request_1	1614647491140	1614647492557	OK	 
REQUEST	38		request_1	1614647491127	1614647492561	OK	 
REQUEST	104		request_1	1614647491162	1614647492564	OK	 
REQUEST	112		request_1	1614647492077	1614647492566	OK	 
REQUEST	36		request_1	1614647491127	1614647492568	OK	 
REQUEST	43		request_1	1614647491128	1614647492569	OK	 
REQUEST	94		request_1	1614647491149	1614647492570	OK	 
REQUEST	17		request_1	1614647491115	1614647492571	OK	 
REQUEST	75		request_1	1614647491139	1614647492574	OK	 
REQUEST	74		request_1	1614647491138	1614647492574	OK	 
REQUEST	85		request_1	1614647491147	1614647492576	OK	 
REQUEST	68		request_1	1614647491136	1614647492576	OK	 
REQUEST	22		request_1	1614647491119	1614647492577	OK	 
REQUEST	81		request_1	1614647491145	1614647492578	OK	 
REQUEST	93		request_1	1614647491162	1614647492581	OK	 
REQUEST	57		request_1	1614647491131	1614647492582	OK	 
REQUEST	103		request_1	1614647491162	1614647492584	OK	 
REQUEST	49		request_1	1614647491130	1614647492586	OK	 
REQUEST	70		request_1	1614647491136	1614647492588	OK	 
REQUEST	56		request_1	1614647491138	1614647492589	OK	 
REQUEST	71		request_1	1614647491137	1614647492593	OK	 
REQUEST	13		request_1	1614647491113	1614647492595	OK	 
REQUEST	72		request_1	1614647491137	1614647492591	OK	 
REQUEST	89		request_1	1614647491148	1614647492597	OK	 
REQUEST	63		request_1	1614647491133	1614647492599	OK	 
REQUEST	39		request_1	1614647491127	1614647492601	OK	 
REQUEST	15		request_1	1614647491114	1614647492604	OK	 
REQUEST	51		request_1	1614647491130	1614647492608	OK	 
REQUEST	99		request_1	1614647491151	1614647492609	OK	 
REQUEST	18		request_1	1614647491116	1614647492609	OK	 
REQUEST	31		request_1	1614647491126	1614647492613	OK	 
REQUEST	82		request_1	1614647491155	1614647492627	OK	 
REQUEST	60		request_1	1614647491136	1614647492633	OK	 
REQUEST	66		request_1	1614647491135	1614647492636	OK	 
REQUEST	4		request_1	1614647491110	1614647492638	OK	 
REQUEST	24		request_1	1614647491132	1614647492639	OK	 
REQUEST	2		request_1	1614647491110	1614647492640	OK	 
REQUEST	95		request_1	1614647491149	1614647492641	OK	 
REQUEST	10		request_1	1614647491111	1614647492641	OK	 
REQUEST	19		request_1	1614647491117	1614647492642	OK	 
REQUEST	69		request_1	1614647491152	1614647492660	OK	 
REQUEST	20		request_1	1614647491118	1614647492660	OK	 
REQUEST	98		request_1	1614647491150	1614647492662	OK	 
REQUEST	34		request_1	1614647491126	1614647492662	OK	 
REQUEST	26		request_1	1614647491123	1614647492664	OK	 
REQUEST	44		request_1	1614647491129	1614647492665	OK	 
REQUEST	80		request_1	1614647491144	1614647492668	OK	 
REQUEST	6		request_1	1614647491110	1614647492671	OK	 
REQUEST	12		request_1	1614647491110	1614647492672	OK	 
REQUEST	83		request_1	1614647491145	1614647492674	OK	 
REQUEST	61		request_1	1614647491135	1614647492674	OK	 
REQUEST	40		request_1	1614647491128	1614647492673	OK	 
REQUEST	9		request_1	1614647491110	1614647492680	OK	 
REQUEST	101		request_1	1614647491151	1614647492681	OK	 
REQUEST	35		request_1	1614647491126	1614647492681	OK	 
REQUEST	41		request_1	1614647491128	1614647492681	OK	 
REQUEST	91		request_1	1614647491148	1614647492682	OK	 
REQUEST	92		request_1	1614647491148	1614647492683	OK	 
REQUEST	110		request_1	1614647491155	1614647492685	OK	 
REQUEST	64		request_1	1614647491134	1614647492684	OK	 
REQUEST	50		request_1	1614647491130	1614647492686	OK	 
REQUEST	84		request_1	1614647491146	1614647492688	OK	 
REQUEST	97		request_1	1614647491150	1614647492690	OK	 
REQUEST	46		request_1	1614647491129	1614647492691	OK	 
REQUEST	78		request_1	1614647491142	1614647492692	OK	 
REQUEST	59		request_1	1614647491131	1614647492693	OK	 
REQUEST	16		request_1	1614647491115	1614647492693	OK	 
REQUEST	3		request_1	1614647491114	1614647492693	OK	 
REQUEST	11		request_1	1614647491110	1614647492694	OK	 
REQUEST	45		request_1	1614647491129	1614647492695	OK	 
REQUEST	53		request_1	1614647491130	1614647492696	OK	 
REQUEST	29		request_1	1614647491125	1614647492696	OK	 
REQUEST	25		request_1	1614647491122	1614647492698	OK	 
REQUEST	28		request_1	1614647491124	1614647492699	OK	 
REQUEST	14		request_1	1614647491114	1614647492701	OK	 
REQUEST	48		request_1	1614647491129	1614647492700	OK	 
REQUEST	73		request_1	1614647491137	1614647492703	OK	 
REQUEST	5		request_1	1614647491110	1614647492705	OK	 
REQUEST	105		request_1	1614647491152	1614647492705	OK	 
REQUEST	86		request_1	1614647491147	1614647492707	OK	 
REQUEST	33		request_1	1614647491126	1614647492709	OK	 
REQUEST	108		request_1	1614647491154	1614647492711	OK	 
REQUEST	90		request_1	1614647491148	1614647492713	OK	 
REQUEST	107		request_1	1614647491154	1614647492713	OK	 
REQUEST	88		request_1	1614647491147	1614647492712	OK	 
REQUEST	65		request_1	1614647491134	1614647492713	OK	 
REQUEST	32		request_1	1614647491126	1614647492717	OK	 
REQUEST	54		request_1	1614647491130	1614647492717	OK	 
REQUEST	1		request_1	1614647491110	1614647492718	OK	 
REQUEST	42		request_1	1614647491128	1614647492723	OK	 
USER	Not Friendly and Open Scenario	113	START	1614647493074	1614647493074
REQUEST	113		request_1	1614647493076	1614647493112	OK	 
USER	Not Friendly and Open Scenario	114	START	1614647494064	1614647494064
REQUEST	114		request_1	1614647494065	1614647494086	OK	 
USER	Not Friendly and Open Scenario	115	START	1614647495064	1614647495064
REQUEST	115		request_1	1614647495066	1614647495089	OK	 
USER	Not Friendly and Open Scenario	116	START	1614647496064	1614647496064
REQUEST	116		request_1	1614647496066	1614647496089	OK	 
USER	Not Friendly and Open Scenario	117	START	1614647497064	1614647497064
REQUEST	117		request_1	1614647497067	1614647497130	OK	 
USER	Not Friendly and Open Scenario	118	START	1614647498064	1614647498064
REQUEST	118		request_1	1614647498066	1614647498085	OK	 
USER	Not Friendly and Open Scenario	119	START	1614647499065	1614647499065
REQUEST	119		request_1	1614647499066	1614647499085	OK	 
USER	Not Friendly and Open Scenario	120	START	1614647500064	1614647500064
REQUEST	120		request_1	1614647500066	1614647500085	OK	 
USER	Not Friendly and Open Scenario	121	START	1614647501064	1614647501064
REQUEST	121		request_1	1614647501066	1614647501088	OK	 
USER	Not Friendly and Open Scenario	122	START	1614647501264	1614647501264
REQUEST	122		request_1	1614647501265	1614647501282	OK	 
REQUEST	8		request_2	1614647501416	1614647501436	OK	 
REQUEST	111		request_2	1614647501425	1614647501446	OK	 
USER	Not Friendly and Open Scenario	111	END	1614647491156	1614647501462
USER	Not Friendly and Open Scenario	123	START	1614647501465	1614647501465
USER	Friendly and CLosed Scenario	8	END	1614647491076	1614647501468
REQUEST	7		request_2	1614647501456	1614647501496	OK	 
USER	Friendly and CLosed Scenario	7	END	1614647491076	1614647501502
REQUEST	47		request_2	1614647501456	1614647501522	OK	 
USER	Friendly and CLosed Scenario	47	END	1614647491129	1614647501524
REQUEST	123		request_1	1614647501466	1614647501526	OK	 
REQUEST	23		request_2	1614647501456	1614647501536	OK	 
USER	Friendly and CLosed Scenario	23	END	1614647491120	1614647501538
REQUEST	79		request_2	1614647501466	1614647501539	OK	 
USER	Friendly and CLosed Scenario	79	END	1614647491142	1614647501540
USER	Not Friendly and Open Scenario	124	START	1614647501665	1614647501665
REQUEST	124		request_1	1614647501667	1614647501684	OK	 
USER	Not Friendly and Open Scenario	125	START	1614647501865	1614647501865
REQUEST	125		request_1	1614647501866	1614647501888	OK	 
USER	Not Friendly and Open Scenario	126	START	1614647502064	1614647502064
REQUEST	126		request_1	1614647502066	1614647502081	OK	 
USER	Not Friendly and Open Scenario	127	START	1614647502264	1614647502264
REQUEST	127		request_1	1614647502266	1614647502283	OK	 
REQUEST	87		request_2	1614647502355	1614647502371	OK	 
USER	Friendly and CLosed Scenario	87	END	1614647491147	1614647502373
REQUEST	55		request_2	1614647502376	1614647502391	OK	 
USER	Friendly and CLosed Scenario	55	END	1614647491130	1614647502393
USER	Not Friendly and Open Scenario	128	START	1614647502464	1614647502464
REQUEST	128		request_1	1614647502466	1614647502484	OK	 
REQUEST	100		request_2	1614647502556	1614647502652	OK	 
USER	Friendly and CLosed Scenario	100	END	1614647491150	1614647502668
REQUEST	102		request_2	1614647502556	1614647502667	OK	 
USER	Not Friendly and Open Scenario	102	END	1614647491151	1614647502671
USER	Not Friendly and Open Scenario	129	START	1614647502665	1614647502665
REQUEST	52		request_2	1614647502556	1614647502687	OK	 
USER	Friendly and CLosed Scenario	52	END	1614647491130	1614647502689
REQUEST	96		request_2	1614647502556	1614647502711	OK	 
USER	Friendly and CLosed Scenario	96	END	1614647491149	1614647502712
REQUEST	67		request_2	1614647502573	1614647502735	OK	 
USER	Friendly and CLosed Scenario	67	END	1614647491135	1614647502736
REQUEST	106		request_2	1614647502574	1614647502747	OK	 
USER	Not Friendly and Open Scenario	106	END	1614647491153	1614647502747
REQUEST	58		request_2	1614647502573	1614647502748	OK	 
USER	Friendly and CLosed Scenario	58	END	1614647491131	1614647502749
REQUEST	30		request_2	1614647502575	1614647502765	OK	 
USER	Friendly and CLosed Scenario	30	END	1614647491124	1614647502766
REQUEST	37		request_2	1614647502557	1614647502770	OK	 
USER	Friendly and CLosed Scenario	37	END	1614647491127	1614647502772
REQUEST	21		request_2	1614647502573	1614647502782	OK	 
USER	Friendly and CLosed Scenario	21	END	1614647491118	1614647502783
REQUEST	43		request_2	1614647502590	1614647502803	OK	 
USER	Friendly and CLosed Scenario	43	END	1614647491128	1614647502804
REQUEST	62		request_2	1614647502574	1614647502810	OK	 
USER	Friendly and CLosed Scenario	62	END	1614647491132	1614647502811
REQUEST	68		request_2	1614647502601	1614647502813	OK	 
REQUEST	93		request_2	1614647502602	1614647502813	OK	 
REQUEST	27		request_2	1614647502574	1614647502813	OK	 
USER	Friendly and CLosed Scenario	93	END	1614647491148	1614647502813
USER	Friendly and CLosed Scenario	68	END	1614647491135	1614647502813
USER	Friendly and CLosed Scenario	27	END	1614647491123	1614647502814
REQUEST	38		request_2	1614647502582	1614647502820	OK	 
USER	Friendly and CLosed Scenario	38	END	1614647491127	1614647502821
REQUEST	77		request_2	1614647502575	1614647502822	OK	 
USER	Friendly and CLosed Scenario	77	END	1614647491140	1614647502822
REQUEST	81		request_2	1614647502601	1614647502818	OK	 
USER	Friendly and CLosed Scenario	81	END	1614647491144	1614647502828
REQUEST	36		request_2	1614647502590	1614647502831	OK	 
REQUEST	60		request_2	1614647502646	1614647502832	OK	 
USER	Friendly and CLosed Scenario	36	END	1614647491126	1614647502832
USER	Friendly and CLosed Scenario	60	END	1614647491131	1614647502833
REQUEST	75		request_2	1614647502591	1614647502833	OK	 
USER	Friendly and CLosed Scenario	75	END	1614647491139	1614647502834
REQUEST	63		request_2	1614647502618	1614647502836	OK	 
USER	Friendly and CLosed Scenario	63	END	1614647491132	1614647502836
REQUEST	34		request_2	1614647502677	1614647502837	OK	 
REQUEST	66		request_2	1614647502655	1614647502838	OK	 
USER	Friendly and CLosed Scenario	34	END	1614647491126	1614647502838
USER	Friendly and CLosed Scenario	66	END	1614647491134	1614647502839
REQUEST	22		request_2	1614647502600	1614647502846	OK	 
REQUEST	13		request_2	1614647502617	1614647502847	OK	 
USER	Friendly and CLosed Scenario	22	END	1614647491119	1614647502847
USER	Friendly and CLosed Scenario	13	END	1614647491113	1614647502849
REQUEST	76		request_2	1614647502583	1614647502850	OK	 
REQUEST	85		request_2	1614647502600	1614647502851	OK	 
REQUEST	82		request_2	1614647502645	1614647502854	OK	 
REQUEST	56		request_2	1614647502605	1614647502855	OK	 
REQUEST	31		request_2	1614647502628	1614647502856	OK	 
USER	Friendly and CLosed Scenario	85	END	1614647491146	1614647502852
USER	Friendly and CLosed Scenario	76	END	1614647491140	1614647502852
USER	Friendly and CLosed Scenario	82	END	1614647491145	1614647502855
USER	Friendly and CLosed Scenario	56	END	1614647491130	1614647502856
USER	Friendly and CLosed Scenario	31	END	1614647491125	1614647502856
REQUEST	129		request_1	1614647502679	1614647502857	OK	 
REQUEST	74		request_2	1614647502605	1614647502857	OK	 
REQUEST	57		request_2	1614647502602	1614647502858	OK	 
USER	Friendly and CLosed Scenario	57	END	1614647491130	1614647502859
USER	Friendly and CLosed Scenario	74	END	1614647491137	1614647502859
REQUEST	94		request_2	1614647502590	1614647502863	OK	 
REQUEST	109		request_2	1614647502581	1614647502863	OK	 
USER	Not Friendly and Open Scenario	109	END	1614647491154	1614647502864
USER	Friendly and CLosed Scenario	94	END	1614647491148	1614647502864
USER	Not Friendly and Open Scenario	130	START	1614647502864	1614647502864
REQUEST	40		request_2	1614647502695	1614647502868	OK	 
REQUEST	98		request_2	1614647502677	1614647502869	OK	 
USER	Friendly and CLosed Scenario	40	END	1614647491127	1614647502869
USER	Friendly and CLosed Scenario	98	END	1614647491150	1614647502869
REQUEST	72		request_2	1614647502620	1614647502872	OK	 
REQUEST	70		request_2	1614647502605	1614647502873	OK	 
USER	Friendly and CLosed Scenario	72	END	1614647491137	1614647502873
USER	Friendly and CLosed Scenario	70	END	1614647491136	1614647502874
REQUEST	2		request_2	1614647502656	1614647502874	OK	 
USER	Friendly and CLosed Scenario	2	END	1614647491075	1614647502876
REQUEST	49		request_2	1614647502605	1614647502878	OK	 
USER	Friendly and CLosed Scenario	49	END	1614647491129	1614647502880
REQUEST	110		request_2	1614647502705	1614647502888	OK	 
REQUEST	71		request_2	1614647502617	1614647502888	OK	 
USER	Friendly and CLosed Scenario	71	END	1614647491137	1614647502888
USER	Not Friendly and Open Scenario	110	END	1614647491155	1614647502888
REQUEST	108		request_2	1614647502725	1614647502890	OK	 
REQUEST	33		request_2	1614647502725	1614647502890	OK	 
REQUEST	61		request_2	1614647502695	1614647502889	OK	 
REQUEST	6		request_2	1614647502685	1614647502892	OK	 
USER	Friendly and CLosed Scenario	33	END	1614647491126	1614647502893
REQUEST	32		request_2	1614647502734	1614647502895	OK	 
USER	Friendly and CLosed Scenario	6	END	1614647491076	1614647502893
USER	Friendly and CLosed Scenario	61	END	1614647491131	1614647502893
USER	Friendly and CLosed Scenario	32	END	1614647491125	1614647502895
REQUEST	10		request_2	1614647502657	1614647502896	OK	 
REQUEST	25		request_2	1614647502717	1614647502897	OK	 
USER	Friendly and CLosed Scenario	10	END	1614647491076	1614647502898
USER	Friendly and CLosed Scenario	25	END	1614647491121	1614647502898
USER	Not Friendly and Open Scenario	108	END	1614647491154	1614647502899
REQUEST	28		request_2	1614647502717	1614647502900	OK	 
REQUEST	54		request_2	1614647502735	1614647502898	OK	 
USER	Friendly and CLosed Scenario	54	END	1614647491130	1614647502902
REQUEST	89		request_2	1614647502617	1614647502903	OK	 
USER	Friendly and CLosed Scenario	89	END	1614647491147	1614647502904
USER	Friendly and CLosed Scenario	28	END	1614647491124	1614647502905
REQUEST	15		request_2	1614647502618	1614647502906	OK	 
REQUEST	16		request_2	1614647502706	1614647502907	OK	 
USER	Friendly and CLosed Scenario	15	END	1614647491114	1614647502908
USER	Friendly and CLosed Scenario	16	END	1614647491115	1614647502909
REQUEST	48		request_2	1614647502717	1614647502911	OK	 
REQUEST	35		request_2	1614647502695	1614647502912	OK	 
REQUEST	20		request_2	1614647502676	1614647502913	OK	 
USER	Friendly and CLosed Scenario	35	END	1614647491126	1614647502913
USER	Friendly and CLosed Scenario	20	END	1614647491117	1614647502915
USER	Friendly and CLosed Scenario	48	END	1614647491129	1614647502915
REQUEST	92		request_2	1614647502695	1614647502916	OK	 
REQUEST	103		request_2	1614647502602	1614647502915	OK	 
REQUEST	104		request_2	1614647502583	1614647502916	OK	 
USER	Friendly and CLosed Scenario	92	END	1614647491148	1614647502918
REQUEST	51		request_2	1614647502626	1614647502919	OK	 
USER	Not Friendly and Open Scenario	103	END	1614647491151	1614647502920
USER	Not Friendly and Open Scenario	104	END	1614647491151	1614647502920
REQUEST	18		request_2	1614647502627	1614647502921	OK	 
REQUEST	64		request_2	1614647502705	1614647502921	OK	 
USER	Friendly and CLosed Scenario	18	END	1614647491115	1614647502921
USER	Friendly and CLosed Scenario	51	END	1614647491129	1614647502922
REQUEST	83		request_2	1614647502695	1614647502922	OK	 
USER	Friendly and CLosed Scenario	83	END	1614647491145	1614647502923
USER	Friendly and CLosed Scenario	64	END	1614647491133	1614647502923
REQUEST	112		request_2	1614647502591	1614647502923	OK	 
USER	Not Friendly and Open Scenario	112	END	1614647492075	1614647502925
REQUEST	86		request_2	1614647502725	1614647502926	OK	 
REQUEST	41		request_2	1614647502695	1614647502928	OK	 
USER	Friendly and CLosed Scenario	86	END	1614647491146	1614647502931
REQUEST	95		request_2	1614647502664	1614647502935	OK	 
USER	Friendly and CLosed Scenario	95	END	1614647491149	1614647502935
REQUEST	45		request_2	1614647502716	1614647502935	OK	 
USER	Friendly and CLosed Scenario	45	END	1614647491128	1614647502936
REQUEST	12		request_2	1614647502686	1614647502935	OK	 
REQUEST	24		request_2	1614647502656	1614647502936	OK	 
USER	Friendly and CLosed Scenario	12	END	1614647491091	1614647502937
REQUEST	91		request_2	1614647502695	1614647502938	OK	 
REQUEST	44		request_2	1614647502686	1614647502938	OK	 
USER	Friendly and CLosed Scenario	24	END	1614647491120	1614647502939
USER	Friendly and CLosed Scenario	91	END	1614647491148	1614647502939
USER	Friendly and CLosed Scenario	41	END	1614647491128	1614647502939
REQUEST	17		request_2	1614647502591	1614647502939	OK	 
REQUEST	39		request_2	1614647502618	1614647502940	OK	 
REQUEST	29		request_2	1614647502717	1614647502936	OK	 
USER	Friendly and CLosed Scenario	29	END	1614647491124	1614647502942
USER	Friendly and CLosed Scenario	17	END	1614647491115	1614647502943
USER	Friendly and CLosed Scenario	39	END	1614647491127	1614647502943
REQUEST	46		request_2	1614647502706	1614647502932	OK	 
REQUEST	9		request_2	1614647502695	1614647502945	OK	 
USER	Friendly and CLosed Scenario	46	END	1614647491128	1614647502946
REQUEST	69		request_2	1614647502676	1614647502944	OK	 
USER	Friendly and CLosed Scenario	9	END	1614647491076	1614647502947
USER	Friendly and CLosed Scenario	69	END	1614647491136	1614647502947
REQUEST	78		request_2	1614647502717	1614647502948	OK	 
REQUEST	101		request_2	1614647502696	1614647502948	OK	 
USER	Not Friendly and Open Scenario	101	END	1614647491151	1614647502948
REQUEST	50		request_2	1614647502705	1614647502950	OK	 
USER	Friendly and CLosed Scenario	50	END	1614647491129	1614647502950
REQUEST	26		request_2	1614647502684	1614647502955	OK	 
REQUEST	53		request_2	1614647502717	1614647502955	OK	 
USER	Friendly and CLosed Scenario	53	END	1614647491130	1614647502957
REQUEST	80		request_2	1614647502685	1614647502957	OK	 
REQUEST	107		request_2	1614647502726	1614647502960	OK	 
USER	Friendly and CLosed Scenario	26	END	1614647491122	1614647502961
REQUEST	11		request_2	1614647502716	1614647502962	OK	 
USER	Not Friendly and Open Scenario	107	END	1614647491153	1614647502962
REQUEST	5		request_2	1614647502724	1614647502963	OK	 
USER	Friendly and CLosed Scenario	11	END	1614647491076	1614647502964
USER	Friendly and CLosed Scenario	5	END	1614647491076	1614647502964
REQUEST	99		request_2	1614647502627	1614647502964	OK	 
USER	Friendly and CLosed Scenario	80	END	1614647491143	1614647502966
USER	Friendly and CLosed Scenario	99	END	1614647491150	1614647502966
USER	Friendly and CLosed Scenario	78	END	1614647491141	1614647502967
REQUEST	59		request_2	1614647502706	1614647502967	OK	 
REQUEST	14		request_2	1614647502717	1614647502968	OK	 
REQUEST	73		request_2	1614647502717	1614647502968	OK	 
USER	Friendly and CLosed Scenario	59	END	1614647491131	1614647502969
USER	Friendly and CLosed Scenario	73	END	1614647491137	1614647502969
REQUEST	97		request_2	1614647502706	1614647502969	OK	 
REQUEST	19		request_2	1614647502658	1614647502969	OK	 
USER	Friendly and CLosed Scenario	19	END	1614647491116	1614647502970
USER	Friendly and CLosed Scenario	97	END	1614647491150	1614647502970
USER	Friendly and CLosed Scenario	44	END	1614647491128	1614647502970
REQUEST	4		request_2	1614647502662	1614647502971	OK	 
USER	Friendly and CLosed Scenario	4	END	1614647491076	1614647502971
USER	Friendly and CLosed Scenario	14	END	1614647491114	1614647502972
REQUEST	3		request_2	1614647502706	1614647502971	OK	 
USER	Friendly and CLosed Scenario	3	END	1614647491075	1614647502973
REQUEST	90		request_2	1614647502726	1614647502978	OK	 
REQUEST	84		request_2	1614647502705	1614647502980	OK	 
REQUEST	65		request_2	1614647502736	1614647502982	OK	 
REQUEST	42		request_2	1614647502735	1614647502982	OK	 
USER	Friendly and CLosed Scenario	90	END	1614647491147	1614647502982
REQUEST	130		request_1	1614647502865	1614647502984	OK	 
USER	Friendly and CLosed Scenario	42	END	1614647491128	1614647502984
USER	Friendly and CLosed Scenario	84	END	1614647491145	1614647502984
USER	Friendly and CLosed Scenario	65	END	1614647491134	1614647502985
REQUEST	1		request_2	1614647502735	1614647502985	OK	 
USER	Friendly and CLosed Scenario	1	END	1614647491075	1614647502986
REQUEST	105		request_2	1614647502728	1614647502986	OK	 
REQUEST	88		request_2	1614647502734	1614647502986	OK	 
USER	Not Friendly and Open Scenario	105	END	1614647491152	1614647502987
USER	Friendly and CLosed Scenario	88	END	1614647491147	1614647502988
USER	Not Friendly and Open Scenario	131	START	1614647503064	1614647503064
REQUEST	131		request_1	1614647503065	1614647503071	OK	 
REQUEST	113		request_2	1614647503135	1614647503145	OK	 
USER	Not Friendly and Open Scenario	113	END	1614647493074	1614647503146
USER	Not Friendly and Open Scenario	132	START	1614647503265	1614647503265
REQUEST	132		request_1	1614647503266	1614647503282	OK	 
USER	Not Friendly and Open Scenario	133	START	1614647503465	1614647503465
REQUEST	133		request_1	1614647503466	1614647503484	OK	 
USER	Not Friendly and Open Scenario	134	START	1614647503664	1614647503664
REQUEST	134		request_1	1614647503665	1614647503681	OK	 
USER	Not Friendly and Open Scenario	135	START	1614647503864	1614647503864
REQUEST	135		request_1	1614647503866	1614647503882	OK	 
USER	Not Friendly and Open Scenario	136	START	1614647504064	1614647504064
REQUEST	136		request_1	1614647504066	1614647504083	OK	 
REQUEST	114		request_2	1614647504105	1614647504115	OK	 
USER	Not Friendly and Open Scenario	114	END	1614647494064	1614647504116
USER	Not Friendly and Open Scenario	137	START	1614647504265	1614647504265
REQUEST	137		request_1	1614647504266	1614647504282	OK	 
USER	Not Friendly and Open Scenario	138	START	1614647504465	1614647504465
REQUEST	138		request_1	1614647504466	1614647504485	OK	 
USER	Not Friendly and Open Scenario	139	START	1614647504664	1614647504664
REQUEST	139		request_1	1614647504665	1614647504680	OK	 
USER	Not Friendly and Open Scenario	140	START	1614647504864	1614647504864
REQUEST	140		request_1	1614647504865	1614647504880	OK	 
USER	Not Friendly and Open Scenario	141	START	1614647505064	1614647505064
REQUEST	141		request_1	1614647505066	1614647505083	OK	 
REQUEST	115		request_2	1614647505105	1614647505120	OK	 
USER	Not Friendly and Open Scenario	115	END	1614647495064	1614647505122
USER	Not Friendly and Open Scenario	142	START	1614647505264	1614647505264
REQUEST	142		request_1	1614647505266	1614647505284	OK	 
USER	Not Friendly and Open Scenario	143	START	1614647505464	1614647505464
REQUEST	143		request_1	1614647505466	1614647505480	OK	 
USER	Not Friendly and Open Scenario	144	START	1614647505664	1614647505664
REQUEST	144		request_1	1614647505665	1614647505683	OK	 
USER	Not Friendly and Open Scenario	145	START	1614647505864	1614647505864
REQUEST	145		request_1	1614647505865	1614647505881	OK	 
USER	Not Friendly and Open Scenario	146	START	1614647506064	1614647506064
REQUEST	146		request_1	1614647506065	1614647506084	OK	 
REQUEST	116		request_2	1614647506105	1614647506117	OK	 
USER	Not Friendly and Open Scenario	116	END	1614647496064	1614647506119
USER	Not Friendly and Open Scenario	147	START	1614647506264	1614647506264
REQUEST	147		request_1	1614647506265	1614647506271	OK	 
USER	Not Friendly and Open Scenario	148	START	1614647506464	1614647506464
REQUEST	148		request_1	1614647506465	1614647506478	OK	 
USER	Not Friendly and Open Scenario	149	START	1614647506665	1614647506665
REQUEST	149		request_1	1614647506666	1614647506685	OK	 
USER	Not Friendly and Open Scenario	150	START	1614647506865	1614647506865
REQUEST	150		request_1	1614647506866	1614647506883	OK	 
USER	Not Friendly and Open Scenario	151	START	1614647507065	1614647507065
REQUEST	151		request_1	1614647507066	1614647507082	OK	 
REQUEST	117		request_2	1614647507145	1614647507157	OK	 
USER	Not Friendly and Open Scenario	117	END	1614647497064	1614647507159
USER	Not Friendly and Open Scenario	152	START	1614647507265	1614647507265
REQUEST	152		request_1	1614647507266	1614647507281	OK	 
USER	Not Friendly and Open Scenario	153	START	1614647507465	1614647507465
REQUEST	153		request_1	1614647507466	1614647507480	OK	 
USER	Not Friendly and Open Scenario	154	START	1614647507664	1614647507664
REQUEST	154		request_1	1614647507666	1614647507680	OK	 
USER	Not Friendly and Open Scenario	155	START	1614647507864	1614647507864
REQUEST	155		request_1	1614647507866	1614647507882	OK	 
USER	Not Friendly and Open Scenario	156	START	1614647508064	1614647508064
REQUEST	156		request_1	1614647508065	1614647508082	OK	 
REQUEST	118		request_2	1614647508106	1614647508117	OK	 
USER	Not Friendly and Open Scenario	118	END	1614647498064	1614647508118
USER	Not Friendly and Open Scenario	157	START	1614647508265	1614647508265
REQUEST	157		request_1	1614647508266	1614647508279	OK	 
USER	Not Friendly and Open Scenario	158	START	1614647508464	1614647508464
REQUEST	158		request_1	1614647508465	1614647508478	OK	 
USER	Not Friendly and Open Scenario	159	START	1614647508664	1614647508664
REQUEST	159		request_1	1614647508666	1614647508681	OK	 
USER	Not Friendly and Open Scenario	160	START	1614647508865	1614647508865
REQUEST	160		request_1	1614647508866	1614647508882	OK	 
USER	Not Friendly and Open Scenario	161	START	1614647509064	1614647509064
REQUEST	161		request_1	1614647509065	1614647509082	OK	 
REQUEST	119		request_2	1614647509104	1614647509112	OK	 
USER	Not Friendly and Open Scenario	119	END	1614647499065	1614647509113
USER	Not Friendly and Open Scenario	162	START	1614647509265	1614647509265
REQUEST	162		request_1	1614647509266	1614647509278	OK	 
USER	Not Friendly and Open Scenario	163	START	1614647509464	1614647509464
REQUEST	163		request_1	1614647509465	1614647509471	OK	 
USER	Not Friendly and Open Scenario	164	START	1614647509664	1614647509664
REQUEST	164		request_1	1614647509665	1614647509677	OK	 
USER	Not Friendly and Open Scenario	165	START	1614647509864	1614647509864
REQUEST	165		request_1	1614647509866	1614647509879	OK	 
USER	Not Friendly and Open Scenario	166	START	1614647510065	1614647510065
REQUEST	166		request_1	1614647510066	1614647510080	OK	 
REQUEST	120		request_2	1614647510105	1614647510116	OK	 
USER	Not Friendly and Open Scenario	120	END	1614647500064	1614647510118
USER	Not Friendly and Open Scenario	167	START	1614647510264	1614647510264
REQUEST	167		request_1	1614647510265	1614647510278	OK	 
USER	Not Friendly and Open Scenario	168	START	1614647510465	1614647510465
REQUEST	168		request_1	1614647510466	1614647510482	OK	 
USER	Not Friendly and Open Scenario	169	START	1614647510664	1614647510664
REQUEST	169		request_1	1614647510665	1614647510678	OK	 
USER	Not Friendly and Open Scenario	170	START	1614647510865	1614647510865
REQUEST	170		request_1	1614647510866	1614647510881	OK	 
USER	Not Friendly and Open Scenario	171	START	1614647511064	1614647511064
REQUEST	171		request_1	1614647511065	1614647511082	OK	 
REQUEST	121		request_2	1614647511105	1614647511117	OK	 
USER	Not Friendly and Open Scenario	121	END	1614647501064	1614647511120
USER	Not Friendly and Open Scenario	172	START	1614647511265	1614647511265
REQUEST	172		request_1	1614647511266	1614647511279	OK	 
REQUEST	122		request_2	1614647511305	1614647511323	OK	 
USER	Not Friendly and Open Scenario	122	END	1614647501264	1614647511324
USER	Not Friendly and Open Scenario	173	START	1614647511464	1614647511464
REQUEST	173		request_1	1614647511465	1614647511471	OK	 
REQUEST	123		request_2	1614647511545	1614647511556	OK	 
USER	Not Friendly and Open Scenario	123	END	1614647501465	1614647511559
USER	Not Friendly and Open Scenario	174	START	1614647511664	1614647511664
REQUEST	174		request_1	1614647511664	1614647511668	OK	 
REQUEST	124		request_2	1614647511704	1614647511716	OK	 
USER	Not Friendly and Open Scenario	124	END	1614647501665	1614647511718
USER	Not Friendly and Open Scenario	175	START	1614647511865	1614647511865
REQUEST	175		request_1	1614647511865	1614647511878	OK	 
REQUEST	125		request_2	1614647511905	1614647511918	OK	 
USER	Not Friendly and Open Scenario	125	END	1614647501865	1614647511920
USER	Not Friendly and Open Scenario	176	START	1614647512065	1614647512065
REQUEST	176		request_1	1614647512066	1614647512078	OK	 
REQUEST	126		request_2	1614647512095	1614647512108	OK	 
USER	Not Friendly and Open Scenario	126	END	1614647502064	1614647512111
USER	Not Friendly and Open Scenario	177	START	1614647512194	1614647512194
REQUEST	177		request_1	1614647512196	1614647512211	OK	 
REQUEST	127		request_2	1614647512305	1614647512317	OK	 
USER	Not Friendly and Open Scenario	178	START	1614647512316	1614647512316
USER	Not Friendly and Open Scenario	127	END	1614647502264	1614647512319
REQUEST	178		request_1	1614647512318	1614647512339	OK	 
USER	Not Friendly and Open Scenario	179	START	1614647512444	1614647512444
REQUEST	179		request_1	1614647512445	1614647512451	OK	 
REQUEST	128		request_2	1614647512505	1614647512515	OK	 
USER	Not Friendly and Open Scenario	128	END	1614647502464	1614647512516
USER	Not Friendly and Open Scenario	180	START	1614647512565	1614647512565
REQUEST	180		request_1	1614647512566	1614647512578	OK	 
USER	Not Friendly and Open Scenario	181	START	1614647512694	1614647512694
REQUEST	181		request_1	1614647512694	1614647512699	OK	 
USER	Not Friendly and Open Scenario	182	START	1614647512815	1614647512815
REQUEST	182		request_1	1614647512816	1614647512828	OK	 
REQUEST	129		request_2	1614647512875	1614647512886	OK	 
USER	Not Friendly and Open Scenario	129	END	1614647502665	1614647512887
USER	Not Friendly and Open Scenario	183	START	1614647512944	1614647512944
REQUEST	183		request_1	1614647512945	1614647512957	OK	 
REQUEST	130		request_2	1614647513005	1614647513018	OK	 
USER	Not Friendly and Open Scenario	130	END	1614647502864	1614647513020
USER	Not Friendly and Open Scenario	184	START	1614647513065	1614647513065
REQUEST	184		request_1	1614647513066	1614647513079	OK	 
REQUEST	131		request_2	1614647513085	1614647513097	OK	 
USER	Not Friendly and Open Scenario	131	END	1614647503064	1614647513098
USER	Not Friendly and Open Scenario	185	START	1614647513194	1614647513194
REQUEST	185		request_1	1614647513195	1614647513209	OK	 
REQUEST	132		request_2	1614647513295	1614647513305	OK	 
USER	Not Friendly and Open Scenario	132	END	1614647503265	1614647513310
USER	Not Friendly and Open Scenario	186	START	1614647513314	1614647513314
REQUEST	186		request_1	1614647513316	1614647513329	OK	 
USER	Not Friendly and Open Scenario	187	START	1614647513445	1614647513445
REQUEST	187		request_1	1614647513446	1614647513458	OK	 
REQUEST	133		request_2	1614647513505	1614647513516	OK	 
USER	Not Friendly and Open Scenario	133	END	1614647503465	1614647513518
USER	Not Friendly and Open Scenario	188	START	1614647513564	1614647513564
REQUEST	188		request_1	1614647513565	1614647513578	OK	 
USER	Not Friendly and Open Scenario	189	START	1614647513695	1614647513695
REQUEST	134		request_2	1614647513695	1614647513710	OK	 
USER	Not Friendly and Open Scenario	134	END	1614647503664	1614647513714
REQUEST	189		request_1	1614647513696	1614647513716	OK	 
USER	Not Friendly and Open Scenario	190	START	1614647513815	1614647513815
REQUEST	190		request_1	1614647513816	1614647513823	OK	 
REQUEST	135		request_2	1614647513895	1614647513908	OK	 
USER	Not Friendly and Open Scenario	135	END	1614647503864	1614647513910
USER	Not Friendly and Open Scenario	191	START	1614647513944	1614647513944
REQUEST	191		request_1	1614647513945	1614647513960	OK	 
USER	Not Friendly and Open Scenario	192	START	1614647514064	1614647514064
REQUEST	192		request_1	1614647514065	1614647514080	OK	 
REQUEST	136		request_2	1614647514094	1614647514108	OK	 
USER	Not Friendly and Open Scenario	136	END	1614647504064	1614647514109
USER	Not Friendly and Open Scenario	193	START	1614647514154	1614647514154
REQUEST	193		request_1	1614647514156	1614647514170	OK	 
USER	Not Friendly and Open Scenario	194	START	1614647514245	1614647514245
REQUEST	194		request_1	1614647514246	1614647514259	OK	 
REQUEST	137		request_2	1614647514295	1614647514310	OK	 
USER	Not Friendly and Open Scenario	137	END	1614647504265	1614647514311
USER	Not Friendly and Open Scenario	195	START	1614647514335	1614647514335
REQUEST	195		request_1	1614647514336	1614647514351	OK	 
USER	Not Friendly and Open Scenario	196	START	1614647514424	1614647514424
REQUEST	196		request_1	1614647514425	1614647514438	OK	 
REQUEST	138		request_2	1614647514506	1614647514518	OK	 
USER	Not Friendly and Open Scenario	138	END	1614647504465	1614647514520
USER	Not Friendly and Open Scenario	197	START	1614647514524	1614647514524
REQUEST	197		request_1	1614647514525	1614647514543	OK	 
USER	Not Friendly and Open Scenario	198	START	1614647514614	1614647514614
REQUEST	198		request_1	1614647514615	1614647514628	OK	 
USER	Not Friendly and Open Scenario	199	START	1614647514704	1614647514704
REQUEST	139		request_2	1614647514695	1614647514708	OK	 
USER	Not Friendly and Open Scenario	139	END	1614647504664	1614647514711
REQUEST	199		request_1	1614647514705	1614647514720	OK	 
USER	Not Friendly and Open Scenario	200	START	1614647514795	1614647514795
REQUEST	200		request_1	1614647514796	1614647514807	OK	 
USER	Not Friendly and Open Scenario	201	START	1614647514884	1614647514884
REQUEST	201		request_1	1614647514885	1614647514892	OK	 
REQUEST	140		request_2	1614647514894	1614647514899	OK	 
USER	Not Friendly and Open Scenario	140	END	1614647504864	1614647514900
USER	Not Friendly and Open Scenario	202	START	1614647514974	1614647514974
REQUEST	202		request_1	1614647514974	1614647514980	OK	 
USER	Not Friendly and Open Scenario	203	START	1614647515065	1614647515065
REQUEST	203		request_1	1614647515066	1614647515076	OK	 
REQUEST	141		request_2	1614647515095	1614647515109	OK	 
USER	Not Friendly and Open Scenario	141	END	1614647505064	1614647515111
USER	Not Friendly and Open Scenario	204	START	1614647515154	1614647515154
REQUEST	204		request_1	1614647515156	1614647515169	OK	 
USER	Not Friendly and Open Scenario	205	START	1614647515244	1614647515244
REQUEST	205		request_1	1614647515245	1614647515258	OK	 
REQUEST	142		request_2	1614647515305	1614647515314	OK	 
USER	Not Friendly and Open Scenario	142	END	1614647505264	1614647515316
USER	Not Friendly and Open Scenario	206	START	1614647515335	1614647515335
REQUEST	206		request_1	1614647515336	1614647515348	OK	 
USER	Not Friendly and Open Scenario	207	START	1614647515435	1614647515435
REQUEST	207		request_1	1614647515436	1614647515448	OK	 
REQUEST	143		request_2	1614647515494	1614647515505	OK	 
USER	Not Friendly and Open Scenario	143	END	1614647505464	1614647515506
USER	Not Friendly and Open Scenario	208	START	1614647515525	1614647515525
REQUEST	208		request_1	1614647515526	1614647515538	OK	 
USER	Not Friendly and Open Scenario	209	START	1614647515614	1614647515614
REQUEST	209		request_1	1614647515615	1614647515628	OK	 
REQUEST	144		request_2	1614647515695	1614647515705	OK	 
USER	Not Friendly and Open Scenario	210	START	1614647515706	1614647515706
USER	Not Friendly and Open Scenario	144	END	1614647505664	1614647515708
REQUEST	210		request_1	1614647515707	1614647515719	OK	 
USER	Not Friendly and Open Scenario	211	START	1614647515795	1614647515795
REQUEST	211		request_1	1614647515796	1614647515807	OK	 
USER	Not Friendly and Open Scenario	212	START	1614647515884	1614647515884
REQUEST	212		request_1	1614647515885	1614647515897	OK	 
REQUEST	145		request_2	1614647515895	1614647515908	OK	 
USER	Not Friendly and Open Scenario	145	END	1614647505864	1614647515909
USER	Not Friendly and Open Scenario	213	START	1614647515974	1614647515974
REQUEST	213		request_1	1614647515975	1614647515979	OK	 
USER	Not Friendly and Open Scenario	214	START	1614647516064	1614647516064
REQUEST	214		request_1	1614647516065	1614647516078	OK	 
REQUEST	146		request_2	1614647516105	1614647516117	OK	 
USER	Not Friendly and Open Scenario	146	END	1614647506064	1614647516118
USER	Not Friendly and Open Scenario	215	START	1614647516135	1614647516135
REQUEST	215		request_1	1614647516136	1614647516149	OK	 
USER	Not Friendly and Open Scenario	216	START	1614647516204	1614647516204
REQUEST	216		request_1	1614647516205	1614647516217	OK	 
USER	Not Friendly and Open Scenario	217	START	1614647516284	1614647516284
REQUEST	217		request_1	1614647516286	1614647516301	OK	 
REQUEST	147		request_2	1614647516285	1614647516303	OK	 
USER	Not Friendly and Open Scenario	147	END	1614647506264	1614647516306
USER	Not Friendly and Open Scenario	218	START	1614647516354	1614647516354
REQUEST	218		request_1	1614647516355	1614647516368	OK	 
USER	Not Friendly and Open Scenario	219	START	1614647516424	1614647516424
REQUEST	219		request_1	1614647516425	1614647516438	OK	 
USER	Not Friendly and Open Scenario	220	START	1614647516495	1614647516495
REQUEST	148		request_2	1614647516496	1614647516510	OK	 
USER	Not Friendly and Open Scenario	148	END	1614647506464	1614647516513
REQUEST	220		request_1	1614647516496	1614647516515	OK	 
USER	Not Friendly and Open Scenario	221	START	1614647516564	1614647516564
REQUEST	221		request_1	1614647516565	1614647516580	OK	 
USER	Not Friendly and Open Scenario	222	START	1614647516634	1614647516634
REQUEST	222		request_1	1614647516635	1614647516648	OK	 
USER	Not Friendly and Open Scenario	223	START	1614647516704	1614647516704
REQUEST	149		request_2	1614647516704	1614647516719	OK	 
USER	Not Friendly and Open Scenario	149	END	1614647506665	1614647516721
REQUEST	223		request_1	1614647516705	1614647516725	OK	 
USER	Not Friendly and Open Scenario	224	START	1614647516785	1614647516785
REQUEST	224		request_1	1614647516785	1614647516797	OK	 
USER	Not Friendly and Open Scenario	225	START	1614647516854	1614647516854
REQUEST	225		request_1	1614647516856	1614647516868	OK	 
REQUEST	150		request_2	1614647516905	1614647516915	OK	 
USER	Not Friendly and Open Scenario	150	END	1614647506865	1614647516916
USER	Not Friendly and Open Scenario	226	START	1614647516924	1614647516924
REQUEST	226		request_1	1614647516925	1614647516938	OK	 
USER	Not Friendly and Open Scenario	227	START	1614647516994	1614647516994
REQUEST	227		request_1	1614647516995	1614647517008	OK	 
USER	Not Friendly and Open Scenario	228	START	1614647517064	1614647517064
REQUEST	228		request_1	1614647517065	1614647517072	OK	 
REQUEST	151		request_2	1614647517094	1614647517097	OK	 
USER	Not Friendly and Open Scenario	151	END	1614647507065	1614647517098
USER	Not Friendly and Open Scenario	229	START	1614647517134	1614647517134
REQUEST	229		request_1	1614647517135	1614647517140	OK	 
USER	Not Friendly and Open Scenario	230	START	1614647517205	1614647517205
REQUEST	230		request_1	1614647517206	1614647517218	OK	 
USER	Not Friendly and Open Scenario	231	START	1614647517284	1614647517284
REQUEST	231		request_1	1614647517285	1614647517297	OK	 
REQUEST	152		request_2	1614647517294	1614647517308	OK	 
USER	Not Friendly and Open Scenario	152	END	1614647507265	1614647517310
USER	Not Friendly and Open Scenario	232	START	1614647517354	1614647517354
REQUEST	232		request_1	1614647517356	1614647517368	OK	 
USER	Not Friendly and Open Scenario	233	START	1614647517425	1614647517425
REQUEST	233		request_1	1614647517426	1614647517437	OK	 
USER	Not Friendly and Open Scenario	234	START	1614647517495	1614647517495
REQUEST	153		request_2	1614647517495	1614647517511	OK	 
USER	Not Friendly and Open Scenario	153	END	1614647507465	1614647517513
REQUEST	234		request_1	1614647517497	1614647517518	OK	 
USER	Not Friendly and Open Scenario	235	START	1614647517564	1614647517564
REQUEST	235		request_1	1614647517565	1614647517578	OK	 
USER	Not Friendly and Open Scenario	236	START	1614647517634	1614647517634
REQUEST	236		request_1	1614647517635	1614647517642	OK	 
REQUEST	154		request_2	1614647517694	1614647517702	OK	 
USER	Not Friendly and Open Scenario	154	END	1614647507664	1614647517703
USER	Not Friendly and Open Scenario	237	START	1614647517704	1614647517704
REQUEST	237		request_1	1614647517705	1614647517719	OK	 
USER	Not Friendly and Open Scenario	238	START	1614647517784	1614647517784
REQUEST	238		request_1	1614647517785	1614647517797	OK	 
USER	Not Friendly and Open Scenario	239	START	1614647517854	1614647517854
REQUEST	239		request_1	1614647517856	1614647517870	OK	 
REQUEST	155		request_2	1614647517895	1614647517906	OK	 
USER	Not Friendly and Open Scenario	155	END	1614647507864	1614647517907
USER	Not Friendly and Open Scenario	240	START	1614647517924	1614647517924
REQUEST	240		request_1	1614647517925	1614647517937	OK	 
USER	Not Friendly and Open Scenario	241	START	1614647517994	1614647517994
REQUEST	241		request_1	1614647517995	1614647518006	OK	 
USER	Not Friendly and Open Scenario	242	START	1614647518064	1614647518064
REQUEST	242		request_1	1614647518065	1614647518076	OK	 
REQUEST	156		request_2	1614647518095	1614647518110	OK	 
USER	Not Friendly and Open Scenario	156	END	1614647508064	1614647518111
USER	Not Friendly and Open Scenario	243	START	1614647518125	1614647518125
REQUEST	243		request_1	1614647518126	1614647518138	OK	 
USER	Not Friendly and Open Scenario	244	START	1614647518185	1614647518185
REQUEST	244		request_1	1614647518185	1614647518190	OK	 
USER	Not Friendly and Open Scenario	245	START	1614647518244	1614647518244
REQUEST	245		request_1	1614647518245	1614647518249	OK	 
REQUEST	157		request_2	1614647518295	1614647518305	OK	 
USER	Not Friendly and Open Scenario	157	END	1614647508265	1614647518306
USER	Not Friendly and Open Scenario	246	START	1614647518306	1614647518306
REQUEST	246		request_1	1614647518307	1614647518320	OK	 
USER	Not Friendly and Open Scenario	247	START	1614647518364	1614647518364
REQUEST	247		request_1	1614647518365	1614647518377	OK	 
USER	Not Friendly and Open Scenario	248	START	1614647518414	1614647518414
REQUEST	248		request_1	1614647518415	1614647518426	OK	 
USER	Not Friendly and Open Scenario	249	START	1614647518474	1614647518474
REQUEST	249		request_1	1614647518475	1614647518486	OK	 
REQUEST	158		request_2	1614647518495	1614647518506	OK	 
USER	Not Friendly and Open Scenario	158	END	1614647508464	1614647518508
USER	Not Friendly and Open Scenario	250	START	1614647518534	1614647518534
REQUEST	250		request_1	1614647518535	1614647518547	OK	 
USER	Not Friendly and Open Scenario	251	START	1614647518594	1614647518594
REQUEST	251		request_1	1614647518595	1614647518606	OK	 
USER	Not Friendly and Open Scenario	252	START	1614647518654	1614647518654
REQUEST	252		request_1	1614647518655	1614647518666	OK	 
REQUEST	159		request_2	1614647518694	1614647518703	OK	 
USER	Not Friendly and Open Scenario	159	END	1614647508664	1614647518704
USER	Not Friendly and Open Scenario	253	START	1614647518714	1614647518714
REQUEST	253		request_1	1614647518715	1614647518726	OK	 
USER	Not Friendly and Open Scenario	254	START	1614647518774	1614647518774
REQUEST	254		request_1	1614647518775	1614647518786	OK	 
USER	Not Friendly and Open Scenario	255	START	1614647518834	1614647518834
REQUEST	255		request_1	1614647518835	1614647518846	OK	 
USER	Not Friendly and Open Scenario	256	START	1614647518895	1614647518895
REQUEST	160		request_2	1614647518895	1614647518906	OK	 
USER	Not Friendly and Open Scenario	160	END	1614647508865	1614647518908
REQUEST	256		request_1	1614647518896	1614647518911	OK	 
USER	Not Friendly and Open Scenario	257	START	1614647518945	1614647518945
REQUEST	257		request_1	1614647518946	1614647518957	OK	 
USER	Not Friendly and Open Scenario	258	START	1614647519005	1614647519005
REQUEST	258		request_1	1614647519006	1614647519017	OK	 
USER	Not Friendly and Open Scenario	259	START	1614647519064	1614647519064
REQUEST	259		request_1	1614647519066	1614647519076	OK	 
REQUEST	161		request_2	1614647519095	1614647519108	OK	 
USER	Not Friendly and Open Scenario	161	END	1614647509064	1614647519109
USER	Not Friendly and Open Scenario	260	START	1614647519124	1614647519124
REQUEST	260		request_1	1614647519125	1614647519139	OK	 
USER	Not Friendly and Open Scenario	261	START	1614647519185	1614647519185
REQUEST	261		request_1	1614647519186	1614647519200	OK	 
USER	Not Friendly and Open Scenario	262	START	1614647519245	1614647519245
REQUEST	262		request_1	1614647519246	1614647519254	OK	 
REQUEST	162		request_2	1614647519294	1614647519297	OK	 
USER	Not Friendly and Open Scenario	162	END	1614647509265	1614647519298
USER	Not Friendly and Open Scenario	263	START	1614647519304	1614647519304
REQUEST	263		request_1	1614647519305	1614647519315	OK	 
USER	Not Friendly and Open Scenario	264	START	1614647519364	1614647519364
REQUEST	264		request_1	1614647519365	1614647519375	OK	 
USER	Not Friendly and Open Scenario	265	START	1614647519414	1614647519414
REQUEST	265		request_1	1614647519415	1614647519425	OK	 
USER	Not Friendly and Open Scenario	266	START	1614647519475	1614647519475
REQUEST	266		request_1	1614647519476	1614647519486	OK	 
REQUEST	163		request_2	1614647519484	1614647519493	OK	 
USER	Not Friendly and Open Scenario	163	END	1614647509464	1614647519494
USER	Not Friendly and Open Scenario	267	START	1614647519535	1614647519535
REQUEST	267		request_1	1614647519536	1614647519545	OK	 
USER	Not Friendly and Open Scenario	268	START	1614647519595	1614647519595
REQUEST	268		request_1	1614647519596	1614647519606	OK	 
USER	Not Friendly and Open Scenario	269	START	1614647519655	1614647519655
REQUEST	269		request_1	1614647519656	1614647519666	OK	 
REQUEST	164		request_2	1614647519695	1614647519704	OK	 
USER	Not Friendly and Open Scenario	164	END	1614647509664	1614647519706
USER	Not Friendly and Open Scenario	270	START	1614647519714	1614647519714
REQUEST	270		request_1	1614647519715	1614647519724	OK	 
USER	Not Friendly and Open Scenario	271	START	1614647519774	1614647519774
REQUEST	271		request_1	1614647519775	1614647519787	OK	 
USER	Not Friendly and Open Scenario	272	START	1614647519834	1614647519834
REQUEST	272		request_1	1614647519835	1614647519841	OK	 
USER	Not Friendly and Open Scenario	273	START	1614647519894	1614647519894
REQUEST	273		request_1	1614647519896	1614647519907	OK	 
REQUEST	165		request_2	1614647519895	1614647519909	OK	 
USER	Not Friendly and Open Scenario	165	END	1614647509864	1614647519910
USER	Not Friendly and Open Scenario	274	START	1614647519944	1614647519944
REQUEST	274		request_1	1614647519945	1614647519956	OK	 
USER	Not Friendly and Open Scenario	275	START	1614647520005	1614647520005
REQUEST	275		request_1	1614647520005	1614647520015	OK	 
USER	Not Friendly and Open Scenario	276	START	1614647520065	1614647520065
REQUEST	276		request_1	1614647520065	1614647520075	OK	 
REQUEST	166		request_2	1614647520094	1614647520106	OK	 
USER	Not Friendly and Open Scenario	166	END	1614647510065	1614647520108
USER	Not Friendly and Open Scenario	277	START	1614647520115	1614647520115
REQUEST	277		request_1	1614647520115	1614647520125	OK	 
USER	Not Friendly and Open Scenario	278	START	1614647520164	1614647520164
REQUEST	278		request_1	1614647520165	1614647520175	OK	 
USER	Not Friendly and Open Scenario	279	START	1614647520215	1614647520215
REQUEST	279		request_1	1614647520215	1614647520226	OK	 
USER	Not Friendly and Open Scenario	280	START	1614647520264	1614647520264
REQUEST	280		request_1	1614647520265	1614647520275	OK	 
REQUEST	167		request_2	1614647520295	1614647520307	OK	 
USER	Not Friendly and Open Scenario	167	END	1614647510264	1614647520309
USER	Not Friendly and Open Scenario	281	START	1614647520315	1614647520315
REQUEST	281		request_1	1614647520316	1614647520329	OK	 
USER	Not Friendly and Open Scenario	282	START	1614647520364	1614647520364
REQUEST	282		request_1	1614647520365	1614647520374	OK	 
USER	Not Friendly and Open Scenario	283	START	1614647520414	1614647520414
REQUEST	283		request_1	1614647520414	1614647520418	OK	 
USER	Not Friendly and Open Scenario	284	START	1614647520464	1614647520464
REQUEST	284		request_1	1614647520465	1614647520469	OK	 
REQUEST	168		request_2	1614647520494	1614647520500	OK	 
USER	Not Friendly and Open Scenario	168	END	1614647510465	1614647520501
USER	Not Friendly and Open Scenario	285	START	1614647520514	1614647520514
REQUEST	285		request_1	1614647520515	1614647520525	OK	 
USER	Not Friendly and Open Scenario	286	START	1614647520564	1614647520564
USER	Not Friendly and Open Scenario	287	START	1614647520614	1614647520614
REQUEST	287		request_1	1614647520615	1614647520627	OK	 
REQUEST	286		request_1	1614647520565	1614647520657	OK	 
USER	Not Friendly and Open Scenario	288	START	1614647520665	1614647520665
REQUEST	288		request_1	1614647520666	1614647520681	OK	 
REQUEST	169		request_2	1614647520695	1614647520706	OK	 
USER	Not Friendly and Open Scenario	169	END	1614647510664	1614647520709
USER	Not Friendly and Open Scenario	289	START	1614647520714	1614647520714
REQUEST	289		request_1	1614647520715	1614647520727	OK	 
USER	Not Friendly and Open Scenario	290	START	1614647520764	1614647520764
REQUEST	290		request_1	1614647520765	1614647520782	OK	 
USER	Not Friendly and Open Scenario	291	START	1614647520814	1614647520814
REQUEST	291		request_1	1614647520815	1614647520826	OK	 
USER	Not Friendly and Open Scenario	292	START	1614647520864	1614647520864
REQUEST	292		request_1	1614647520865	1614647520877	OK	 
REQUEST	170		request_2	1614647520894	1614647520905	OK	 
USER	Not Friendly and Open Scenario	170	END	1614647510865	1614647520906
USER	Not Friendly and Open Scenario	293	START	1614647520914	1614647520914
REQUEST	293		request_1	1614647520915	1614647520928	OK	 
USER	Not Friendly and Open Scenario	294	START	1614647520964	1614647520964
REQUEST	294		request_1	1614647520965	1614647520977	OK	 
USER	Not Friendly and Open Scenario	295	START	1614647521014	1614647521014
REQUEST	295		request_1	1614647521015	1614647521025	OK	 
USER	Not Friendly and Open Scenario	296	START	1614647521064	1614647521064
REQUEST	296		request_1	1614647521065	1614647521075	OK	 
REQUEST	171		request_2	1614647521095	1614647521105	OK	 
USER	Not Friendly and Open Scenario	171	END	1614647511064	1614647521107
REQUEST	172		request_2	1614647521295	1614647521303	OK	 
USER	Not Friendly and Open Scenario	172	END	1614647511265	1614647521304
REQUEST	173		request_2	1614647521484	1614647521487	OK	 
USER	Not Friendly and Open Scenario	173	END	1614647511464	1614647521488
REQUEST	174		request_2	1614647521685	1614647521693	OK	 
USER	Not Friendly and Open Scenario	174	END	1614647511664	1614647521695
REQUEST	175		request_2	1614647521895	1614647521906	OK	 
USER	Not Friendly and Open Scenario	175	END	1614647511865	1614647521908
REQUEST	176		request_2	1614647522094	1614647522104	OK	 
USER	Not Friendly and Open Scenario	176	END	1614647512065	1614647522106
REQUEST	177		request_2	1614647522225	1614647522233	OK	 
USER	Not Friendly and Open Scenario	177	END	1614647512194	1614647522234
REQUEST	178		request_2	1614647522345	1614647522356	OK	 
USER	Not Friendly and Open Scenario	178	END	1614647512316	1614647522357
REQUEST	179		request_2	1614647522465	1614647522474	OK	 
USER	Not Friendly and Open Scenario	179	END	1614647512444	1614647522476
USER	Not Friendly and Open Scenario	297	START	1614647522564	1614647522564
REQUEST	297		request_1	1614647522565	1614647522570	OK	 
REQUEST	180		request_2	1614647522594	1614647522597	OK	 
USER	Not Friendly and Open Scenario	180	END	1614647512565	1614647522597
REQUEST	181		request_2	1614647522715	1614647522724	OK	 
USER	Not Friendly and Open Scenario	181	END	1614647512694	1614647522725
REQUEST	182		request_2	1614647522845	1614647522854	OK	 
USER	Not Friendly and Open Scenario	182	END	1614647512815	1614647522855
REQUEST	183		request_2	1614647522974	1614647522985	OK	 
USER	Not Friendly and Open Scenario	183	END	1614647512944	1614647522987
REQUEST	184		request_2	1614647523095	1614647523104	OK	 
USER	Not Friendly and Open Scenario	184	END	1614647513065	1614647523106
REQUEST	185		request_2	1614647523224	1614647523235	OK	 
USER	Not Friendly and Open Scenario	185	END	1614647513194	1614647523236
REQUEST	186		request_2	1614647523344	1614647523353	OK	 
USER	Not Friendly and Open Scenario	186	END	1614647513314	1614647523354
REQUEST	187		request_2	1614647523475	1614647523483	OK	 
USER	Not Friendly and Open Scenario	187	END	1614647513445	1614647523485
REQUEST	188		request_2	1614647523594	1614647523598	OK	 
USER	Not Friendly and Open Scenario	188	END	1614647513564	1614647523599
USER	Not Friendly and Open Scenario	298	START	1614647523624	1614647523624
REQUEST	298		request_1	1614647523624	1614647523629	OK	 
REQUEST	189		request_2	1614647523734	1614647523743	OK	 
USER	Not Friendly and Open Scenario	189	END	1614647513695	1614647523744
REQUEST	190		request_2	1614647523845	1614647523854	OK	 
USER	Not Friendly and Open Scenario	190	END	1614647513815	1614647523855
REQUEST	191		request_2	1614647523975	1614647523984	OK	 
USER	Not Friendly and Open Scenario	191	END	1614647513944	1614647523985
REQUEST	192		request_2	1614647524094	1614647524103	OK	 
USER	Not Friendly and Open Scenario	192	END	1614647514064	1614647524105
REQUEST	193		request_2	1614647524185	1614647524191	OK	 
USER	Not Friendly and Open Scenario	193	END	1614647514154	1614647524192
REQUEST	194		request_2	1614647524274	1614647524283	OK	 
USER	Not Friendly and Open Scenario	194	END	1614647514245	1614647524285
REQUEST	195		request_2	1614647524364	1614647524373	OK	 
USER	Not Friendly and Open Scenario	195	END	1614647514335	1614647524374
REQUEST	196		request_2	1614647524455	1614647524464	OK	 
USER	Not Friendly and Open Scenario	196	END	1614647514424	1614647524465
USER	Not Friendly and Open Scenario	299	START	1614647524504	1614647524504
REQUEST	299		request_1	1614647524505	1614647524515	OK	 
REQUEST	197		request_2	1614647524554	1614647524563	OK	 
USER	Not Friendly and Open Scenario	197	END	1614647514524	1614647524565
REQUEST	198		request_2	1614647524644	1614647524650	OK	 
USER	Not Friendly and Open Scenario	198	END	1614647514614	1614647524650
REQUEST	199		request_2	1614647524735	1614647524739	OK	 
USER	Not Friendly and Open Scenario	199	END	1614647514704	1614647524740
REQUEST	200		request_2	1614647524825	1614647524834	OK	 
USER	Not Friendly and Open Scenario	200	END	1614647514795	1614647524836
REQUEST	201		request_2	1614647524905	1614647524918	OK	 
USER	Not Friendly and Open Scenario	201	END	1614647514884	1614647524920
REQUEST	202		request_2	1614647524995	1614647525003	OK	 
USER	Not Friendly and Open Scenario	202	END	1614647514974	1614647525005
REQUEST	203		request_2	1614647525095	1614647525107	OK	 
USER	Not Friendly and Open Scenario	203	END	1614647515065	1614647525109
REQUEST	204		request_2	1614647525185	1614647525195	OK	 
USER	Not Friendly and Open Scenario	204	END	1614647515154	1614647525196
REQUEST	205		request_2	1614647525274	1614647525286	OK	 
USER	Not Friendly and Open Scenario	205	END	1614647515244	1614647525288
USER	Not Friendly and Open Scenario	300	START	1614647525305	1614647525305
REQUEST	300		request_1	1614647525305	1614647525319	OK	 
REQUEST	206		request_2	1614647525365	1614647525377	OK	 
USER	Not Friendly and Open Scenario	206	END	1614647515335	1614647525384
REQUEST	207		request_2	1614647525464	1614647525475	OK	 
USER	Not Friendly and Open Scenario	207	END	1614647515435	1614647525476
REQUEST	208		request_2	1614647525555	1614647525565	OK	 
USER	Not Friendly and Open Scenario	208	END	1614647515525	1614647525566
REQUEST	209		request_2	1614647525645	1614647525656	OK	 
USER	Not Friendly and Open Scenario	209	END	1614647515614	1614647525658
REQUEST	210		request_2	1614647525735	1614647525740	OK	 
USER	Not Friendly and Open Scenario	210	END	1614647515706	1614647525740
REQUEST	211		request_2	1614647525824	1614647525834	OK	 
USER	Not Friendly and Open Scenario	211	END	1614647515795	1614647525836
REQUEST	212		request_2	1614647525914	1614647525923	OK	 
USER	Not Friendly and Open Scenario	212	END	1614647515884	1614647525925
REQUEST	213		request_2	1614647525995	1614647526011	OK	 
USER	Not Friendly and Open Scenario	213	END	1614647515974	1614647526014
USER	Not Friendly and Open Scenario	301	START	1614647526065	1614647526065
REQUEST	301		request_1	1614647526065	1614647526079	OK	 
REQUEST	214		request_2	1614647526094	1614647526110	OK	 
USER	Not Friendly and Open Scenario	214	END	1614647516064	1614647526111
REQUEST	215		request_2	1614647526164	1614647526174	OK	 
USER	Not Friendly and Open Scenario	215	END	1614647516135	1614647526175
REQUEST	216		request_2	1614647526235	1614647526246	OK	 
USER	Not Friendly and Open Scenario	216	END	1614647516204	1614647526248
REQUEST	217		request_2	1614647526315	1614647526328	OK	 
USER	Not Friendly and Open Scenario	217	END	1614647516284	1614647526330
REQUEST	218		request_2	1614647526385	1614647526398	OK	 
USER	Not Friendly and Open Scenario	218	END	1614647516354	1614647526400
REQUEST	219		request_2	1614647526454	1614647526463	OK	 
USER	Not Friendly and Open Scenario	219	END	1614647516424	1614647526465
REQUEST	220		request_2	1614647526535	1614647526546	OK	 
USER	Not Friendly and Open Scenario	220	END	1614647516495	1614647526548
REQUEST	221		request_2	1614647526594	1614647526604	OK	 
USER	Not Friendly and Open Scenario	221	END	1614647516564	1614647526606
REQUEST	222		request_2	1614647526665	1614647526673	OK	 
USER	Not Friendly and Open Scenario	222	END	1614647516634	1614647526675
REQUEST	223		request_2	1614647526744	1614647526749	OK	 
USER	Not Friendly and Open Scenario	223	END	1614647516704	1614647526750
REQUEST	224		request_2	1614647526814	1614647526818	OK	 
USER	Not Friendly and Open Scenario	224	END	1614647516785	1614647526818
USER	Not Friendly and Open Scenario	302	START	1614647526824	1614647526824
REQUEST	302		request_1	1614647526824	1614647526829	OK	 
REQUEST	225		request_2	1614647526885	1614647526888	OK	 
USER	Not Friendly and Open Scenario	225	END	1614647516854	1614647526889
REQUEST	226		request_2	1614647526954	1614647526962	OK	 
USER	Not Friendly and Open Scenario	226	END	1614647516924	1614647526963
REQUEST	227		request_2	1614647527025	1614647527033	OK	 
USER	Not Friendly and Open Scenario	227	END	1614647516994	1614647527034
REQUEST	228		request_2	1614647527085	1614647527094	OK	 
USER	Not Friendly and Open Scenario	228	END	1614647517064	1614647527096
REQUEST	229		request_2	1614647527155	1614647527163	OK	 
USER	Not Friendly and Open Scenario	229	END	1614647517134	1614647527164
REQUEST	230		request_2	1614647527234	1614647527242	OK	 
USER	Not Friendly and Open Scenario	230	END	1614647517205	1614647527244
REQUEST	231		request_2	1614647527315	1614647527324	OK	 
USER	Not Friendly and Open Scenario	231	END	1614647517284	1614647527325
REQUEST	232		request_2	1614647527384	1614647527392	OK	 
USER	Not Friendly and Open Scenario	232	END	1614647517354	1614647527394
REQUEST	233		request_2	1614647527455	1614647527463	OK	 
USER	Not Friendly and Open Scenario	233	END	1614647517425	1614647527464
REQUEST	234		request_2	1614647527534	1614647527544	OK	 
USER	Not Friendly and Open Scenario	234	END	1614647517495	1614647527546
REQUEST	235		request_2	1614647527594	1614647527603	OK	 
USER	Not Friendly and Open Scenario	235	END	1614647517564	1614647527604
USER	Not Friendly and Open Scenario	303	START	1614647527624	1614647527624
REQUEST	303		request_1	1614647527625	1614647527634	OK	 
REQUEST	236		request_2	1614647527654	1614647527662	OK	 
USER	Not Friendly and Open Scenario	236	END	1614647517634	1614647527663
REQUEST	237		request_2	1614647527735	1614647527743	OK	 
USER	Not Friendly and Open Scenario	237	END	1614647517704	1614647527744
REQUEST	238		request_2	1614647527814	1614647527823	OK	 
USER	Not Friendly and Open Scenario	238	END	1614647517784	1614647527824
REQUEST	239		request_2	1614647527884	1614647527887	OK	 
USER	Not Friendly and Open Scenario	239	END	1614647517854	1614647527887
REQUEST	240		request_2	1614647527954	1614647527958	OK	 
USER	Not Friendly and Open Scenario	240	END	1614647517924	1614647527959
REQUEST	241		request_2	1614647528024	1614647528033	OK	 
USER	Not Friendly and Open Scenario	241	END	1614647517994	1614647528034
REQUEST	242		request_2	1614647528095	1614647528102	OK	 
USER	Not Friendly and Open Scenario	242	END	1614647518064	1614647528103
REQUEST	243		request_2	1614647528154	1614647528162	OK	 
USER	Not Friendly and Open Scenario	243	END	1614647518125	1614647528163
REQUEST	244		request_2	1614647528205	1614647528214	OK	 
USER	Not Friendly and Open Scenario	244	END	1614647518185	1614647528216
REQUEST	245		request_2	1614647528265	1614647528273	OK	 
USER	Not Friendly and Open Scenario	245	END	1614647518244	1614647528274
REQUEST	246		request_2	1614647528335	1614647528339	OK	 
USER	Not Friendly and Open Scenario	246	END	1614647518306	1614647528340
REQUEST	247		request_2	1614647528395	1614647528404	OK	 
USER	Not Friendly and Open Scenario	247	END	1614647518364	1614647528405
REQUEST	248		request_2	1614647528445	1614647528450	OK	 
USER	Not Friendly and Open Scenario	248	END	1614647518414	1614647528451
USER	Not Friendly and Open Scenario	304	START	1614647528505	1614647528505
REQUEST	304		request_1	1614647528505	1614647528517	OK	 
REQUEST	249		request_2	1614647528505	1614647528518	OK	 
USER	Not Friendly and Open Scenario	249	END	1614647518474	1614647528519
REQUEST	250		request_2	1614647528564	1614647528573	OK	 
USER	Not Friendly and Open Scenario	250	END	1614647518534	1614647528574
REQUEST	251		request_2	1614647528624	1614647528632	OK	 
USER	Not Friendly and Open Scenario	251	END	1614647518594	1614647528633
REQUEST	252		request_2	1614647528684	1614647528693	OK	 
USER	Not Friendly and Open Scenario	252	END	1614647518654	1614647528694
REQUEST	253		request_2	1614647528744	1614647528748	OK	 
USER	Not Friendly and Open Scenario	253	END	1614647518714	1614647528749
REQUEST	254		request_2	1614647528805	1614647528812	OK	 
USER	Not Friendly and Open Scenario	254	END	1614647518774	1614647528813
REQUEST	255		request_2	1614647528864	1614647528872	OK	 
USER	Not Friendly and Open Scenario	255	END	1614647518834	1614647528874
REQUEST	256		request_2	1614647528924	1614647528927	OK	 
USER	Not Friendly and Open Scenario	256	END	1614647518895	1614647528928
REQUEST	257		request_2	1614647528974	1614647528983	OK	 
USER	Not Friendly and Open Scenario	257	END	1614647518945	1614647528984
REQUEST	258		request_2	1614647529034	1614647529042	OK	 
USER	Not Friendly and Open Scenario	258	END	1614647519005	1614647529043
REQUEST	259		request_2	1614647529094	1614647529102	OK	 
USER	Not Friendly and Open Scenario	259	END	1614647519064	1614647529103
REQUEST	260		request_2	1614647529154	1614647529161	OK	 
USER	Not Friendly and Open Scenario	260	END	1614647519124	1614647529162
REQUEST	261		request_2	1614647529215	1614647529223	OK	 
USER	Not Friendly and Open Scenario	261	END	1614647519185	1614647529224
REQUEST	262		request_2	1614647529265	1614647529274	OK	 
USER	Not Friendly and Open Scenario	262	END	1614647519245	1614647529275
REQUEST	263		request_2	1614647529335	1614647529343	OK	 
USER	Not Friendly and Open Scenario	263	END	1614647519304	1614647529344
REQUEST	264		request_2	1614647529395	1614647529402	OK	 
USER	Not Friendly and Open Scenario	264	END	1614647519364	1614647529404
REQUEST	265		request_2	1614647529445	1614647529453	OK	 
USER	Not Friendly and Open Scenario	265	END	1614647519414	1614647529455
REQUEST	266		request_2	1614647529505	1614647529512	OK	 
USER	Not Friendly and Open Scenario	266	END	1614647519475	1614647529514
USER	Not Friendly and Open Scenario	305	START	1614647529565	1614647529565
REQUEST	267		request_2	1614647529565	1614647529574	OK	 
USER	Not Friendly and Open Scenario	267	END	1614647519535	1614647529576
REQUEST	305		request_1	1614647529565	1614647529577	OK	 
REQUEST	268		request_2	1614647529624	1614647529632	OK	 
USER	Not Friendly and Open Scenario	268	END	1614647519595	1614647529634
REQUEST	269		request_2	1614647529684	1614647529688	OK	 
USER	Not Friendly and Open Scenario	269	END	1614647519655	1614647529688
REQUEST	270		request_2	1614647529745	1614647529753	OK	 
USER	Not Friendly and Open Scenario	270	END	1614647519714	1614647529754
REQUEST	271		request_2	1614647529805	1614647529812	OK	 
USER	Not Friendly and Open Scenario	271	END	1614647519774	1614647529813
REQUEST	272		request_2	1614647529855	1614647529862	OK	 
USER	Not Friendly and Open Scenario	272	END	1614647519834	1614647529863
REQUEST	273		request_2	1614647529924	1614647529933	OK	 
USER	Not Friendly and Open Scenario	273	END	1614647519894	1614647529934
REQUEST	274		request_2	1614647529974	1614647529978	OK	 
USER	Not Friendly and Open Scenario	274	END	1614647519944	1614647529979
REQUEST	275		request_2	1614647530034	1614647530037	OK	 
USER	Not Friendly and Open Scenario	275	END	1614647520005	1614647530037
REQUEST	276		request_2	1614647530094	1614647530102	OK	 
USER	Not Friendly and Open Scenario	276	END	1614647520065	1614647530103
REQUEST	277		request_2	1614647530144	1614647530152	OK	 
USER	Not Friendly and Open Scenario	277	END	1614647520115	1614647530153
REQUEST	278		request_2	1614647530185	1614647530192	OK	 
USER	Not Friendly and Open Scenario	278	END	1614647520164	1614647530193
REQUEST	279		request_2	1614647530244	1614647530250	OK	 
USER	Not Friendly and Open Scenario	279	END	1614647520215	1614647530251
REQUEST	280		request_2	1614647530295	1614647530303	OK	 
USER	Not Friendly and Open Scenario	280	END	1614647520264	1614647530304
REQUEST	281		request_2	1614647530344	1614647530352	OK	 
USER	Not Friendly and Open Scenario	281	END	1614647520315	1614647530354
REQUEST	282		request_2	1614647530395	1614647530403	OK	 
USER	Not Friendly and Open Scenario	282	END	1614647520364	1614647530403
REQUEST	283		request_2	1614647530435	1614647530445	OK	 
USER	Not Friendly and Open Scenario	283	END	1614647520414	1614647530446
REQUEST	284		request_2	1614647530485	1614647530493	OK	 
USER	Not Friendly and Open Scenario	284	END	1614647520464	1614647530494
REQUEST	285		request_2	1614647530544	1614647530552	OK	 
USER	Not Friendly and Open Scenario	285	END	1614647520514	1614647530553
REQUEST	287		request_2	1614647530644	1614647530653	OK	 
USER	Not Friendly and Open Scenario	287	END	1614647520614	1614647530654
REQUEST	286		request_2	1614647530675	1614647530684	OK	 
USER	Not Friendly and Open Scenario	286	END	1614647520564	1614647530685
REQUEST	288		request_2	1614647530696	1614647530711	OK	 
USER	Not Friendly and Open Scenario	288	END	1614647520665	1614647530712
REQUEST	289		request_2	1614647530744	1614647530760	OK	 
USER	Not Friendly and Open Scenario	289	END	1614647520714	1614647530760
REQUEST	290		request_2	1614647530796	1614647530804	OK	 
USER	Not Friendly and Open Scenario	290	END	1614647520764	1614647530805
REQUEST	291		request_2	1614647530845	1614647530848	OK	 
USER	Not Friendly and Open Scenario	291	END	1614647520814	1614647530848
REQUEST	292		request_2	1614647530894	1614647530898	OK	 
USER	Not Friendly and Open Scenario	292	END	1614647520864	1614647530898
REQUEST	293		request_2	1614647530945	1614647530948	OK	 
USER	Not Friendly and Open Scenario	293	END	1614647520914	1614647530948
REQUEST	294		request_2	1614647530994	1614647530997	OK	 
USER	Not Friendly and Open Scenario	294	END	1614647520964	1614647530997
REQUEST	295		request_2	1614647531044	1614647531051	OK	 
USER	Not Friendly and Open Scenario	295	END	1614647521014	1614647531052
REQUEST	296		request_2	1614647531095	1614647531102	OK	 
USER	Not Friendly and Open Scenario	296	END	1614647521064	1614647531103
REQUEST	297		request_2	1614647532584	1614647532595	OK	 
USER	Not Friendly and Open Scenario	297	END	1614647522564	1614647532596
REQUEST	298		request_2	1614647533644	1614647533653	OK	 
USER	Not Friendly and Open Scenario	298	END	1614647523624	1614647533654
REQUEST	299		request_2	1614647534534	1614647534543	OK	 
USER	Not Friendly and Open Scenario	299	END	1614647524504	1614647534544
REQUEST	300		request_2	1614647535334	1614647535341	OK	 
USER	Not Friendly and Open Scenario	300	END	1614647525305	1614647535342
REQUEST	301		request_2	1614647536094	1614647536103	OK	 
USER	Not Friendly and Open Scenario	301	END	1614647526065	1614647536104
REQUEST	302		request_2	1614647536845	1614647536853	OK	 
USER	Not Friendly and Open Scenario	302	END	1614647526824	1614647536853
REQUEST	303		request_2	1614647537654	1614647537663	OK	 
USER	Not Friendly and Open Scenario	303	END	1614647527624	1614647537664
REQUEST	304		request_2	1614647538535	1614647538540	OK	 
USER	Not Friendly and Open Scenario	304	END	1614647528505	1614647538541
REQUEST	305		request_2	1614647539595	1614647539602	OK	 
USER	Not Friendly and Open Scenario	305	END	1614647529565	1614647539603
