RUN	performance.BasicScript	basicscript	1614651984140	 	3.3.1
USER	Friendly and CLosed Scenario	11	START	1614651986235	1614651986235
USER	Friendly and CLosed Scenario	8	START	1614651986234	1614651986234
USER	Friendly and CLosed Scenario	14	START	1614651986274	1614651986274
USER	Friendly and CLosed Scenario	15	START	1614651986275	1614651986275
USER	Friendly and CLosed Scenario	7	START	1614651986233	1614651986233
USER	Friendly and CLosed Scenario	16	START	1614651986275	1614651986275
USER	Friendly and CLosed Scenario	12	START	1614651986251	1614651986251
USER	Friendly and CLosed Scenario	9	START	1614651986234	1614651986234
USER	Friendly and CLosed Scenario	17	START	1614651986276	1614651986276
USER	Friendly and CLosed Scenario	18	START	1614651986276	1614651986276
USER	Friendly and CLosed Scenario	21	START	1614651986277	1614651986277
USER	Friendly and CLosed Scenario	20	START	1614651986277	1614651986277
USER	Friendly and CLosed Scenario	19	START	1614651986277	1614651986277
USER	Friendly and CLosed Scenario	5	START	1614651986233	1614651986233
USER	Friendly and CLosed Scenario	2	START	1614651986231	1614651986231
USER	Friendly and CLosed Scenario	26	START	1614651986278	1614651986278
USER	Friendly and CLosed Scenario	24	START	1614651986278	1614651986278
USER	Friendly and CLosed Scenario	25	START	1614651986278	1614651986278
USER	Friendly and CLosed Scenario	28	START	1614651986279	1614651986279
USER	Friendly and CLosed Scenario	27	START	1614651986279	1614651986279
USER	Friendly and CLosed Scenario	29	START	1614651986279	1614651986279
USER	Friendly and CLosed Scenario	31	START	1614651986279	1614651986279
USER	Friendly and CLosed Scenario	30	START	1614651986279	1614651986279
USER	Friendly and CLosed Scenario	32	START	1614651986280	1614651986280
USER	Friendly and CLosed Scenario	33	START	1614651986280	1614651986280
USER	Friendly and CLosed Scenario	34	START	1614651986280	1614651986280
USER	Friendly and CLosed Scenario	35	START	1614651986280	1614651986280
USER	Friendly and CLosed Scenario	36	START	1614651986280	1614651986280
USER	Friendly and CLosed Scenario	37	START	1614651986280	1614651986280
USER	Friendly and CLosed Scenario	38	START	1614651986281	1614651986281
USER	Friendly and CLosed Scenario	41	START	1614651986281	1614651986281
USER	Friendly and CLosed Scenario	39	START	1614651986281	1614651986281
USER	Friendly and CLosed Scenario	40	START	1614651986281	1614651986281
USER	Friendly and CLosed Scenario	42	START	1614651986282	1614651986282
USER	Friendly and CLosed Scenario	43	START	1614651986282	1614651986282
USER	Friendly and CLosed Scenario	44	START	1614651986282	1614651986282
USER	Friendly and CLosed Scenario	45	START	1614651986282	1614651986282
USER	Friendly and CLosed Scenario	23	START	1614651986278	1614651986278
USER	Friendly and CLosed Scenario	48	START	1614651986283	1614651986283
USER	Friendly and CLosed Scenario	49	START	1614651986284	1614651986284
USER	Friendly and CLosed Scenario	50	START	1614651986284	1614651986284
USER	Friendly and CLosed Scenario	47	START	1614651986282	1614651986282
USER	Friendly and CLosed Scenario	51	START	1614651986284	1614651986284
USER	Friendly and CLosed Scenario	53	START	1614651986284	1614651986284
USER	Friendly and CLosed Scenario	52	START	1614651986284	1614651986284
USER	Friendly and CLosed Scenario	54	START	1614651986285	1614651986285
USER	Friendly and CLosed Scenario	55	START	1614651986285	1614651986285
USER	Friendly and CLosed Scenario	56	START	1614651986285	1614651986285
USER	Friendly and CLosed Scenario	57	START	1614651986285	1614651986285
USER	Friendly and CLosed Scenario	58	START	1614651986285	1614651986285
USER	Friendly and CLosed Scenario	59	START	1614651986286	1614651986286
USER	Friendly and CLosed Scenario	60	START	1614651986286	1614651986286
USER	Friendly and CLosed Scenario	61	START	1614651986286	1614651986286
USER	Friendly and CLosed Scenario	62	START	1614651986286	1614651986286
USER	Friendly and CLosed Scenario	64	START	1614651986287	1614651986287
USER	Friendly and CLosed Scenario	63	START	1614651986287	1614651986287
USER	Friendly and CLosed Scenario	65	START	1614651986287	1614651986287
USER	Friendly and CLosed Scenario	1	START	1614651986231	1614651986231
USER	Friendly and CLosed Scenario	46	START	1614651986282	1614651986282
USER	Friendly and CLosed Scenario	22	START	1614651986278	1614651986278
USER	Friendly and CLosed Scenario	70	START	1614651986288	1614651986288
USER	Friendly and CLosed Scenario	71	START	1614651986288	1614651986288
USER	Friendly and CLosed Scenario	69	START	1614651986288	1614651986288
USER	Friendly and CLosed Scenario	72	START	1614651986289	1614651986289
USER	Friendly and CLosed Scenario	76	START	1614651986290	1614651986290
USER	Friendly and CLosed Scenario	74	START	1614651986289	1614651986289
USER	Friendly and CLosed Scenario	73	START	1614651986289	1614651986289
USER	Friendly and CLosed Scenario	77	START	1614651986291	1614651986291
USER	Friendly and CLosed Scenario	78	START	1614651986291	1614651986291
USER	Friendly and CLosed Scenario	80	START	1614651986292	1614651986292
USER	Friendly and CLosed Scenario	81	START	1614651986292	1614651986292
USER	Friendly and CLosed Scenario	82	START	1614651986292	1614651986292
USER	Friendly and CLosed Scenario	83	START	1614651986292	1614651986292
USER	Friendly and CLosed Scenario	79	START	1614651986291	1614651986291
USER	Friendly and CLosed Scenario	85	START	1614651986293	1614651986293
USER	Friendly and CLosed Scenario	84	START	1614651986293	1614651986293
USER	Friendly and CLosed Scenario	86	START	1614651986293	1614651986293
USER	Friendly and CLosed Scenario	88	START	1614651986294	1614651986294
USER	Friendly and CLosed Scenario	87	START	1614651986294	1614651986294
USER	Friendly and CLosed Scenario	89	START	1614651986294	1614651986294
USER	Friendly and CLosed Scenario	92	START	1614651986295	1614651986295
USER	Friendly and CLosed Scenario	90	START	1614651986295	1614651986295
USER	Friendly and CLosed Scenario	91	START	1614651986295	1614651986295
USER	Friendly and CLosed Scenario	66	START	1614651986287	1614651986287
USER	Friendly and CLosed Scenario	94	START	1614651986295	1614651986295
USER	Friendly and CLosed Scenario	93	START	1614651986295	1614651986295
USER	Friendly and CLosed Scenario	97	START	1614651986296	1614651986296
USER	Friendly and CLosed Scenario	98	START	1614651986296	1614651986296
USER	Friendly and CLosed Scenario	96	START	1614651986296	1614651986296
USER	Friendly and CLosed Scenario	100	START	1614651986297	1614651986297
USER	Not Friendly and Open Scenario	101	START	1614651986297	1614651986297
USER	Friendly and CLosed Scenario	75	START	1614651986290	1614651986290
USER	Not Friendly and Open Scenario	103	START	1614651986297	1614651986297
USER	Not Friendly and Open Scenario	104	START	1614651986298	1614651986298
USER	Not Friendly and Open Scenario	105	START	1614651986298	1614651986298
USER	Not Friendly and Open Scenario	106	START	1614651986299	1614651986299
USER	Not Friendly and Open Scenario	107	START	1614651986299	1614651986299
USER	Not Friendly and Open Scenario	109	START	1614651986300	1614651986300
USER	Not Friendly and Open Scenario	108	START	1614651986300	1614651986300
USER	Not Friendly and Open Scenario	110	START	1614651986300	1614651986300
USER	Not Friendly and Open Scenario	111	START	1614651986300	1614651986300
USER	Friendly and CLosed Scenario	99	START	1614651986297	1614651986297
USER	Friendly and CLosed Scenario	68	START	1614651986287	1614651986287
USER	Friendly and CLosed Scenario	95	START	1614651986295	1614651986295
USER	Friendly and CLosed Scenario	67	START	1614651986287	1614651986287
USER	Not Friendly and Open Scenario	102	START	1614651986297	1614651986297
USER	Friendly and CLosed Scenario	13	START	1614651986272	1614651986272
USER	Friendly and CLosed Scenario	6	START	1614651986233	1614651986233
USER	Friendly and CLosed Scenario	10	START	1614651986234	1614651986234
USER	Friendly and CLosed Scenario	3	START	1614651986231	1614651986231
USER	Friendly and CLosed Scenario	4	START	1614651986231	1614651986231
USER	Not Friendly and Open Scenario	112	START	1614651987231	1614651987231
USER	Not Friendly and Open Scenario	113	START	1614651988232	1614651988232
USER	Not Friendly and Open Scenario	114	START	1614651989221	1614651989221
USER	Not Friendly and Open Scenario	115	START	1614651990222	1614651990222
USER	Not Friendly and Open Scenario	116	START	1614651991221	1614651991221
REQUEST	49		request_1	1614651986284	1614651991787	OK	 
REQUEST	38		request_1	1614651986281	1614651991786	OK	 
REQUEST	47		request_1	1614651986284	1614651991786	OK	 
REQUEST	77		request_1	1614651986291	1614651991783	OK	 
REQUEST	43		request_1	1614651986282	1614651991787	OK	 
REQUEST	68		request_1	1614651986302	1614651991785	OK	 
REQUEST	26		request_1	1614651986278	1614651991786	OK	 
REQUEST	29		request_1	1614651986280	1614651991853	OK	 
REQUEST	17		request_1	1614651986277	1614651991853	OK	 
REQUEST	37		request_1	1614651986281	1614651991853	OK	 
REQUEST	41		request_1	1614651986282	1614651991853	OK	 
REQUEST	13		request_1	1614651986273	1614651991854	OK	 
REQUEST	33		request_1	1614651986280	1614651991854	OK	 
REQUEST	21		request_1	1614651986278	1614651991855	OK	 
REQUEST	73		request_1	1614651986291	1614651991855	OK	 
REQUEST	45		request_1	1614651986283	1614651991855	OK	 
REQUEST	25		request_1	1614651986278	1614651991855	OK	 
REQUEST	61		request_1	1614651986287	1614651991856	OK	 
REQUEST	85		request_1	1614651986294	1614651991857	OK	 
REQUEST	9		request_1	1614651986276	1614651991856	OK	 
REQUEST	58		request_1	1614651986286	1614651991858	OK	 
REQUEST	57		request_1	1614651986286	1614651991858	OK	 
REQUEST	50		request_1	1614651986284	1614651991858	OK	 
REQUEST	113		request_1	1614651988234	1614651991858	OK	 
REQUEST	34		request_1	1614651986280	1614651991859	OK	 
REQUEST	97		request_1	1614651986296	1614651991859	OK	 
REQUEST	18		request_1	1614651986277	1614651991860	OK	 
REQUEST	89		request_1	1614651986294	1614651991860	OK	 
REQUEST	81		request_1	1614651986292	1614651991860	OK	 
REQUEST	66		request_1	1614651986296	1614651991860	OK	 
REQUEST	101		request_1	1614651986297	1614651991861	OK	 
REQUEST	10		request_1	1614651986268	1614651991861	OK	 
REQUEST	65		request_1	1614651986287	1614651991862	OK	 
REQUEST	82		request_1	1614651986293	1614651991864	OK	 
REQUEST	52		request_1	1614651986285	1614651991864	OK	 
REQUEST	12		request_1	1614651986276	1614651991865	OK	 
REQUEST	106		request_1	1614651986299	1614651991865	OK	 
REQUEST	4		request_1	1614651986276	1614651991866	OK	 
REQUEST	114		request_1	1614651989224	1614651991866	OK	 
REQUEST	84		request_1	1614651986294	1614651991866	OK	 
REQUEST	74		request_1	1614651986291	1614651991866	OK	 
REQUEST	98		request_1	1614651986296	1614651991867	OK	 
REQUEST	108		request_1	1614651986300	1614651991867	OK	 
REQUEST	69		request_1	1614651986289	1614651991862	OK	 
REQUEST	53		request_1	1614651986285	1614651991868	OK	 
REQUEST	1		request_1	1614651986276	1614651991868	OK	 
REQUEST	5		request_1	1614651986278	1614651991868	OK	 
REQUEST	105		request_1	1614651986299	1614651991869	OK	 
REQUEST	109		request_1	1614651986300	1614651991869	OK	 
REQUEST	93		request_1	1614651986296	1614651991869	OK	 
REQUEST	2		request_1	1614651986278	1614651991871	OK	 
REQUEST	30		request_1	1614651986280	1614651991871	OK	 
REQUEST	39		request_1	1614651986282	1614651991871	OK	 
REQUEST	54		request_1	1614651986285	1614651991872	OK	 
REQUEST	95		request_1	1614651986303	1614651991872	OK	 
REQUEST	90		request_1	1614651986295	1614651991872	OK	 
REQUEST	62		request_1	1614651986287	1614651991872	OK	 
REQUEST	79		request_1	1614651986293	1614651991873	OK	 
REQUEST	42		request_1	1614651986282	1614651991873	OK	 
REQUEST	78		request_1	1614651986292	1614651991873	OK	 
REQUEST	94		request_1	1614651986296	1614651991873	OK	 
REQUEST	87		request_1	1614651986294	1614651991873	OK	 
REQUEST	46		request_1	1614651986288	1614651991874	OK	 
REQUEST	23		request_1	1614651986283	1614651991874	OK	 
REQUEST	60		request_1	1614651986287	1614651991871	OK	 
REQUEST	55		request_1	1614651986285	1614651991875	OK	 
REQUEST	6		request_1	1614651986268	1614651991875	OK	 
REQUEST	76		request_1	1614651986291	1614651991875	OK	 
REQUEST	103		request_1	1614651986298	1614651991875	OK	 
REQUEST	110		request_1	1614651986301	1614651991875	OK	 
REQUEST	7		request_1	1614651986268	1614651991878	OK	 
REQUEST	99		request_1	1614651986301	1614651991879	OK	 
REQUEST	83		request_1	1614651986293	1614651991879	OK	 
REQUEST	107		request_1	1614651986299	1614651991879	OK	 
REQUEST	14		request_1	1614651986274	1614651991880	OK	 
REQUEST	22		request_1	1614651986288	1614651991880	OK	 
REQUEST	115		request_1	1614651990224	1614651991880	OK	 
REQUEST	86		request_1	1614651986294	1614651991881	OK	 
REQUEST	19		request_1	1614651986277	1614651991881	OK	 
REQUEST	91		request_1	1614651986295	1614651991881	OK	 
REQUEST	70		request_1	1614651986289	1614651991881	OK	 
REQUEST	51		request_1	1614651986285	1614651991882	OK	 
REQUEST	67		request_1	1614651986305	1614651991882	OK	 
REQUEST	27		request_1	1614651986279	1614651991883	OK	 
REQUEST	102		request_1	1614651986305	1614651991882	OK	 
REQUEST	48		request_1	1614651986284	1614651991787	OK	 
REQUEST	20		request_1	1614651986278	1614651991875	OK	 
REQUEST	80		request_1	1614651986292	1614651991888	OK	 
REQUEST	44		request_1	1614651986282	1614651991888	OK	 
REQUEST	24		request_1	1614651986278	1614651991888	OK	 
REQUEST	96		request_1	1614651986296	1614651991889	OK	 
REQUEST	35		request_1	1614651986281	1614651991889	OK	 
REQUEST	59		request_1	1614651986286	1614651991890	OK	 
REQUEST	40		request_1	1614651986282	1614651991890	OK	 
REQUEST	11		request_1	1614651986268	1614651991890	OK	 
REQUEST	56		request_1	1614651986285	1614651991890	OK	 
REQUEST	15		request_1	1614651986275	1614651991891	OK	 
REQUEST	8		request_1	1614651986268	1614651991891	OK	 
REQUEST	71		request_1	1614651986289	1614651991892	OK	 
REQUEST	75		request_1	1614651986298	1614651991893	OK	 
REQUEST	112		request_1	1614651987233	1614651991893	OK	 
REQUEST	3		request_1	1614651986268	1614651991894	OK	 
REQUEST	104		request_1	1614651986299	1614651991894	OK	 
REQUEST	31		request_1	1614651986280	1614651991892	OK	 
REQUEST	63		request_1	1614651986287	1614651991895	OK	 
REQUEST	111		request_1	1614651986301	1614651991896	OK	 
REQUEST	36		request_1	1614651986281	1614651991888	OK	 
REQUEST	92		request_1	1614651986295	1614651991897	OK	 
REQUEST	28		request_1	1614651986279	1614651991898	OK	 
REQUEST	116		request_1	1614651991222	1614651991899	OK	 
REQUEST	100		request_1	1614651986297	1614651991899	OK	 
REQUEST	64		request_1	1614651986287	1614651991900	OK	 
REQUEST	72		request_1	1614651986289	1614651991900	OK	 
REQUEST	16		request_1	1614651986276	1614651991901	OK	 
REQUEST	32		request_1	1614651986280	1614651991901	OK	 
REQUEST	88		request_1	1614651986294	1614651991902	OK	 
USER	Not Friendly and Open Scenario	117	START	1614651992221	1614651992221
REQUEST	117		request_1	1614651992223	1614651992241	OK	 
USER	Not Friendly and Open Scenario	118	START	1614651993222	1614651993222
REQUEST	118		request_1	1614651993224	1614651993238	OK	 
USER	Not Friendly and Open Scenario	119	START	1614651994221	1614651994221
REQUEST	119		request_1	1614651994223	1614651994239	OK	 
USER	Not Friendly and Open Scenario	120	START	1614651995221	1614651995221
REQUEST	120		request_1	1614651995223	1614651995238	OK	 
USER	Not Friendly and Open Scenario	121	START	1614651996222	1614651996222
REQUEST	121		request_1	1614651996223	1614651996241	OK	 
USER	Not Friendly and Open Scenario	122	START	1614651996422	1614651996422
REQUEST	122		request_1	1614651996423	1614651996435	OK	 
USER	Not Friendly and Open Scenario	123	START	1614651996621	1614651996621
REQUEST	123		request_1	1614651996622	1614651996630	OK	 
USER	Not Friendly and Open Scenario	124	START	1614651996822	1614651996822
REQUEST	124		request_1	1614651996824	1614651996843	OK	 
USER	Not Friendly and Open Scenario	125	START	1614651997021	1614651997021
REQUEST	125		request_1	1614651997024	1614651997039	OK	 
USER	Not Friendly and Open Scenario	126	START	1614651997221	1614651997221
REQUEST	126		request_1	1614651997223	1614651997233	OK	 
USER	Not Friendly and Open Scenario	127	START	1614651997422	1614651997422
REQUEST	127		request_1	1614651997424	1614651997442	OK	 
USER	Not Friendly and Open Scenario	128	START	1614651997621	1614651997621
REQUEST	128		request_1	1614651997623	1614651997637	OK	 
USER	Not Friendly and Open Scenario	129	START	1614651997821	1614651997821
REQUEST	129		request_1	1614651997823	1614651997841	OK	 
USER	Not Friendly and Open Scenario	130	START	1614651998022	1614651998022
REQUEST	130		request_1	1614651998023	1614651998041	OK	 
USER	Not Friendly and Open Scenario	131	START	1614651998221	1614651998221
REQUEST	131		request_1	1614651998223	1614651998243	OK	 
USER	Not Friendly and Open Scenario	132	START	1614651998421	1614651998421
REQUEST	132		request_1	1614651998423	1614651998444	OK	 
USER	Not Friendly and Open Scenario	133	START	1614651998621	1614651998621
REQUEST	133		request_1	1614651998622	1614651998640	OK	 
USER	Not Friendly and Open Scenario	134	START	1614651998821	1614651998821
REQUEST	134		request_1	1614651998823	1614651998832	OK	 
USER	Not Friendly and Open Scenario	135	START	1614651999021	1614651999021
REQUEST	135		request_1	1614651999023	1614651999041	OK	 
USER	Not Friendly and Open Scenario	136	START	1614651999221	1614651999221
REQUEST	136		request_1	1614651999222	1614651999238	OK	 
USER	Not Friendly and Open Scenario	137	START	1614651999422	1614651999422
REQUEST	137		request_1	1614651999423	1614651999439	OK	 
USER	Not Friendly and Open Scenario	138	START	1614651999621	1614651999621
REQUEST	138		request_1	1614651999622	1614651999637	OK	 
USER	Not Friendly and Open Scenario	139	START	1614651999821	1614651999821
REQUEST	139		request_1	1614651999822	1614651999827	OK	 
USER	Not Friendly and Open Scenario	140	START	1614652000022	1614652000022
REQUEST	140		request_1	1614652000023	1614652000038	OK	 
USER	Not Friendly and Open Scenario	141	START	1614652000221	1614652000221
REQUEST	141		request_1	1614652000223	1614652000234	OK	 
USER	Not Friendly and Open Scenario	142	START	1614652000421	1614652000421
REQUEST	142		request_1	1614652000423	1614652000434	OK	 
USER	Not Friendly and Open Scenario	143	START	1614652000622	1614652000622
REQUEST	143		request_1	1614652000623	1614652000637	OK	 
USER	Not Friendly and Open Scenario	144	START	1614652000821	1614652000821
REQUEST	144		request_1	1614652000821	1614652000826	OK	 
USER	Not Friendly and Open Scenario	145	START	1614652001021	1614652001021
REQUEST	145		request_1	1614652001023	1614652001034	OK	 
USER	Not Friendly and Open Scenario	146	START	1614652001222	1614652001222
REQUEST	146		request_1	1614652001223	1614652001237	OK	 
USER	Not Friendly and Open Scenario	147	START	1614652001422	1614652001422
REQUEST	147		request_1	1614652001424	1614652001439	OK	 
USER	Not Friendly and Open Scenario	148	START	1614652001621	1614652001621
REQUEST	148		request_1	1614652001623	1614652001634	OK	 
REQUEST	26		request_2	1614652001803	1614652001821	OK	 
USER	Not Friendly and Open Scenario	149	START	1614652001825	1614652001825
REQUEST	48		request_2	1614652001803	1614652001840	OK	 
REQUEST	68		request_2	1614652001803	1614652001853	OK	 
USER	Friendly and CLosed Scenario	48	END	1614651986283	1614652001865
USER	Friendly and CLosed Scenario	68	END	1614651986287	1614652001867
REQUEST	77		request_2	1614652001815	1614652001869	OK	 
REQUEST	38		request_2	1614652001815	1614652001871	OK	 
USER	Friendly and CLosed Scenario	38	END	1614651986281	1614652001873
USER	Friendly and CLosed Scenario	77	END	1614651986291	1614652001878
USER	Friendly and CLosed Scenario	26	END	1614651986278	1614652001891
REQUEST	149		request_1	1614652001827	1614652001933	OK	 
REQUEST	49		request_2	1614652001826	1614652001933	OK	 
USER	Friendly and CLosed Scenario	49	END	1614651986284	1614652001937
REQUEST	47		request_2	1614652001842	1614652001942	OK	 
USER	Friendly and CLosed Scenario	47	END	1614651986282	1614652001944
REQUEST	43		request_2	1614652001843	1614652001976	OK	 
USER	Friendly and CLosed Scenario	43	END	1614651986282	1614652001977
REQUEST	13		request_2	1614652001874	1614652002002	OK	 
USER	Friendly and CLosed Scenario	13	END	1614651986272	1614652002003
REQUEST	107		request_2	1614652001897	1614652002008	OK	 
USER	Not Friendly and Open Scenario	107	END	1614651986299	1614652002008
REQUEST	33		request_2	1614652001874	1614652002011	OK	 
REQUEST	96		request_2	1614652001903	1614652002012	OK	 
USER	Friendly and CLosed Scenario	33	END	1614651986280	1614652002012
USER	Friendly and CLosed Scenario	96	END	1614651986296	1614652002012
REQUEST	83		request_2	1614652001897	1614652002013	OK	 
REQUEST	80		request_2	1614652001902	1614652002014	OK	 
USER	Friendly and CLosed Scenario	83	END	1614651986292	1614652002014
USER	Friendly and CLosed Scenario	80	END	1614651986292	1614652002014
REQUEST	55		request_2	1614652001896	1614652002014	OK	 
USER	Friendly and CLosed Scenario	55	END	1614651986285	1614652002015
REQUEST	56		request_2	1614652001904	1614652002016	OK	 
REQUEST	103		request_2	1614652001897	1614652002016	OK	 
USER	Not Friendly and Open Scenario	103	END	1614651986297	1614652002017
USER	Friendly and CLosed Scenario	56	END	1614651986285	1614652002018
REQUEST	39		request_2	1614652001893	1614652002018	OK	 
REQUEST	73		request_2	1614652001875	1614652002019	OK	 
USER	Friendly and CLosed Scenario	39	END	1614651986281	1614652002019
USER	Friendly and CLosed Scenario	73	END	1614651986289	1614652002020
REQUEST	27		request_2	1614652001903	1614652002020	OK	 
USER	Friendly and CLosed Scenario	27	END	1614651986279	1614652002021
USER	Not Friendly and Open Scenario	150	START	1614652002021	1614652002021
REQUEST	52		request_2	1614652001884	1614652002031	OK	 
USER	Friendly and CLosed Scenario	52	END	1614651986284	1614652002031
REQUEST	95		request_2	1614652001894	1614652002032	OK	 
USER	Friendly and CLosed Scenario	95	END	1614651986295	1614652002033
REQUEST	44		request_2	1614652001906	1614652002033	OK	 
USER	Friendly and CLosed Scenario	44	END	1614651986282	1614652002034
REQUEST	61		request_2	1614652001875	1614652002036	OK	 
REQUEST	115		request_2	1614652001898	1614652002037	OK	 
USER	Not Friendly and Open Scenario	115	END	1614651990222	1614652002037
USER	Friendly and CLosed Scenario	61	END	1614651986286	1614652002037
REQUEST	34		request_2	1614652001877	1614652002037	OK	 
REQUEST	4		request_2	1614652001885	1614652002038	OK	 
USER	Friendly and CLosed Scenario	4	END	1614651986231	1614652002038
REQUEST	59		request_2	1614652001920	1614652002040	OK	 
REQUEST	21		request_2	1614652001874	1614652002040	OK	 
USER	Friendly and CLosed Scenario	34	END	1614651986280	1614652002040
USER	Friendly and CLosed Scenario	59	END	1614651986286	1614652002040
REQUEST	25		request_2	1614652001875	1614652002035	OK	 
REQUEST	40		request_2	1614652001903	1614652002036	OK	 
REQUEST	12		request_2	1614652001884	1614652002041	OK	 
USER	Friendly and CLosed Scenario	40	END	1614651986281	1614652002042
USER	Friendly and CLosed Scenario	12	END	1614651986251	1614652002042
USER	Friendly and CLosed Scenario	21	END	1614651986277	1614652002043
REQUEST	18		request_2	1614652001877	1614652002043	OK	 
REQUEST	69		request_2	1614652001886	1614652002044	OK	 
USER	Friendly and CLosed Scenario	18	END	1614651986276	1614652002043
USER	Friendly and CLosed Scenario	25	END	1614651986278	1614652002043
REQUEST	106		request_2	1614652001885	1614652002044	OK	 
USER	Not Friendly and Open Scenario	106	END	1614651986299	1614652002045
USER	Friendly and CLosed Scenario	69	END	1614651986288	1614652002045
REQUEST	57		request_2	1614652001876	1614652002046	OK	 
REQUEST	85		request_2	1614652001884	1614652002046	OK	 
REQUEST	108		request_2	1614652001887	1614652002048	OK	 
REQUEST	87		request_2	1614652001895	1614652002048	OK	 
USER	Friendly and CLosed Scenario	57	END	1614651986285	1614652002049
USER	Friendly and CLosed Scenario	87	END	1614651986294	1614652002049
USER	Not Friendly and Open Scenario	108	END	1614651986300	1614652002050
REQUEST	98		request_2	1614652001889	1614652002045	OK	 
REQUEST	24		request_2	1614652001902	1614652002048	OK	 
USER	Friendly and CLosed Scenario	98	END	1614651986296	1614652002051
USER	Friendly and CLosed Scenario	24	END	1614651986278	1614652002052
USER	Friendly and CLosed Scenario	85	END	1614651986293	1614652002054
REQUEST	109		request_2	1614652001887	1614652002055	OK	 
REQUEST	90		request_2	1614652001893	1614652002055	OK	 
USER	Not Friendly and Open Scenario	109	END	1614651986300	1614652002056
USER	Friendly and CLosed Scenario	90	END	1614651986295	1614652002056
REQUEST	35		request_2	1614652001904	1614652002074	OK	 
REQUEST	17		request_2	1614652001873	1614652002075	OK	 
REQUEST	23		request_2	1614652001895	1614652002075	OK	 
USER	Friendly and CLosed Scenario	35	END	1614651986280	1614652002075
USER	Friendly and CLosed Scenario	23	END	1614651986278	1614652002075
USER	Friendly and CLosed Scenario	17	END	1614651986276	1614652002075
REQUEST	71		request_2	1614652001933	1614652002076	OK	 
REQUEST	58		request_2	1614652001876	1614652002076	OK	 
USER	Friendly and CLosed Scenario	58	END	1614651986285	1614652002076
USER	Friendly and CLosed Scenario	71	END	1614651986288	1614652002076
REQUEST	91		request_2	1614652001899	1614652002076	OK	 
USER	Friendly and CLosed Scenario	91	END	1614651986295	1614652002077
REQUEST	14		request_2	1614652001897	1614652002078	OK	 
USER	Friendly and CLosed Scenario	14	END	1614651986274	1614652002079
REQUEST	20		request_2	1614652001899	1614652002088	OK	 
USER	Friendly and CLosed Scenario	20	END	1614651986277	1614652002089
REQUEST	104		request_2	1614652001933	1614652002089	OK	 
REQUEST	81		request_2	1614652001877	1614652002089	OK	 
REQUEST	60		request_2	1614652001898	1614652002089	OK	 
USER	Friendly and CLosed Scenario	81	END	1614651986292	1614652002090
USER	Not Friendly and Open Scenario	104	END	1614651986298	1614652002090
USER	Friendly and CLosed Scenario	60	END	1614651986286	1614652002090
REQUEST	9		request_2	1614652001876	1614652002090	OK	 
USER	Friendly and CLosed Scenario	9	END	1614651986234	1614652002090
REQUEST	54		request_2	1614652001893	1614652002090	OK	 
REQUEST	88		request_2	1614652001935	1614652002090	OK	 
REQUEST	97		request_2	1614652001877	1614652002091	OK	 
USER	Friendly and CLosed Scenario	54	END	1614651986285	1614652002091
USER	Friendly and CLosed Scenario	88	END	1614651986294	1614652002091
REQUEST	45		request_2	1614652001875	1614652002092	OK	 
REQUEST	50		request_2	1614652001877	1614652002092	OK	 
USER	Friendly and CLosed Scenario	97	END	1614651986296	1614652002091
USER	Friendly and CLosed Scenario	45	END	1614651986282	1614652002092
USER	Friendly and CLosed Scenario	50	END	1614651986284	1614652002092
REQUEST	5		request_2	1614652001887	1614652002095	OK	 
USER	Friendly and CLosed Scenario	5	END	1614651986233	1614652002095
REQUEST	78		request_2	1614652001894	1614652002095	OK	 
USER	Friendly and CLosed Scenario	78	END	1614651986291	1614652002096
REQUEST	111		request_2	1614652001934	1614652002096	OK	 
USER	Not Friendly and Open Scenario	111	END	1614651986300	1614652002096
REQUEST	86		request_2	1614652001899	1614652002096	OK	 
USER	Friendly and CLosed Scenario	86	END	1614651986293	1614652002097
REQUEST	72		request_2	1614652001935	1614652002098	OK	 
USER	Friendly and CLosed Scenario	72	END	1614651986289	1614652002099
REQUEST	29		request_2	1614652001874	1614652002101	OK	 
REQUEST	41		request_2	1614652001874	1614652002101	OK	 
REQUEST	1		request_2	1614652001886	1614652002102	OK	 
USER	Friendly and CLosed Scenario	41	END	1614651986281	1614652002101
USER	Friendly and CLosed Scenario	1	END	1614651986231	1614652002102
REQUEST	102		request_2	1614652001905	1614652002104	OK	 
REQUEST	79		request_2	1614652001894	1614652002105	OK	 
USER	Not Friendly and Open Scenario	102	END	1614651986297	1614652002105
USER	Friendly and CLosed Scenario	29	END	1614651986279	1614652002105
USER	Friendly and CLosed Scenario	79	END	1614651986291	1614652002106
REQUEST	19		request_2	1614652001898	1614652002106	OK	 
REQUEST	15		request_2	1614652001932	1614652002106	OK	 
USER	Friendly and CLosed Scenario	19	END	1614651986277	1614652002107
REQUEST	65		request_2	1614652001886	1614652002108	OK	 
USER	Friendly and CLosed Scenario	15	END	1614651986275	1614652002108
USER	Friendly and CLosed Scenario	65	END	1614651986287	1614652002109
REQUEST	6		request_2	1614652001904	1614652002108	OK	 
USER	Friendly and CLosed Scenario	6	END	1614651986233	1614652002110
REQUEST	10		request_2	1614652001888	1614652002112	OK	 
USER	Friendly and CLosed Scenario	10	END	1614651986234	1614652002112
REQUEST	99		request_2	1614652001897	1614652002113	OK	 
USER	Friendly and CLosed Scenario	99	END	1614651986297	1614652002114
REQUEST	84		request_2	1614652001886	1614652002115	OK	 
USER	Friendly and CLosed Scenario	84	END	1614651986293	1614652002116
REQUEST	16		request_2	1614652001935	1614652002115	OK	 
REQUEST	113		request_2	1614652001876	1614652002116	OK	 
REQUEST	51		request_2	1614652001899	1614652002116	OK	 
USER	Friendly and CLosed Scenario	51	END	1614651986284	1614652002117
REQUEST	93		request_2	1614652001888	1614652002116	OK	 
USER	Not Friendly and Open Scenario	113	END	1614651988232	1614652002117
REQUEST	105		request_2	1614652001887	1614652002117	OK	 
USER	Not Friendly and Open Scenario	105	END	1614651986298	1614652002117
USER	Friendly and CLosed Scenario	16	END	1614651986275	1614652002117
USER	Friendly and CLosed Scenario	93	END	1614651986295	1614652002117
REQUEST	67		request_2	1614652001899	1614652002117	OK	 
REQUEST	37		request_2	1614652001873	1614652002118	OK	 
REQUEST	89		request_2	1614652001877	1614652002118	OK	 
USER	Friendly and CLosed Scenario	89	END	1614651986294	1614652002118
USER	Friendly and CLosed Scenario	67	END	1614651986287	1614652002118
USER	Friendly and CLosed Scenario	37	END	1614651986280	1614652002119
REQUEST	22		request_2	1614652001897	1614652002119	OK	 
REQUEST	31		request_2	1614652001934	1614652002119	OK	 
REQUEST	66		request_2	1614652001877	1614652002119	OK	 
USER	Friendly and CLosed Scenario	66	END	1614651986287	1614652002119
REQUEST	114		request_2	1614652001885	1614652002120	OK	 
REQUEST	64		request_2	1614652001935	1614652002121	OK	 
USER	Friendly and CLosed Scenario	64	END	1614651986287	1614652002122
USER	Friendly and CLosed Scenario	31	END	1614651986279	1614652002123
REQUEST	11		request_2	1614652001904	1614652002123	OK	 
REQUEST	8		request_2	1614652001932	1614652002123	OK	 
USER	Friendly and CLosed Scenario	11	END	1614651986235	1614652002124
USER	Friendly and CLosed Scenario	8	END	1614651986234	1614652002124
USER	Not Friendly and Open Scenario	114	END	1614651989221	1614652002125
USER	Friendly and CLosed Scenario	22	END	1614651986278	1614652002125
REQUEST	74		request_2	1614652001886	1614652002125	OK	 
REQUEST	70		request_2	1614652001898	1614652002125	OK	 
USER	Friendly and CLosed Scenario	70	END	1614651986288	1614652002125
USER	Friendly and CLosed Scenario	74	END	1614651986289	1614652002125
REQUEST	82		request_2	1614652001889	1614652002126	OK	 
REQUEST	3		request_2	1614652001933	1614652002126	OK	 
USER	Friendly and CLosed Scenario	82	END	1614651986292	1614652002126
USER	Friendly and CLosed Scenario	3	END	1614651986231	1614652002126
REQUEST	7		request_2	1614652001904	1614652002130	OK	 
USER	Friendly and CLosed Scenario	7	END	1614651986233	1614652002131
REQUEST	100		request_2	1614652001935	1614652002131	OK	 
REQUEST	53		request_2	1614652001886	1614652002131	OK	 
USER	Friendly and CLosed Scenario	53	END	1614651986284	1614652002131
USER	Friendly and CLosed Scenario	100	END	1614651986297	1614652002131
REQUEST	75		request_2	1614652001933	1614652002132	OK	 
REQUEST	63		request_2	1614652001934	1614652002132	OK	 
REQUEST	101		request_2	1614652001883	1614652002132	OK	 
USER	Not Friendly and Open Scenario	101	END	1614651986297	1614652002132
USER	Friendly and CLosed Scenario	75	END	1614651986290	1614652002132
REQUEST	76		request_2	1614652001896	1614652002133	OK	 
REQUEST	42		request_2	1614652001894	1614652002133	OK	 
USER	Friendly and CLosed Scenario	42	END	1614651986282	1614652002133
USER	Friendly and CLosed Scenario	76	END	1614651986290	1614652002133
USER	Friendly and CLosed Scenario	63	END	1614651986287	1614652002133
REQUEST	46		request_2	1614652001920	1614652002127	OK	 
USER	Friendly and CLosed Scenario	46	END	1614651986282	1614652002134
REQUEST	110		request_2	1614652001896	1614652002134	OK	 
USER	Not Friendly and Open Scenario	110	END	1614651986300	1614652002135
REQUEST	62		request_2	1614652001894	1614652002135	OK	 
REQUEST	28		request_2	1614652001934	1614652002138	OK	 
USER	Friendly and CLosed Scenario	28	END	1614651986279	1614652002139
REQUEST	32		request_2	1614652001935	1614652002140	OK	 
REQUEST	36		request_2	1614652001934	1614652002140	OK	 
USER	Friendly and CLosed Scenario	36	END	1614651986280	1614652002140
USER	Friendly and CLosed Scenario	32	END	1614651986280	1614652002142
REQUEST	116		request_2	1614652001934	1614652002141	OK	 
REQUEST	112		request_2	1614652001939	1614652002142	OK	 
USER	Not Friendly and Open Scenario	116	END	1614651991221	1614652002142
USER	Friendly and CLosed Scenario	62	END	1614651986286	1614652002143
USER	Not Friendly and Open Scenario	112	END	1614651987231	1614652002144
REQUEST	92		request_2	1614652001934	1614652002145	OK	 
REQUEST	2		request_2	1614652001927	1614652002145	OK	 
USER	Friendly and CLosed Scenario	2	END	1614651986231	1614652002145
USER	Friendly and CLosed Scenario	92	END	1614651986295	1614652002146
REQUEST	94		request_2	1614652001895	1614652002147	OK	 
USER	Friendly and CLosed Scenario	94	END	1614651986295	1614652002148
REQUEST	150		request_1	1614652002021	1614652002148	OK	 
REQUEST	30		request_2	1614652001892	1614652002149	OK	 
USER	Friendly and CLosed Scenario	30	END	1614651986279	1614652002150
USER	Not Friendly and Open Scenario	151	START	1614652002222	1614652002222
REQUEST	151		request_1	1614652002223	1614652002238	OK	 
REQUEST	117		request_2	1614652002252	1614652002264	OK	 
USER	Not Friendly and Open Scenario	117	END	1614651992221	1614652002266
USER	Not Friendly and Open Scenario	152	START	1614652002421	1614652002421
REQUEST	152		request_1	1614652002423	1614652002438	OK	 
USER	Not Friendly and Open Scenario	153	START	1614652002621	1614652002621
REQUEST	153		request_1	1614652002623	1614652002637	OK	 
USER	Not Friendly and Open Scenario	154	START	1614652002822	1614652002822
REQUEST	154		request_1	1614652002823	1614652002835	OK	 
USER	Not Friendly and Open Scenario	155	START	1614652003021	1614652003021
REQUEST	155		request_1	1614652003022	1614652003030	OK	 
USER	Not Friendly and Open Scenario	156	START	1614652003222	1614652003222
REQUEST	156		request_1	1614652003223	1614652003236	OK	 
REQUEST	118		request_2	1614652003252	1614652003262	OK	 
USER	Not Friendly and Open Scenario	118	END	1614651993222	1614652003266
USER	Not Friendly and Open Scenario	157	START	1614652003421	1614652003421
REQUEST	157		request_1	1614652003422	1614652003436	OK	 
USER	Not Friendly and Open Scenario	158	START	1614652003622	1614652003622
REQUEST	158		request_1	1614652003623	1614652003636	OK	 
USER	Not Friendly and Open Scenario	159	START	1614652003822	1614652003822
REQUEST	159		request_1	1614652003823	1614652003835	OK	 
USER	Not Friendly and Open Scenario	160	START	1614652004022	1614652004022
REQUEST	160		request_1	1614652004024	1614652004036	OK	 
USER	Not Friendly and Open Scenario	161	START	1614652004222	1614652004222
REQUEST	161		request_1	1614652004223	1614652004235	OK	 
REQUEST	119		request_2	1614652004262	1614652004271	OK	 
USER	Not Friendly and Open Scenario	119	END	1614651994221	1614652004273
USER	Not Friendly and Open Scenario	162	START	1614652004421	1614652004421
REQUEST	162		request_1	1614652004422	1614652004433	OK	 
USER	Not Friendly and Open Scenario	163	START	1614652004622	1614652004622
REQUEST	163		request_1	1614652004623	1614652004634	OK	 
USER	Not Friendly and Open Scenario	164	START	1614652004821	1614652004821
REQUEST	164		request_1	1614652004823	1614652004836	OK	 
USER	Not Friendly and Open Scenario	165	START	1614652005021	1614652005021
REQUEST	165		request_1	1614652005023	1614652005035	OK	 
USER	Not Friendly and Open Scenario	166	START	1614652005221	1614652005221
REQUEST	166		request_1	1614652005221	1614652005226	OK	 
REQUEST	120		request_2	1614652005252	1614652005261	OK	 
USER	Not Friendly and Open Scenario	120	END	1614651995221	1614652005262
USER	Not Friendly and Open Scenario	167	START	1614652005421	1614652005421
REQUEST	167		request_1	1614652005422	1614652005433	OK	 
USER	Not Friendly and Open Scenario	168	START	1614652005622	1614652005622
REQUEST	168		request_1	1614652005623	1614652005633	OK	 
USER	Not Friendly and Open Scenario	169	START	1614652005821	1614652005821
REQUEST	169		request_1	1614652005822	1614652005835	OK	 
USER	Not Friendly and Open Scenario	170	START	1614652006021	1614652006021
REQUEST	170		request_1	1614652006022	1614652006036	OK	 
USER	Not Friendly and Open Scenario	171	START	1614652006222	1614652006222
REQUEST	171		request_1	1614652006223	1614652006262	OK	 
REQUEST	121		request_2	1614652006264	1614652006278	OK	 
USER	Not Friendly and Open Scenario	121	END	1614651996222	1614652006280
USER	Not Friendly and Open Scenario	172	START	1614652006421	1614652006421
REQUEST	172		request_1	1614652006422	1614652006453	OK	 
REQUEST	122		request_2	1614652006453	1614652006472	OK	 
USER	Not Friendly and Open Scenario	122	END	1614651996422	1614652006474
USER	Not Friendly and Open Scenario	173	START	1614652006621	1614652006621
REQUEST	173		request_1	1614652006622	1614652006631	OK	 
REQUEST	123		request_2	1614652006642	1614652006649	OK	 
USER	Not Friendly and Open Scenario	123	END	1614651996621	1614652006650
USER	Not Friendly and Open Scenario	174	START	1614652006822	1614652006822
REQUEST	174		request_1	1614652006823	1614652006836	OK	 
REQUEST	124		request_2	1614652006862	1614652006870	OK	 
USER	Not Friendly and Open Scenario	124	END	1614651996822	1614652006871
USER	Not Friendly and Open Scenario	175	START	1614652007021	1614652007021
REQUEST	175		request_1	1614652007022	1614652007034	OK	 
REQUEST	125		request_2	1614652007052	1614652007060	OK	 
USER	Not Friendly and Open Scenario	125	END	1614651997021	1614652007061
USER	Not Friendly and Open Scenario	176	START	1614652007222	1614652007222
REQUEST	176		request_1	1614652007223	1614652007234	OK	 
REQUEST	126		request_2	1614652007252	1614652007261	OK	 
USER	Not Friendly and Open Scenario	126	END	1614651997221	1614652007262
USER	Not Friendly and Open Scenario	177	START	1614652007351	1614652007351
REQUEST	177		request_1	1614652007352	1614652007362	OK	 
REQUEST	127		request_2	1614652007462	1614652007470	OK	 
USER	Not Friendly and Open Scenario	127	END	1614651997422	1614652007472
USER	Not Friendly and Open Scenario	178	START	1614652007472	1614652007472
REQUEST	178		request_1	1614652007473	1614652007484	OK	 
USER	Not Friendly and Open Scenario	179	START	1614652007602	1614652007602
REQUEST	179		request_1	1614652007602	1614652007612	OK	 
REQUEST	128		request_2	1614652007652	1614652007660	OK	 
USER	Not Friendly and Open Scenario	128	END	1614651997621	1614652007662
USER	Not Friendly and Open Scenario	180	START	1614652007722	1614652007722
REQUEST	180		request_1	1614652007723	1614652007732	OK	 
USER	Not Friendly and Open Scenario	181	START	1614652007851	1614652007851
REQUEST	181		request_1	1614652007853	1614652007863	OK	 
REQUEST	129		request_2	1614652007862	1614652007873	OK	 
USER	Not Friendly and Open Scenario	129	END	1614651997821	1614652007875
USER	Not Friendly and Open Scenario	182	START	1614652007971	1614652007971
REQUEST	182		request_1	1614652007972	1614652007982	OK	 
REQUEST	130		request_2	1614652008062	1614652008071	OK	 
USER	Not Friendly and Open Scenario	130	END	1614651998022	1614652008073
USER	Not Friendly and Open Scenario	183	START	1614652008101	1614652008101
REQUEST	183		request_1	1614652008102	1614652008112	OK	 
USER	Not Friendly and Open Scenario	184	START	1614652008221	1614652008221
REQUEST	184		request_1	1614652008222	1614652008233	OK	 
REQUEST	131		request_2	1614652008262	1614652008272	OK	 
USER	Not Friendly and Open Scenario	131	END	1614651998221	1614652008273
USER	Not Friendly and Open Scenario	185	START	1614652008342	1614652008342
REQUEST	185		request_1	1614652008343	1614652008353	OK	 
REQUEST	132		request_2	1614652008462	1614652008465	OK	 
USER	Not Friendly and Open Scenario	132	END	1614651998421	1614652008465
USER	Not Friendly and Open Scenario	186	START	1614652008471	1614652008471
REQUEST	186		request_1	1614652008471	1614652008475	OK	 
USER	Not Friendly and Open Scenario	187	START	1614652008592	1614652008592
REQUEST	187		request_1	1614652008593	1614652008605	OK	 
REQUEST	133		request_2	1614652008661	1614652008670	OK	 
USER	Not Friendly and Open Scenario	133	END	1614651998621	1614652008671
USER	Not Friendly and Open Scenario	188	START	1614652008721	1614652008721
REQUEST	188		request_1	1614652008722	1614652008732	OK	 
USER	Not Friendly and Open Scenario	189	START	1614652008841	1614652008841
REQUEST	189		request_1	1614652008842	1614652008856	OK	 
REQUEST	134		request_2	1614652008852	1614652008861	OK	 
USER	Not Friendly and Open Scenario	134	END	1614651998821	1614652008863
USER	Not Friendly and Open Scenario	190	START	1614652008971	1614652008971
REQUEST	190		request_1	1614652008972	1614652008985	OK	 
REQUEST	135		request_2	1614652009062	1614652009071	OK	 
USER	Not Friendly and Open Scenario	135	END	1614651999021	1614652009073
USER	Not Friendly and Open Scenario	191	START	1614652009092	1614652009092
REQUEST	191		request_1	1614652009093	1614652009105	OK	 
USER	Not Friendly and Open Scenario	192	START	1614652009222	1614652009222
REQUEST	192		request_1	1614652009223	1614652009235	OK	 
REQUEST	136		request_2	1614652009252	1614652009261	OK	 
USER	Not Friendly and Open Scenario	136	END	1614651999221	1614652009263
USER	Not Friendly and Open Scenario	193	START	1614652009312	1614652009312
REQUEST	193		request_1	1614652009313	1614652009323	OK	 
USER	Not Friendly and Open Scenario	194	START	1614652009402	1614652009402
REQUEST	194		request_1	1614652009403	1614652009416	OK	 
REQUEST	137		request_2	1614652009452	1614652009460	OK	 
USER	Not Friendly and Open Scenario	137	END	1614651999422	1614652009462
USER	Not Friendly and Open Scenario	195	START	1614652009491	1614652009491
REQUEST	195		request_1	1614652009492	1614652009503	OK	 
USER	Not Friendly and Open Scenario	196	START	1614652009581	1614652009581
REQUEST	196		request_1	1614652009582	1614652009585	OK	 
REQUEST	138		request_2	1614652009652	1614652009660	OK	 
USER	Not Friendly and Open Scenario	138	END	1614651999621	1614652009661
USER	Not Friendly and Open Scenario	197	START	1614652009671	1614652009671
REQUEST	197		request_1	1614652009672	1614652009682	OK	 
USER	Not Friendly and Open Scenario	198	START	1614652009771	1614652009771
REQUEST	198		request_1	1614652009772	1614652009781	OK	 
REQUEST	139		request_2	1614652009841	1614652009850	OK	 
USER	Not Friendly and Open Scenario	139	END	1614651999821	1614652009852
USER	Not Friendly and Open Scenario	199	START	1614652009861	1614652009861
REQUEST	199		request_1	1614652009862	1614652009871	OK	 
USER	Not Friendly and Open Scenario	200	START	1614652009952	1614652009952
REQUEST	200		request_1	1614652009953	1614652009961	OK	 
USER	Not Friendly and Open Scenario	201	START	1614652010041	1614652010041
REQUEST	201		request_1	1614652010043	1614652010052	OK	 
REQUEST	140		request_2	1614652010053	1614652010062	OK	 
USER	Not Friendly and Open Scenario	140	END	1614652000022	1614652010063
USER	Not Friendly and Open Scenario	202	START	1614652010131	1614652010131
REQUEST	202		request_1	1614652010133	1614652010143	OK	 
USER	Not Friendly and Open Scenario	203	START	1614652010222	1614652010222
REQUEST	203		request_1	1614652010223	1614652010231	OK	 
REQUEST	141		request_2	1614652010252	1614652010260	OK	 
USER	Not Friendly and Open Scenario	141	END	1614652000221	1614652010262
USER	Not Friendly and Open Scenario	204	START	1614652010311	1614652010311
REQUEST	204		request_1	1614652010312	1614652010321	OK	 
USER	Not Friendly and Open Scenario	205	START	1614652010401	1614652010401
REQUEST	205		request_1	1614652010402	1614652010408	OK	 
REQUEST	142		request_2	1614652010451	1614652010455	OK	 
USER	Not Friendly and Open Scenario	142	END	1614652000421	1614652010456
USER	Not Friendly and Open Scenario	206	START	1614652010491	1614652010491
REQUEST	206		request_1	1614652010492	1614652010501	OK	 
USER	Not Friendly and Open Scenario	207	START	1614652010581	1614652010581
REQUEST	207		request_1	1614652010582	1614652010589	OK	 
REQUEST	143		request_2	1614652010651	1614652010654	OK	 
USER	Not Friendly and Open Scenario	143	END	1614652000622	1614652010654
USER	Not Friendly and Open Scenario	208	START	1614652010672	1614652010672
REQUEST	208		request_1	1614652010672	1614652010683	OK	 
USER	Not Friendly and Open Scenario	209	START	1614652010772	1614652010772
REQUEST	209		request_1	1614652010772	1614652010780	OK	 
REQUEST	144		request_2	1614652010841	1614652010849	OK	 
USER	Not Friendly and Open Scenario	144	END	1614652000821	1614652010850
USER	Not Friendly and Open Scenario	210	START	1614652010861	1614652010861
REQUEST	210		request_1	1614652010862	1614652010872	OK	 
USER	Not Friendly and Open Scenario	211	START	1614652010951	1614652010951
REQUEST	211		request_1	1614652010952	1614652010961	OK	 
USER	Not Friendly and Open Scenario	212	START	1614652011042	1614652011042
REQUEST	212		request_1	1614652011043	1614652011053	OK	 
REQUEST	145		request_2	1614652011052	1614652011061	OK	 
USER	Not Friendly and Open Scenario	145	END	1614652001021	1614652011062
USER	Not Friendly and Open Scenario	213	START	1614652011131	1614652011131
REQUEST	213		request_1	1614652011132	1614652011142	OK	 
USER	Not Friendly and Open Scenario	214	START	1614652011221	1614652011221
REQUEST	214		request_1	1614652011222	1614652011233	OK	 
REQUEST	146		request_2	1614652011252	1614652011258	OK	 
USER	Not Friendly and Open Scenario	146	END	1614652001222	1614652011259
USER	Not Friendly and Open Scenario	215	START	1614652011291	1614652011291
REQUEST	215		request_1	1614652011292	1614652011301	OK	 
USER	Not Friendly and Open Scenario	216	START	1614652011361	1614652011361
REQUEST	216		request_1	1614652011362	1614652011371	OK	 
USER	Not Friendly and Open Scenario	217	START	1614652011431	1614652011431
REQUEST	217		request_1	1614652011432	1614652011440	OK	 
REQUEST	147		request_2	1614652011451	1614652011458	OK	 
USER	Not Friendly and Open Scenario	147	END	1614652001422	1614652011459
USER	Not Friendly and Open Scenario	218	START	1614652011501	1614652011501
REQUEST	218		request_1	1614652011502	1614652011511	OK	 
USER	Not Friendly and Open Scenario	219	START	1614652011581	1614652011581
REQUEST	219		request_1	1614652011582	1614652011591	OK	 
USER	Not Friendly and Open Scenario	220	START	1614652011651	1614652011651
REQUEST	148		request_2	1614652011652	1614652011656	OK	 
USER	Not Friendly and Open Scenario	148	END	1614652001621	1614652011656
REQUEST	220		request_1	1614652011652	1614652011658	OK	 
USER	Not Friendly and Open Scenario	221	START	1614652011721	1614652011721
REQUEST	221		request_1	1614652011722	1614652011725	OK	 
USER	Not Friendly and Open Scenario	222	START	1614652011791	1614652011791
REQUEST	222		request_1	1614652011792	1614652011800	OK	 
USER	Not Friendly and Open Scenario	223	START	1614652011862	1614652011862
REQUEST	223		request_1	1614652011863	1614652011871	OK	 
USER	Not Friendly and Open Scenario	224	START	1614652011931	1614652011931
REQUEST	224		request_1	1614652011932	1614652011942	OK	 
REQUEST	149		request_2	1614652011951	1614652011958	OK	 
USER	Not Friendly and Open Scenario	149	END	1614652001825	1614652011959
USER	Not Friendly and Open Scenario	225	START	1614652012001	1614652012001
REQUEST	225		request_1	1614652012002	1614652012011	OK	 
USER	Not Friendly and Open Scenario	226	START	1614652012081	1614652012081
REQUEST	226		request_1	1614652012082	1614652012090	OK	 
USER	Not Friendly and Open Scenario	227	START	1614652012151	1614652012151
REQUEST	227		request_1	1614652012152	1614652012163	OK	 
REQUEST	150		request_2	1614652012162	1614652012170	OK	 
USER	Not Friendly and Open Scenario	150	END	1614652002021	1614652012171
USER	Not Friendly and Open Scenario	228	START	1614652012221	1614652012221
REQUEST	228		request_1	1614652012222	1614652012231	OK	 
REQUEST	151		request_2	1614652012252	1614652012259	OK	 
USER	Not Friendly and Open Scenario	151	END	1614652002222	1614652012260
USER	Not Friendly and Open Scenario	229	START	1614652012294	1614652012294
REQUEST	229		request_1	1614652012295	1614652012306	OK	 
USER	Not Friendly and Open Scenario	230	START	1614652012361	1614652012361
REQUEST	230		request_1	1614652012362	1614652012374	OK	 
USER	Not Friendly and Open Scenario	231	START	1614652012431	1614652012431
REQUEST	231		request_1	1614652012433	1614652012444	OK	 
REQUEST	152		request_2	1614652012451	1614652012460	OK	 
USER	Not Friendly and Open Scenario	152	END	1614652002421	1614652012461
USER	Not Friendly and Open Scenario	232	START	1614652012501	1614652012501
REQUEST	232		request_1	1614652012502	1614652012515	OK	 
USER	Not Friendly and Open Scenario	233	START	1614652012581	1614652012581
REQUEST	233		request_1	1614652012582	1614652012588	OK	 
USER	Not Friendly and Open Scenario	234	START	1614652012651	1614652012651
REQUEST	153		request_2	1614652012651	1614652012664	OK	 
REQUEST	234		request_1	1614652012652	1614652012664	OK	 
USER	Not Friendly and Open Scenario	153	END	1614652002621	1614652012666
USER	Not Friendly and Open Scenario	235	START	1614652012721	1614652012721
REQUEST	235		request_1	1614652012722	1614652012744	OK	 
USER	Not Friendly and Open Scenario	236	START	1614652012791	1614652012791
REQUEST	236		request_1	1614652012792	1614652012803	OK	 
REQUEST	154		request_2	1614652012851	1614652012859	OK	 
USER	Not Friendly and Open Scenario	154	END	1614652002822	1614652012861
USER	Not Friendly and Open Scenario	237	START	1614652012861	1614652012861
REQUEST	237		request_1	1614652012862	1614652012873	OK	 
USER	Not Friendly and Open Scenario	238	START	1614652012932	1614652012932
REQUEST	238		request_1	1614652012933	1614652012949	OK	 
USER	Not Friendly and Open Scenario	239	START	1614652013002	1614652013002
REQUEST	239		request_1	1614652013002	1614652013010	OK	 
REQUEST	155		request_2	1614652013042	1614652013055	OK	 
USER	Not Friendly and Open Scenario	155	END	1614652003021	1614652013058
USER	Not Friendly and Open Scenario	240	START	1614652013082	1614652013082
REQUEST	240		request_1	1614652013082	1614652013094	OK	 
USER	Not Friendly and Open Scenario	241	START	1614652013151	1614652013151
REQUEST	241		request_1	1614652013152	1614652013157	OK	 
USER	Not Friendly and Open Scenario	242	START	1614652013221	1614652013221
REQUEST	242		request_1	1614652013222	1614652013231	OK	 
REQUEST	156		request_2	1614652013252	1614652013259	OK	 
USER	Not Friendly and Open Scenario	156	END	1614652003222	1614652013260
USER	Not Friendly and Open Scenario	243	START	1614652013281	1614652013281
REQUEST	243		request_1	1614652013282	1614652013293	OK	 
USER	Not Friendly and Open Scenario	244	START	1614652013341	1614652013341
REQUEST	244		request_1	1614652013342	1614652013353	OK	 
USER	Not Friendly and Open Scenario	245	START	1614652013401	1614652013401
REQUEST	245		request_1	1614652013402	1614652013409	OK	 
REQUEST	157		request_2	1614652013452	1614652013461	OK	 
USER	Not Friendly and Open Scenario	157	END	1614652003421	1614652013463
USER	Not Friendly and Open Scenario	246	START	1614652013462	1614652013462
REQUEST	246		request_1	1614652013465	1614652013476	OK	 
USER	Not Friendly and Open Scenario	247	START	1614652013511	1614652013511
REQUEST	247		request_1	1614652013512	1614652013522	OK	 
USER	Not Friendly and Open Scenario	248	START	1614652013571	1614652013571
REQUEST	248		request_1	1614652013571	1614652013574	OK	 
USER	Not Friendly and Open Scenario	249	START	1614652013631	1614652013631
REQUEST	249		request_1	1614652013632	1614652013641	OK	 
REQUEST	158		request_2	1614652013652	1614652013659	OK	 
USER	Not Friendly and Open Scenario	158	END	1614652003622	1614652013660
USER	Not Friendly and Open Scenario	250	START	1614652013691	1614652013691
REQUEST	250		request_1	1614652013692	1614652013700	OK	 
USER	Not Friendly and Open Scenario	251	START	1614652013751	1614652013751
REQUEST	251		request_1	1614652013752	1614652013761	OK	 
USER	Not Friendly and Open Scenario	252	START	1614652013811	1614652013811
REQUEST	252		request_1	1614652013812	1614652013822	OK	 
REQUEST	159		request_2	1614652013852	1614652013860	OK	 
USER	Not Friendly and Open Scenario	159	END	1614652003822	1614652013862
USER	Not Friendly and Open Scenario	253	START	1614652013871	1614652013871
REQUEST	253		request_1	1614652013872	1614652013880	OK	 
USER	Not Friendly and Open Scenario	254	START	1614652013932	1614652013932
REQUEST	254		request_1	1614652013932	1614652013935	OK	 
USER	Not Friendly and Open Scenario	255	START	1614652013982	1614652013982
REQUEST	255		request_1	1614652013982	1614652013989	OK	 
USER	Not Friendly and Open Scenario	256	START	1614652014041	1614652014041
REQUEST	256		request_1	1614652014042	1614652014050	OK	 
REQUEST	160		request_2	1614652014052	1614652014058	OK	 
USER	Not Friendly and Open Scenario	160	END	1614652004022	1614652014059
USER	Not Friendly and Open Scenario	257	START	1614652014101	1614652014101
REQUEST	257		request_1	1614652014102	1614652014109	OK	 
USER	Not Friendly and Open Scenario	258	START	1614652014162	1614652014162
REQUEST	258		request_1	1614652014163	1614652014172	OK	 
USER	Not Friendly and Open Scenario	259	START	1614652014221	1614652014221
REQUEST	259		request_1	1614652014222	1614652014231	OK	 
REQUEST	161		request_2	1614652014252	1614652014258	OK	 
USER	Not Friendly and Open Scenario	161	END	1614652004222	1614652014259
USER	Not Friendly and Open Scenario	260	START	1614652014282	1614652014282
REQUEST	260		request_1	1614652014283	1614652014293	OK	 
USER	Not Friendly and Open Scenario	261	START	1614652014341	1614652014341
REQUEST	261		request_1	1614652014342	1614652014350	OK	 
USER	Not Friendly and Open Scenario	262	START	1614652014401	1614652014401
REQUEST	262		request_1	1614652014403	1614652014412	OK	 
REQUEST	162		request_2	1614652014452	1614652014458	OK	 
USER	Not Friendly and Open Scenario	162	END	1614652004421	1614652014459
USER	Not Friendly and Open Scenario	263	START	1614652014462	1614652014462
REQUEST	263		request_1	1614652014462	1614652014471	OK	 
USER	Not Friendly and Open Scenario	264	START	1614652014512	1614652014512
REQUEST	264		request_1	1614652014513	1614652014521	OK	 
USER	Not Friendly and Open Scenario	265	START	1614652014571	1614652014571
REQUEST	265		request_1	1614652014572	1614652014581	OK	 
USER	Not Friendly and Open Scenario	266	START	1614652014631	1614652014631
REQUEST	266		request_1	1614652014632	1614652014639	OK	 
REQUEST	163		request_2	1614652014652	1614652014657	OK	 
USER	Not Friendly and Open Scenario	163	END	1614652004622	1614652014658
USER	Not Friendly and Open Scenario	267	START	1614652014691	1614652014691
REQUEST	267		request_1	1614652014692	1614652014701	OK	 
USER	Not Friendly and Open Scenario	268	START	1614652014751	1614652014751
REQUEST	268		request_1	1614652014752	1614652014759	OK	 
USER	Not Friendly and Open Scenario	269	START	1614652014812	1614652014812
REQUEST	269		request_1	1614652014813	1614652014820	OK	 
REQUEST	164		request_2	1614652014852	1614652014858	OK	 
USER	Not Friendly and Open Scenario	164	END	1614652004821	1614652014859
USER	Not Friendly and Open Scenario	270	START	1614652014871	1614652014871
REQUEST	270		request_1	1614652014872	1614652014881	OK	 
USER	Not Friendly and Open Scenario	271	START	1614652014931	1614652014931
REQUEST	271		request_1	1614652014932	1614652014936	OK	 
USER	Not Friendly and Open Scenario	272	START	1614652014981	1614652014981
REQUEST	272		request_1	1614652014981	1614652014984	OK	 
USER	Not Friendly and Open Scenario	273	START	1614652015041	1614652015041
REQUEST	273		request_1	1614652015041	1614652015049	OK	 
REQUEST	165		request_2	1614652015051	1614652015057	OK	 
USER	Not Friendly and Open Scenario	165	END	1614652005021	1614652015058
USER	Not Friendly and Open Scenario	274	START	1614652015101	1614652015101
REQUEST	274		request_1	1614652015102	1614652015110	OK	 
USER	Not Friendly and Open Scenario	275	START	1614652015161	1614652015161
REQUEST	275		request_1	1614652015162	1614652015170	OK	 
USER	Not Friendly and Open Scenario	276	START	1614652015221	1614652015221
REQUEST	276		request_1	1614652015222	1614652015230	OK	 
REQUEST	166		request_2	1614652015242	1614652015248	OK	 
USER	Not Friendly and Open Scenario	166	END	1614652005221	1614652015249
USER	Not Friendly and Open Scenario	277	START	1614652015271	1614652015271
REQUEST	277		request_1	1614652015272	1614652015280	OK	 
USER	Not Friendly and Open Scenario	278	START	1614652015321	1614652015321
REQUEST	278		request_1	1614652015322	1614652015330	OK	 
USER	Not Friendly and Open Scenario	279	START	1614652015371	1614652015371
REQUEST	279		request_1	1614652015372	1614652015381	OK	 
USER	Not Friendly and Open Scenario	280	START	1614652015422	1614652015422
REQUEST	280		request_1	1614652015422	1614652015430	OK	 
REQUEST	167		request_2	1614652015452	1614652015458	OK	 
USER	Not Friendly and Open Scenario	167	END	1614652005421	1614652015459
USER	Not Friendly and Open Scenario	281	START	1614652015471	1614652015471
REQUEST	281		request_1	1614652015472	1614652015481	OK	 
USER	Not Friendly and Open Scenario	282	START	1614652015521	1614652015521
REQUEST	282		request_1	1614652015522	1614652015530	OK	 
USER	Not Friendly and Open Scenario	283	START	1614652015571	1614652015571
REQUEST	283		request_1	1614652015572	1614652015581	OK	 
USER	Not Friendly and Open Scenario	284	START	1614652015621	1614652015621
REQUEST	284		request_1	1614652015622	1614652015626	OK	 
REQUEST	168		request_2	1614652015651	1614652015654	OK	 
USER	Not Friendly and Open Scenario	168	END	1614652005622	1614652015655
USER	Not Friendly and Open Scenario	285	START	1614652015671	1614652015671
REQUEST	285		request_1	1614652015672	1614652015677	OK	 
USER	Not Friendly and Open Scenario	286	START	1614652015721	1614652015721
REQUEST	286		request_1	1614652015722	1614652015729	OK	 
USER	Not Friendly and Open Scenario	287	START	1614652015771	1614652015771
REQUEST	287		request_1	1614652015772	1614652015779	OK	 
USER	Not Friendly and Open Scenario	288	START	1614652015822	1614652015822
REQUEST	288		request_1	1614652015822	1614652015830	OK	 
REQUEST	169		request_2	1614652015852	1614652015858	OK	 
USER	Not Friendly and Open Scenario	169	END	1614652005821	1614652015859
USER	Not Friendly and Open Scenario	289	START	1614652015872	1614652015872
REQUEST	289		request_1	1614652015872	1614652015881	OK	 
USER	Not Friendly and Open Scenario	290	START	1614652015921	1614652015921
REQUEST	290		request_1	1614652015922	1614652015931	OK	 
USER	Not Friendly and Open Scenario	291	START	1614652015971	1614652015971
REQUEST	291		request_1	1614652015971	1614652015980	OK	 
USER	Not Friendly and Open Scenario	292	START	1614652016021	1614652016021
REQUEST	292		request_1	1614652016022	1614652016025	OK	 
REQUEST	170		request_2	1614652016051	1614652016053	OK	 
USER	Not Friendly and Open Scenario	170	END	1614652006021	1614652016054
USER	Not Friendly and Open Scenario	293	START	1614652016071	1614652016071
REQUEST	293		request_1	1614652016072	1614652016080	OK	 
USER	Not Friendly and Open Scenario	294	START	1614652016122	1614652016122
REQUEST	294		request_1	1614652016122	1614652016130	OK	 
USER	Not Friendly and Open Scenario	295	START	1614652016172	1614652016172
REQUEST	295		request_1	1614652016172	1614652016180	OK	 
USER	Not Friendly and Open Scenario	296	START	1614652016222	1614652016222
REQUEST	296		request_1	1614652016222	1614652016233	OK	 
REQUEST	171		request_2	1614652016271	1614652016278	OK	 
USER	Not Friendly and Open Scenario	171	END	1614652006222	1614652016279
REQUEST	172		request_2	1614652016481	1614652016488	OK	 
USER	Not Friendly and Open Scenario	172	END	1614652006421	1614652016489
REQUEST	173		request_2	1614652016652	1614652016658	OK	 
USER	Not Friendly and Open Scenario	173	END	1614652006621	1614652016659
REQUEST	174		request_2	1614652016852	1614652016858	OK	 
USER	Not Friendly and Open Scenario	174	END	1614652006822	1614652016859
REQUEST	175		request_2	1614652017051	1614652017057	OK	 
USER	Not Friendly and Open Scenario	175	END	1614652007021	1614652017058
REQUEST	176		request_2	1614652017251	1614652017258	OK	 
USER	Not Friendly and Open Scenario	176	END	1614652007222	1614652017259
REQUEST	177		request_2	1614652017382	1614652017387	OK	 
USER	Not Friendly and Open Scenario	177	END	1614652007351	1614652017389
REQUEST	178		request_2	1614652017501	1614652017507	OK	 
USER	Not Friendly and Open Scenario	178	END	1614652007472	1614652017508
REQUEST	179		request_2	1614652017631	1614652017638	OK	 
USER	Not Friendly and Open Scenario	179	END	1614652007602	1614652017639
USER	Not Friendly and Open Scenario	297	START	1614652017721	1614652017721
REQUEST	297		request_1	1614652017722	1614652017730	OK	 
REQUEST	180		request_2	1614652017751	1614652017756	OK	 
USER	Not Friendly and Open Scenario	180	END	1614652007722	1614652017758
REQUEST	181		request_2	1614652017881	1614652017888	OK	 
USER	Not Friendly and Open Scenario	181	END	1614652007851	1614652017889
REQUEST	182		request_2	1614652018002	1614652018009	OK	 
USER	Not Friendly and Open Scenario	182	END	1614652007971	1614652018010
REQUEST	183		request_2	1614652018132	1614652018137	OK	 
USER	Not Friendly and Open Scenario	183	END	1614652008101	1614652018138
REQUEST	184		request_2	1614652018251	1614652018257	OK	 
USER	Not Friendly and Open Scenario	184	END	1614652008221	1614652018258
REQUEST	185		request_2	1614652018371	1614652018378	OK	 
USER	Not Friendly and Open Scenario	185	END	1614652008342	1614652018379
REQUEST	186		request_2	1614652018491	1614652018498	OK	 
USER	Not Friendly and Open Scenario	186	END	1614652008471	1614652018499
REQUEST	187		request_2	1614652018622	1614652018628	OK	 
USER	Not Friendly and Open Scenario	187	END	1614652008592	1614652018629
REQUEST	188		request_2	1614652018751	1614652018757	OK	 
USER	Not Friendly and Open Scenario	188	END	1614652008721	1614652018759
USER	Not Friendly and Open Scenario	298	START	1614652018781	1614652018781
REQUEST	298		request_1	1614652018782	1614652018790	OK	 
REQUEST	189		request_2	1614652018872	1614652018878	OK	 
USER	Not Friendly and Open Scenario	189	END	1614652008841	1614652018880
REQUEST	190		request_2	1614652019002	1614652019008	OK	 
USER	Not Friendly and Open Scenario	190	END	1614652008971	1614652019009
REQUEST	191		request_2	1614652019122	1614652019128	OK	 
USER	Not Friendly and Open Scenario	191	END	1614652009092	1614652019129
REQUEST	192		request_2	1614652019252	1614652019254	OK	 
USER	Not Friendly and Open Scenario	192	END	1614652009222	1614652019254
REQUEST	193		request_2	1614652019342	1614652019348	OK	 
USER	Not Friendly and Open Scenario	193	END	1614652009312	1614652019349
REQUEST	194		request_2	1614652019432	1614652019439	OK	 
USER	Not Friendly and Open Scenario	194	END	1614652009402	1614652019440
REQUEST	195		request_2	1614652019522	1614652019529	OK	 
USER	Not Friendly and Open Scenario	195	END	1614652009491	1614652019530
REQUEST	196		request_2	1614652019602	1614652019608	OK	 
USER	Not Friendly and Open Scenario	196	END	1614652009581	1614652019610
USER	Not Friendly and Open Scenario	299	START	1614652019662	1614652019662
REQUEST	299		request_1	1614652019662	1614652019670	OK	 
REQUEST	197		request_2	1614652019701	1614652019708	OK	 
USER	Not Friendly and Open Scenario	197	END	1614652009671	1614652019709
REQUEST	198		request_2	1614652019802	1614652019809	OK	 
USER	Not Friendly and Open Scenario	198	END	1614652009771	1614652019810
REQUEST	199		request_2	1614652019892	1614652019899	OK	 
USER	Not Friendly and Open Scenario	199	END	1614652009861	1614652019900
REQUEST	200		request_2	1614652019982	1614652019989	OK	 
USER	Not Friendly and Open Scenario	200	END	1614652009952	1614652019990
REQUEST	201		request_2	1614652020071	1614652020078	OK	 
USER	Not Friendly and Open Scenario	201	END	1614652010041	1614652020079
REQUEST	202		request_2	1614652020162	1614652020168	OK	 
USER	Not Friendly and Open Scenario	202	END	1614652010131	1614652020170
REQUEST	203		request_2	1614652020252	1614652020258	OK	 
USER	Not Friendly and Open Scenario	203	END	1614652010222	1614652020259
REQUEST	204		request_2	1614652020341	1614652020343	OK	 
USER	Not Friendly and Open Scenario	204	END	1614652010311	1614652020344
REQUEST	205		request_2	1614652020422	1614652020429	OK	 
USER	Not Friendly and Open Scenario	205	END	1614652010401	1614652020430
USER	Not Friendly and Open Scenario	300	START	1614652020461	1614652020461
REQUEST	300		request_1	1614652020461	1614652020468	OK	 
REQUEST	206		request_2	1614652020522	1614652020527	OK	 
USER	Not Friendly and Open Scenario	206	END	1614652010491	1614652020528
REQUEST	207		request_2	1614652020601	1614652020608	OK	 
USER	Not Friendly and Open Scenario	207	END	1614652010581	1614652020609
REQUEST	208		request_2	1614652020701	1614652020708	OK	 
USER	Not Friendly and Open Scenario	208	END	1614652010672	1614652020709
REQUEST	209		request_2	1614652020802	1614652020809	OK	 
USER	Not Friendly and Open Scenario	209	END	1614652010772	1614652020810
REQUEST	210		request_2	1614652020891	1614652020896	OK	 
USER	Not Friendly and Open Scenario	210	END	1614652010861	1614652020897
REQUEST	211		request_2	1614652020981	1614652020989	OK	 
USER	Not Friendly and Open Scenario	211	END	1614652010951	1614652020990
REQUEST	212		request_2	1614652021071	1614652021078	OK	 
USER	Not Friendly and Open Scenario	212	END	1614652011042	1614652021080
REQUEST	213		request_2	1614652021161	1614652021169	OK	 
USER	Not Friendly and Open Scenario	213	END	1614652011131	1614652021171
USER	Not Friendly and Open Scenario	301	START	1614652021221	1614652021221
REQUEST	301		request_1	1614652021222	1614652021236	OK	 
REQUEST	214		request_2	1614652021252	1614652021256	OK	 
USER	Not Friendly and Open Scenario	214	END	1614652011221	1614652021256
REQUEST	215		request_2	1614652021321	1614652021325	OK	 
USER	Not Friendly and Open Scenario	215	END	1614652011291	1614652021325
REQUEST	216		request_2	1614652021381	1614652021385	OK	 
USER	Not Friendly and Open Scenario	216	END	1614652011361	1614652021386
REQUEST	217		request_2	1614652021452	1614652021455	OK	 
USER	Not Friendly and Open Scenario	217	END	1614652011431	1614652021456
REQUEST	218		request_2	1614652021531	1614652021539	OK	 
USER	Not Friendly and Open Scenario	218	END	1614652011501	1614652021540
REQUEST	219		request_2	1614652021611	1614652021620	OK	 
USER	Not Friendly and Open Scenario	219	END	1614652011581	1614652021622
REQUEST	220		request_2	1614652021672	1614652021681	OK	 
USER	Not Friendly and Open Scenario	220	END	1614652011651	1614652021683
REQUEST	221		request_2	1614652021741	1614652021750	OK	 
USER	Not Friendly and Open Scenario	221	END	1614652011721	1614652021752
REQUEST	222		request_2	1614652021812	1614652021820	OK	 
USER	Not Friendly and Open Scenario	222	END	1614652011791	1614652021821
REQUEST	223		request_2	1614652021892	1614652021899	OK	 
USER	Not Friendly and Open Scenario	223	END	1614652011862	1614652021901
REQUEST	224		request_2	1614652021961	1614652021968	OK	 
USER	Not Friendly and Open Scenario	224	END	1614652011931	1614652021969
USER	Not Friendly and Open Scenario	302	START	1614652021981	1614652021981
REQUEST	302		request_1	1614652021982	1614652021989	OK	 
REQUEST	225		request_2	1614652022032	1614652022038	OK	 
USER	Not Friendly and Open Scenario	225	END	1614652012001	1614652022039
REQUEST	226		request_2	1614652022102	1614652022109	OK	 
USER	Not Friendly and Open Scenario	226	END	1614652012081	1614652022110
REQUEST	227		request_2	1614652022181	1614652022187	OK	 
USER	Not Friendly and Open Scenario	227	END	1614652012151	1614652022188
REQUEST	228		request_2	1614652022252	1614652022259	OK	 
USER	Not Friendly and Open Scenario	228	END	1614652012221	1614652022260
REQUEST	229		request_2	1614652022322	1614652022324	OK	 
USER	Not Friendly and Open Scenario	229	END	1614652012294	1614652022325
REQUEST	230		request_2	1614652022392	1614652022394	OK	 
USER	Not Friendly and Open Scenario	230	END	1614652012361	1614652022394
REQUEST	231		request_2	1614652022461	1614652022467	OK	 
USER	Not Friendly and Open Scenario	231	END	1614652012431	1614652022468
REQUEST	232		request_2	1614652022532	1614652022537	OK	 
USER	Not Friendly and Open Scenario	232	END	1614652012501	1614652022538
REQUEST	233		request_2	1614652022601	1614652022608	OK	 
USER	Not Friendly and Open Scenario	233	END	1614652012581	1614652022609
REQUEST	234		request_2	1614652022682	1614652022687	OK	 
USER	Not Friendly and Open Scenario	234	END	1614652012651	1614652022688
REQUEST	235		request_2	1614652022762	1614652022767	OK	 
USER	Not Friendly and Open Scenario	235	END	1614652012721	1614652022768
USER	Not Friendly and Open Scenario	303	START	1614652022781	1614652022781
REQUEST	303		request_1	1614652022781	1614652022788	OK	 
REQUEST	236		request_2	1614652022822	1614652022828	OK	 
USER	Not Friendly and Open Scenario	236	END	1614652012791	1614652022829
REQUEST	237		request_2	1614652022892	1614652022898	OK	 
USER	Not Friendly and Open Scenario	237	END	1614652012861	1614652022899
REQUEST	238		request_2	1614652022962	1614652022968	OK	 
USER	Not Friendly and Open Scenario	238	END	1614652012932	1614652022969
REQUEST	239		request_2	1614652023022	1614652023028	OK	 
USER	Not Friendly and Open Scenario	239	END	1614652013002	1614652023029
REQUEST	240		request_2	1614652023111	1614652023117	OK	 
USER	Not Friendly and Open Scenario	240	END	1614652013082	1614652023119
REQUEST	241		request_2	1614652023172	1614652023178	OK	 
USER	Not Friendly and Open Scenario	241	END	1614652013151	1614652023179
REQUEST	242		request_2	1614652023252	1614652023258	OK	 
USER	Not Friendly and Open Scenario	242	END	1614652013221	1614652023259
REQUEST	243		request_2	1614652023311	1614652023317	OK	 
USER	Not Friendly and Open Scenario	243	END	1614652013281	1614652023318
REQUEST	244		request_2	1614652023372	1614652023378	OK	 
USER	Not Friendly and Open Scenario	244	END	1614652013341	1614652023379
REQUEST	245		request_2	1614652023421	1614652023425	OK	 
USER	Not Friendly and Open Scenario	245	END	1614652013401	1614652023425
REQUEST	246		request_2	1614652023491	1614652023493	OK	 
USER	Not Friendly and Open Scenario	246	END	1614652013462	1614652023494
REQUEST	247		request_2	1614652023541	1614652023547	OK	 
USER	Not Friendly and Open Scenario	247	END	1614652013511	1614652023548
REQUEST	248		request_2	1614652023591	1614652023597	OK	 
USER	Not Friendly and Open Scenario	248	END	1614652013571	1614652023598
USER	Not Friendly and Open Scenario	304	START	1614652023661	1614652023661
REQUEST	249		request_2	1614652023662	1614652023669	OK	 
USER	Not Friendly and Open Scenario	249	END	1614652013631	1614652023670
REQUEST	304		request_1	1614652023662	1614652023671	OK	 
REQUEST	250		request_2	1614652023712	1614652023718	OK	 
USER	Not Friendly and Open Scenario	250	END	1614652013691	1614652023719
REQUEST	251		request_2	1614652023781	1614652023788	OK	 
USER	Not Friendly and Open Scenario	251	END	1614652013751	1614652023789
REQUEST	252		request_2	1614652023842	1614652023848	OK	 
USER	Not Friendly and Open Scenario	252	END	1614652013811	1614652023849
REQUEST	253		request_2	1614652023902	1614652023908	OK	 
USER	Not Friendly and Open Scenario	253	END	1614652013871	1614652023909
REQUEST	254		request_2	1614652023951	1614652023957	OK	 
USER	Not Friendly and Open Scenario	254	END	1614652013932	1614652023958
REQUEST	255		request_2	1614652024001	1614652024007	OK	 
USER	Not Friendly and Open Scenario	255	END	1614652013982	1614652024009
REQUEST	256		request_2	1614652024061	1614652024068	OK	 
USER	Not Friendly and Open Scenario	256	END	1614652014041	1614652024069
REQUEST	257		request_2	1614652024122	1614652024127	OK	 
USER	Not Friendly and Open Scenario	257	END	1614652014101	1614652024129
REQUEST	258		request_2	1614652024191	1614652024198	OK	 
USER	Not Friendly and Open Scenario	258	END	1614652014162	1614652024200
REQUEST	259		request_2	1614652024242	1614652024250	OK	 
USER	Not Friendly and Open Scenario	259	END	1614652014221	1614652024251
REQUEST	260		request_2	1614652024302	1614652024309	OK	 
USER	Not Friendly and Open Scenario	260	END	1614652014282	1614652024310
REQUEST	261		request_2	1614652024361	1614652024368	OK	 
USER	Not Friendly and Open Scenario	261	END	1614652014341	1614652024369
REQUEST	262		request_2	1614652024432	1614652024438	OK	 
USER	Not Friendly and Open Scenario	262	END	1614652014401	1614652024439
REQUEST	263		request_2	1614652024492	1614652024494	OK	 
USER	Not Friendly and Open Scenario	263	END	1614652014462	1614652024495
REQUEST	264		request_2	1614652024542	1614652024544	OK	 
USER	Not Friendly and Open Scenario	264	END	1614652014512	1614652024544
REQUEST	265		request_2	1614652024601	1614652024607	OK	 
USER	Not Friendly and Open Scenario	265	END	1614652014571	1614652024608
REQUEST	266		request_2	1614652024651	1614652024657	OK	 
USER	Not Friendly and Open Scenario	266	END	1614652014631	1614652024658
USER	Not Friendly and Open Scenario	305	START	1614652024722	1614652024722
REQUEST	267		request_2	1614652024722	1614652024729	OK	 
REQUEST	305		request_1	1614652024722	1614652024729	OK	 
USER	Not Friendly and Open Scenario	267	END	1614652014691	1614652024730
REQUEST	268		request_2	1614652024772	1614652024778	OK	 
USER	Not Friendly and Open Scenario	268	END	1614652014751	1614652024779
REQUEST	269		request_2	1614652024831	1614652024837	OK	 
USER	Not Friendly and Open Scenario	269	END	1614652014812	1614652024838
REQUEST	270		request_2	1614652024901	1614652024908	OK	 
USER	Not Friendly and Open Scenario	270	END	1614652014871	1614652024909
REQUEST	271		request_2	1614652024951	1614652024958	OK	 
USER	Not Friendly and Open Scenario	271	END	1614652014931	1614652024958
REQUEST	272		request_2	1614652025002	1614652025008	OK	 
USER	Not Friendly and Open Scenario	272	END	1614652014981	1614652025009
REQUEST	273		request_2	1614652025061	1614652025067	OK	 
USER	Not Friendly and Open Scenario	273	END	1614652015041	1614652025068
REQUEST	274		request_2	1614652025122	1614652025128	OK	 
USER	Not Friendly and Open Scenario	274	END	1614652015101	1614652025129
REQUEST	275		request_2	1614652025181	1614652025187	OK	 
USER	Not Friendly and Open Scenario	275	END	1614652015161	1614652025188
REQUEST	276		request_2	1614652025242	1614652025247	OK	 
USER	Not Friendly and Open Scenario	276	END	1614652015221	1614652025248
REQUEST	277		request_2	1614652025292	1614652025298	OK	 
USER	Not Friendly and Open Scenario	277	END	1614652015271	1614652025299
REQUEST	278		request_2	1614652025342	1614652025348	OK	 
USER	Not Friendly and Open Scenario	278	END	1614652015321	1614652025348
REQUEST	279		request_2	1614652025392	1614652025397	OK	 
USER	Not Friendly and Open Scenario	279	END	1614652015371	1614652025398
REQUEST	280		request_2	1614652025442	1614652025448	OK	 
USER	Not Friendly and Open Scenario	280	END	1614652015422	1614652025449
REQUEST	281		request_2	1614652025501	1614652025507	OK	 
USER	Not Friendly and Open Scenario	281	END	1614652015471	1614652025508
REQUEST	282		request_2	1614652025541	1614652025546	OK	 
USER	Not Friendly and Open Scenario	282	END	1614652015521	1614652025546
REQUEST	283		request_2	1614652025602	1614652025604	OK	 
USER	Not Friendly and Open Scenario	283	END	1614652015571	1614652025604
REQUEST	284		request_2	1614652025641	1614652025644	OK	 
USER	Not Friendly and Open Scenario	284	END	1614652015621	1614652025645
REQUEST	285		request_2	1614652025691	1614652025696	OK	 
USER	Not Friendly and Open Scenario	285	END	1614652015671	1614652025697
REQUEST	286		request_2	1614652025742	1614652025747	OK	 
USER	Not Friendly and Open Scenario	286	END	1614652015721	1614652025748
REQUEST	287		request_2	1614652025792	1614652025797	OK	 
USER	Not Friendly and Open Scenario	287	END	1614652015771	1614652025798
REQUEST	288		request_2	1614652025852	1614652025858	OK	 
USER	Not Friendly and Open Scenario	288	END	1614652015822	1614652025859
REQUEST	289		request_2	1614652025902	1614652025908	OK	 
USER	Not Friendly and Open Scenario	289	END	1614652015872	1614652025909
REQUEST	290		request_2	1614652025942	1614652025947	OK	 
USER	Not Friendly and Open Scenario	290	END	1614652015921	1614652025948
REQUEST	291		request_2	1614652025991	1614652025997	OK	 
USER	Not Friendly and Open Scenario	291	END	1614652015971	1614652025998
REQUEST	292		request_2	1614652026042	1614652026048	OK	 
USER	Not Friendly and Open Scenario	292	END	1614652016021	1614652026049
REQUEST	293		request_2	1614652026092	1614652026098	OK	 
USER	Not Friendly and Open Scenario	293	END	1614652016071	1614652026099
REQUEST	294		request_2	1614652026142	1614652026147	OK	 
USER	Not Friendly and Open Scenario	294	END	1614652016122	1614652026148
REQUEST	295		request_2	1614652026191	1614652026197	OK	 
USER	Not Friendly and Open Scenario	295	END	1614652016172	1614652026198
REQUEST	296		request_2	1614652026251	1614652026257	OK	 
USER	Not Friendly and Open Scenario	296	END	1614652016222	1614652026257
REQUEST	297		request_2	1614652027741	1614652027743	OK	 
USER	Not Friendly and Open Scenario	297	END	1614652017721	1614652027743
REQUEST	298		request_2	1614652028801	1614652028803	OK	 
USER	Not Friendly and Open Scenario	298	END	1614652018781	1614652028804
REQUEST	299		request_2	1614652029692	1614652029697	OK	 
USER	Not Friendly and Open Scenario	299	END	1614652019662	1614652029698
REQUEST	300		request_2	1614652030481	1614652030487	OK	 
USER	Not Friendly and Open Scenario	300	END	1614652020461	1614652030488
REQUEST	301		request_2	1614652031251	1614652031257	OK	 
USER	Not Friendly and Open Scenario	301	END	1614652021221	1614652031257
REQUEST	302		request_2	1614652032001	1614652032003	OK	 
USER	Not Friendly and Open Scenario	302	END	1614652021981	1614652032003
REQUEST	303		request_2	1614652032801	1614652032807	OK	 
USER	Not Friendly and Open Scenario	303	END	1614652022781	1614652032808
REQUEST	304		request_2	1614652033682	1614652033688	OK	 
USER	Not Friendly and Open Scenario	304	END	1614652023661	1614652033689
REQUEST	305		request_2	1614652034741	1614652034747	OK	 
USER	Not Friendly and Open Scenario	305	END	1614652024722	1614652034748
